{"/Users/ericmorrison/Desktop/revature/homework/quiz/environment.ts": {"path":"/Users/ericmorrison/Desktop/revature/homework/quiz/environment.ts","statementMap":{"0":{"start":{"line":1,"column":12},"end":{"line":3,"column":1}},"1":{"start":{"line":4,"column":13},"end":{"line":6,"column":1}},"2":{"start":{"line":13,"column":13},"end":{"line":13,"column":77}}},"fnMap":{},"branchMap":{"0":{"loc":{"start":{"line":13,"column":67},"end":{"line":13,"column":71}},"type":"cond-expr","locations":[{"start":{"line":13,"column":67},"end":{"line":13,"column":71}},{"start":{"line":13,"column":74},"end":{"line":13,"column":77}}]}},"s":{"0":5,"1":5,"2":5},"f":{},"b":{"0":[0,5]}}
,"/Users/ericmorrison/Desktop/revature/homework/quiz/client/app/path-list.ts": {"path":"/Users/ericmorrison/Desktop/revature/homework/quiz/client/app/path-list.ts","statementMap":{"0":{"start":{"line":2,"column":0},"end":{"line":2,"column":64}},"1":{"start":{"line":9,"column":16},"end":{"line":9,"column":77}},"2":{"start":{"line":12,"column":2},"end":{"line":12,"column":71}},"3":{"start":{"line":15,"column":2},"end":{"line":15,"column":77}},"4":{"start":{"line":18,"column":2},"end":{"line":18,"column":76}},"5":{"start":{"line":21,"column":2},"end":{"line":21,"column":67}},"6":{"start":{"line":24,"column":2},"end":{"line":24,"column":67}},"7":{"start":{"line":27,"column":2},"end":{"line":27,"column":75}},"8":{"start":{"line":30,"column":2},"end":{"line":30,"column":80}},"9":{"start":{"line":33,"column":2},"end":{"line":33,"column":68}},"10":{"start":{"line":36,"column":2},"end":{"line":36,"column":73}},"11":{"start":{"line":38,"column":20},"end":{"line":38,"column":22}},"12":{"start":{"line":41,"column":2},"end":{"line":41,"column":75}},"13":{"start":{"line":44,"column":2},"end":{"line":44,"column":72}},"14":{"start":{"line":47,"column":2},"end":{"line":47,"column":68}},"15":{"start":{"line":50,"column":2},"end":{"line":50,"column":68}},"16":{"start":{"line":53,"column":2},"end":{"line":53,"column":68}},"17":{"start":{"line":56,"column":2},"end":{"line":56,"column":78}},"18":{"start":{"line":59,"column":2},"end":{"line":59,"column":75}},"19":{"start":{"line":65,"column":2},"end":{"line":65,"column":81}},"20":{"start":{"line":68,"column":2},"end":{"line":68,"column":81}},"21":{"start":{"line":71,"column":2},"end":{"line":71,"column":77}},"22":{"start":{"line":74,"column":2},"end":{"line":74,"column":69}},"23":{"start":{"line":77,"column":2},"end":{"line":77,"column":68}},"24":{"start":{"line":80,"column":2},"end":{"line":80,"column":78}},"25":{"start":{"line":96,"column":0},"end":{"line":215,"column":1}},"26":{"start":{"line":99,"column":6},"end":{"line":99,"column":77}},"27":{"start":{"line":99,"column":68},"end":{"line":99,"column":76}},"28":{"start":{"line":102,"column":6},"end":{"line":102,"column":69}},"29":{"start":{"line":102,"column":60},"end":{"line":102,"column":68}},"30":{"start":{"line":105,"column":6},"end":{"line":107,"column":30}},"31":{"start":{"line":107,"column":21},"end":{"line":107,"column":29}},"32":{"start":{"line":110,"column":6},"end":{"line":112,"column":30}},"33":{"start":{"line":112,"column":21},"end":{"line":112,"column":29}},"34":{"start":{"line":115,"column":6},"end":{"line":117,"column":30}},"35":{"start":{"line":117,"column":21},"end":{"line":117,"column":29}},"36":{"start":{"line":120,"column":6},"end":{"line":122,"column":30}},"37":{"start":{"line":122,"column":21},"end":{"line":122,"column":29}},"38":{"start":{"line":126,"column":18},"end":{"line":126,"column":79}},"39":{"start":{"line":126,"column":70},"end":{"line":126,"column":78}},"40":{"start":{"line":129,"column":6},"end":{"line":129,"column":69}},"41":{"start":{"line":129,"column":60},"end":{"line":129,"column":68}},"42":{"start":{"line":132,"column":6},"end":{"line":132,"column":75}},"43":{"start":{"line":132,"column":66},"end":{"line":132,"column":74}},"44":{"start":{"line":135,"column":6},"end":{"line":135,"column":78}},"45":{"start":{"line":135,"column":69},"end":{"line":135,"column":77}},"46":{"start":{"line":138,"column":6},"end":{"line":138,"column":75}},"47":{"start":{"line":138,"column":66},"end":{"line":138,"column":74}},"48":{"start":{"line":141,"column":6},"end":{"line":141,"column":69}},"49":{"start":{"line":141,"column":60},"end":{"line":141,"column":68}},"50":{"start":{"line":144,"column":6},"end":{"line":144,"column":71}},"51":{"start":{"line":144,"column":62},"end":{"line":144,"column":70}},"52":{"start":{"line":148,"column":6},"end":{"line":148,"column":77}},"53":{"start":{"line":148,"column":68},"end":{"line":148,"column":76}},"54":{"start":{"line":156,"column":6},"end":{"line":158,"column":30}},"55":{"start":{"line":158,"column":21},"end":{"line":158,"column":29}},"56":{"start":{"line":161,"column":6},"end":{"line":161,"column":76}},"57":{"start":{"line":161,"column":67},"end":{"line":161,"column":75}},"58":{"start":{"line":164,"column":6},"end":{"line":169,"column":30}},"59":{"start":{"line":169,"column":21},"end":{"line":169,"column":29}},"60":{"start":{"line":172,"column":6},"end":{"line":174,"column":30}},"61":{"start":{"line":174,"column":21},"end":{"line":174,"column":29}},"62":{"start":{"line":179,"column":6},"end":{"line":181,"column":30}},"63":{"start":{"line":181,"column":21},"end":{"line":181,"column":29}},"64":{"start":{"line":184,"column":6},"end":{"line":184,"column":75}},"65":{"start":{"line":184,"column":66},"end":{"line":184,"column":74}},"66":{"start":{"line":187,"column":6},"end":{"line":189,"column":30}},"67":{"start":{"line":189,"column":21},"end":{"line":189,"column":29}},"68":{"start":{"line":192,"column":6},"end":{"line":192,"column":78}},"69":{"start":{"line":192,"column":69},"end":{"line":192,"column":77}},"70":{"start":{"line":195,"column":6},"end":{"line":197,"column":30}},"71":{"start":{"line":197,"column":21},"end":{"line":197,"column":29}},"72":{"start":{"line":200,"column":6},"end":{"line":200,"column":80}},"73":{"start":{"line":200,"column":71},"end":{"line":200,"column":79}},"74":{"start":{"line":210,"column":6},"end":{"line":210,"column":76}},"75":{"start":{"line":210,"column":67},"end":{"line":210,"column":75}},"76":{"start":{"line":213,"column":6},"end":{"line":213,"column":64}},"77":{"start":{"line":213,"column":55},"end":{"line":213,"column":63}}},"fnMap":{"0":{"name":"(anonymous_0)","decl":{"start":{"line":98,"column":17},"end":{"line":98,"column":27}},"loc":{"start":{"line":99,"column":6},"end":{"line":99,"column":77}}},"1":{"name":"(anonymous_1)","decl":{"start":{"line":99,"column":61},"end":{"line":99,"column":63}},"loc":{"start":{"line":99,"column":68},"end":{"line":99,"column":76}}},"2":{"name":"(anonymous_2)","decl":{"start":{"line":101,"column":13},"end":{"line":101,"column":19}},"loc":{"start":{"line":102,"column":6},"end":{"line":102,"column":69}}},"3":{"name":"(anonymous_3)","decl":{"start":{"line":102,"column":53},"end":{"line":102,"column":55}},"loc":{"start":{"line":102,"column":60},"end":{"line":102,"column":68}}},"4":{"name":"(anonymous_4)","decl":{"start":{"line":104,"column":22},"end":{"line":104,"column":33}},"loc":{"start":{"line":105,"column":6},"end":{"line":107,"column":30}}},"5":{"name":"(anonymous_5)","decl":{"start":{"line":107,"column":14},"end":{"line":107,"column":16}},"loc":{"start":{"line":107,"column":21},"end":{"line":107,"column":29}}},"6":{"name":"(anonymous_6)","decl":{"start":{"line":109,"column":17},"end":{"line":109,"column":18}},"loc":{"start":{"line":110,"column":6},"end":{"line":112,"column":30}}},"7":{"name":"(anonymous_7)","decl":{"start":{"line":112,"column":14},"end":{"line":112,"column":16}},"loc":{"start":{"line":112,"column":21},"end":{"line":112,"column":29}}},"8":{"name":"(anonymous_8)","decl":{"start":{"line":114,"column":24},"end":{"line":114,"column":33}},"loc":{"start":{"line":115,"column":6},"end":{"line":117,"column":30}}},"9":{"name":"(anonymous_9)","decl":{"start":{"line":117,"column":14},"end":{"line":117,"column":16}},"loc":{"start":{"line":117,"column":21},"end":{"line":117,"column":29}}},"10":{"name":"(anonymous_10)","decl":{"start":{"line":119,"column":19},"end":{"line":119,"column":20}},"loc":{"start":{"line":120,"column":6},"end":{"line":122,"column":30}}},"11":{"name":"(anonymous_11)","decl":{"start":{"line":122,"column":14},"end":{"line":122,"column":16}},"loc":{"start":{"line":122,"column":21},"end":{"line":122,"column":29}}},"12":{"name":"(anonymous_12)","decl":{"start":{"line":126,"column":10},"end":{"line":126,"column":13}},"loc":{"start":{"line":126,"column":18},"end":{"line":126,"column":79}}},"13":{"name":"(anonymous_13)","decl":{"start":{"line":126,"column":63},"end":{"line":126,"column":65}},"loc":{"start":{"line":126,"column":70},"end":{"line":126,"column":78}}},"14":{"name":"(anonymous_14)","decl":{"start":{"line":128,"column":12},"end":{"line":128,"column":15}},"loc":{"start":{"line":129,"column":6},"end":{"line":129,"column":69}}},"15":{"name":"(anonymous_15)","decl":{"start":{"line":129,"column":53},"end":{"line":129,"column":55}},"loc":{"start":{"line":129,"column":60},"end":{"line":129,"column":68}}},"16":{"name":"(anonymous_16)","decl":{"start":{"line":131,"column":13},"end":{"line":131,"column":18}},"loc":{"start":{"line":132,"column":6},"end":{"line":132,"column":75}}},"17":{"name":"(anonymous_17)","decl":{"start":{"line":132,"column":59},"end":{"line":132,"column":61}},"loc":{"start":{"line":132,"column":66},"end":{"line":132,"column":74}}},"18":{"name":"(anonymous_18)","decl":{"start":{"line":134,"column":25},"end":{"line":134,"column":28}},"loc":{"start":{"line":135,"column":6},"end":{"line":135,"column":78}}},"19":{"name":"(anonymous_19)","decl":{"start":{"line":135,"column":62},"end":{"line":135,"column":64}},"loc":{"start":{"line":135,"column":69},"end":{"line":135,"column":77}}},"20":{"name":"(anonymous_20)","decl":{"start":{"line":137,"column":20},"end":{"line":137,"column":25}},"loc":{"start":{"line":138,"column":6},"end":{"line":138,"column":75}}},"21":{"name":"(anonymous_21)","decl":{"start":{"line":138,"column":59},"end":{"line":138,"column":61}},"loc":{"start":{"line":138,"column":66},"end":{"line":138,"column":74}}},"22":{"name":"(anonymous_22)","decl":{"start":{"line":140,"column":17},"end":{"line":140,"column":19}},"loc":{"start":{"line":141,"column":6},"end":{"line":141,"column":69}}},"23":{"name":"(anonymous_23)","decl":{"start":{"line":141,"column":53},"end":{"line":141,"column":55}},"loc":{"start":{"line":141,"column":60},"end":{"line":141,"column":68}}},"24":{"name":"(anonymous_24)","decl":{"start":{"line":143,"column":18},"end":{"line":143,"column":21}},"loc":{"start":{"line":144,"column":6},"end":{"line":144,"column":71}}},"25":{"name":"(anonymous_25)","decl":{"start":{"line":144,"column":55},"end":{"line":144,"column":57}},"loc":{"start":{"line":144,"column":62},"end":{"line":144,"column":70}}},"26":{"name":"(anonymous_26)","decl":{"start":{"line":147,"column":20},"end":{"line":147,"column":23}},"loc":{"start":{"line":148,"column":6},"end":{"line":148,"column":77}}},"27":{"name":"(anonymous_27)","decl":{"start":{"line":148,"column":61},"end":{"line":148,"column":63}},"loc":{"start":{"line":148,"column":68},"end":{"line":148,"column":76}}},"28":{"name":"(anonymous_28)","decl":{"start":{"line":155,"column":22},"end":{"line":155,"column":23}},"loc":{"start":{"line":156,"column":6},"end":{"line":158,"column":30}}},"29":{"name":"(anonymous_29)","decl":{"start":{"line":158,"column":14},"end":{"line":158,"column":16}},"loc":{"start":{"line":158,"column":21},"end":{"line":158,"column":29}}},"30":{"name":"(anonymous_30)","decl":{"start":{"line":160,"column":20},"end":{"line":160,"column":29}},"loc":{"start":{"line":161,"column":6},"end":{"line":161,"column":76}}},"31":{"name":"(anonymous_31)","decl":{"start":{"line":161,"column":60},"end":{"line":161,"column":62}},"loc":{"start":{"line":161,"column":67},"end":{"line":161,"column":75}}},"32":{"name":"(anonymous_32)","decl":{"start":{"line":163,"column":23},"end":{"line":163,"column":24}},"loc":{"start":{"line":164,"column":6},"end":{"line":169,"column":30}}},"33":{"name":"(anonymous_33)","decl":{"start":{"line":169,"column":14},"end":{"line":169,"column":16}},"loc":{"start":{"line":169,"column":21},"end":{"line":169,"column":29}}},"34":{"name":"(anonymous_34)","decl":{"start":{"line":171,"column":16},"end":{"line":171,"column":17}},"loc":{"start":{"line":172,"column":6},"end":{"line":174,"column":30}}},"35":{"name":"(anonymous_35)","decl":{"start":{"line":174,"column":14},"end":{"line":174,"column":16}},"loc":{"start":{"line":174,"column":21},"end":{"line":174,"column":29}}},"36":{"name":"(anonymous_36)","decl":{"start":{"line":178,"column":16},"end":{"line":178,"column":19}},"loc":{"start":{"line":179,"column":6},"end":{"line":181,"column":30}}},"37":{"name":"(anonymous_37)","decl":{"start":{"line":181,"column":14},"end":{"line":181,"column":16}},"loc":{"start":{"line":181,"column":21},"end":{"line":181,"column":29}}},"38":{"name":"(anonymous_38)","decl":{"start":{"line":183,"column":10},"end":{"line":183,"column":17}},"loc":{"start":{"line":184,"column":6},"end":{"line":184,"column":75}}},"39":{"name":"(anonymous_39)","decl":{"start":{"line":184,"column":59},"end":{"line":184,"column":61}},"loc":{"start":{"line":184,"column":66},"end":{"line":184,"column":74}}},"40":{"name":"(anonymous_40)","decl":{"start":{"line":186,"column":13},"end":{"line":186,"column":20}},"loc":{"start":{"line":187,"column":6},"end":{"line":189,"column":30}}},"41":{"name":"(anonymous_41)","decl":{"start":{"line":189,"column":14},"end":{"line":189,"column":16}},"loc":{"start":{"line":189,"column":21},"end":{"line":189,"column":29}}},"42":{"name":"(anonymous_42)","decl":{"start":{"line":191,"column":17},"end":{"line":191,"column":24}},"loc":{"start":{"line":192,"column":6},"end":{"line":192,"column":78}}},"43":{"name":"(anonymous_43)","decl":{"start":{"line":192,"column":62},"end":{"line":192,"column":64}},"loc":{"start":{"line":192,"column":69},"end":{"line":192,"column":77}}},"44":{"name":"(anonymous_44)","decl":{"start":{"line":194,"column":20},"end":{"line":194,"column":21}},"loc":{"start":{"line":195,"column":6},"end":{"line":197,"column":30}}},"45":{"name":"(anonymous_45)","decl":{"start":{"line":197,"column":14},"end":{"line":197,"column":16}},"loc":{"start":{"line":197,"column":21},"end":{"line":197,"column":29}}},"46":{"name":"(anonymous_46)","decl":{"start":{"line":199,"column":24},"end":{"line":199,"column":37}},"loc":{"start":{"line":200,"column":6},"end":{"line":200,"column":80}}},"47":{"name":"(anonymous_47)","decl":{"start":{"line":200,"column":64},"end":{"line":200,"column":66}},"loc":{"start":{"line":200,"column":71},"end":{"line":200,"column":79}}},"48":{"name":"(anonymous_48)","decl":{"start":{"line":209,"column":19},"end":{"line":209,"column":26}},"loc":{"start":{"line":210,"column":6},"end":{"line":210,"column":76}}},"49":{"name":"(anonymous_49)","decl":{"start":{"line":210,"column":60},"end":{"line":210,"column":62}},"loc":{"start":{"line":210,"column":67},"end":{"line":210,"column":75}}},"50":{"name":"(anonymous_50)","decl":{"start":{"line":212,"column":18},"end":{"line":212,"column":20}},"loc":{"start":{"line":213,"column":6},"end":{"line":213,"column":64}}},"51":{"name":"(anonymous_51)","decl":{"start":{"line":213,"column":48},"end":{"line":213,"column":50}},"loc":{"start":{"line":213,"column":55},"end":{"line":213,"column":63}}}},"branchMap":{},"s":{"0":18,"1":18,"2":18,"3":18,"4":18,"5":18,"6":18,"7":18,"8":18,"9":18,"10":18,"11":18,"12":18,"13":18,"14":18,"15":18,"16":18,"17":18,"18":18,"19":18,"20":18,"21":18,"22":18,"23":18,"24":18,"25":18,"26":0,"27":0,"28":0,"29":0,"30":0,"31":0,"32":0,"33":0,"34":0,"35":0,"36":0,"37":0,"38":0,"39":0,"40":0,"41":0,"42":0,"43":0,"44":0,"45":0,"46":0,"47":0,"48":0,"49":0,"50":0,"51":0,"52":0,"53":0,"54":0,"55":0,"56":0,"57":0,"58":0,"59":0,"60":0,"61":0,"62":0,"63":0,"64":0,"65":0,"66":0,"67":0,"68":0,"69":0,"70":0,"71":0,"72":0,"73":0,"74":0,"75":0,"76":0,"77":0},"f":{"0":0,"1":0,"2":0,"3":0,"4":0,"5":0,"6":0,"7":0,"8":0,"9":0,"10":0,"11":0,"12":0,"13":0,"14":0,"15":0,"16":0,"17":0,"18":0,"19":0,"20":0,"21":0,"22":0,"23":0,"24":0,"25":0,"26":0,"27":0,"28":0,"29":0,"30":0,"31":0,"32":0,"33":0,"34":0,"35":0,"36":0,"37":0,"38":0,"39":0,"40":0,"41":0,"42":0,"43":0,"44":0,"45":0,"46":0,"47":0,"48":0,"49":0,"50":0,"51":0},"b":{}}
,"/Users/ericmorrison/Desktop/revature/homework/quiz/client/app/actions/app.ts": {"path":"/Users/ericmorrison/Desktop/revature/homework/quiz/client/app/actions/app.ts","statementMap":{"0":{"start":{"line":2,"column":0},"end":{"line":2,"column":29}},"1":{"start":{"line":7,"column":13},"end":{"line":11,"column":4}},"2":{"start":{"line":7,"column":31},"end":{"line":11,"column":4}},"3":{"start":{"line":8,"column":2},"end":{"line":11,"column":4}},"4":{"start":{"line":13,"column":13},"end":{"line":16,"column":4}},"5":{"start":{"line":13,"column":31},"end":{"line":16,"column":4}},"6":{"start":{"line":14,"column":2},"end":{"line":16,"column":4}},"7":{"start":{"line":18,"column":13},"end":{"line":28,"column":1}},"8":{"start":{"line":18,"column":36},"end":{"line":28,"column":1}},"9":{"start":{"line":18,"column":53},"end":{"line":28,"column":1}},"10":{"start":{"line":19,"column":27},"end":{"line":19,"column":66}},"11":{"start":{"line":20,"column":24},"end":{"line":20,"column":60}},"12":{"start":{"line":22,"column":19},"end":{"line":25,"column":3}},"13":{"start":{"line":27,"column":2},"end":{"line":27,"column":38}},"14":{"start":{"line":30,"column":13},"end":{"line":33,"column":2}},"15":{"start":{"line":30,"column":32},"end":{"line":33,"column":1}}},"fnMap":{"0":{"name":"(anonymous_7)","decl":{"start":{"line":7,"column":23},"end":{"line":7,"column":26}},"loc":{"start":{"line":7,"column":31},"end":{"line":11,"column":4}}},"1":{"name":"(anonymous_8)","decl":{"start":{"line":7,"column":31},"end":{"line":7,"column":38}},"loc":{"start":{"line":8,"column":2},"end":{"line":11,"column":4}}},"2":{"name":"(anonymous_9)","decl":{"start":{"line":13,"column":25},"end":{"line":13,"column":27}},"loc":{"start":{"line":13,"column":31},"end":{"line":16,"column":4}}},"3":{"name":"(anonymous_10)","decl":{"start":{"line":13,"column":31},"end":{"line":13,"column":38}},"loc":{"start":{"line":14,"column":2},"end":{"line":16,"column":4}}},"4":{"name":"(anonymous_11)","decl":{"start":{"line":18,"column":27},"end":{"line":18,"column":31}},"loc":{"start":{"line":18,"column":36},"end":{"line":28,"column":1}}},"5":{"name":"(anonymous_12)","decl":{"start":{"line":18,"column":36},"end":{"line":18,"column":42}},"loc":{"start":{"line":18,"column":53},"end":{"line":28,"column":1}}},"6":{"name":"(anonymous_13)","decl":{"start":{"line":18,"column":53},"end":{"line":null,"column":-1}},"loc":{"start":{"line":18,"column":53},"end":{"line":28,"column":1}}},"7":{"name":"(anonymous_14)","decl":{"start":{"line":30,"column":22},"end":{"line":30,"column":26}},"loc":{"start":{"line":30,"column":32},"end":{"line":33,"column":1}}}},"branchMap":{},"s":{"0":2,"1":2,"2":0,"3":0,"4":2,"5":0,"6":0,"7":2,"8":0,"9":0,"10":0,"11":0,"12":0,"13":0,"14":2,"15":2},"f":{"0":0,"1":0,"2":0,"3":0,"4":0,"5":0,"6":0,"7":2},"b":{}}
,"/Users/ericmorrison/Desktop/revature/homework/quiz/client/app/actions/auth.ts": {"path":"/Users/ericmorrison/Desktop/revature/homework/quiz/client/app/actions/auth.ts","statementMap":{"0":{"start":{"line":2,"column":0},"end":{"line":2,"column":46}},"1":{"start":{"line":3,"column":0},"end":{"line":3,"column":49}},"2":{"start":{"line":4,"column":0},"end":{"line":4,"column":55}},"3":{"start":{"line":6,"column":13},"end":{"line":9,"column":2}},"4":{"start":{"line":6,"column":30},"end":{"line":9,"column":1}},"5":{"start":{"line":11,"column":13},"end":{"line":17,"column":1}},"6":{"start":{"line":12,"column":2},"end":{"line":16,"column":3}},"7":{"start":{"line":12,"column":26},"end":{"line":16,"column":3}},"8":{"start":{"line":13,"column":4},"end":{"line":13,"column":38}},"9":{"start":{"line":15,"column":4},"end":{"line":15,"column":68}},"10":{"start":{"line":19,"column":13},"end":{"line":21,"column":2}},"11":{"start":{"line":19,"column":29},"end":{"line":21,"column":1}},"12":{"start":{"line":23,"column":13},"end":{"line":57,"column":1}},"13":{"start":{"line":23,"column":33},"end":{"line":57,"column":1}},"14":{"start":{"line":25,"column":15},"end":{"line":28,"column":3}},"15":{"start":{"line":29,"column":19},"end":{"line":29,"column":55}},"16":{"start":{"line":30,"column":22},"end":{"line":30,"column":47}},"17":{"start":{"line":31,"column":2},"end":{"line":31,"column":26}},"18":{"start":{"line":32,"column":2},"end":{"line":45,"column":3}},"19":{"start":{"line":36,"column":4},"end":{"line":44,"column":6}},"20":{"start":{"line":38,"column":8},"end":{"line":38,"column":40}},"21":{"start":{"line":41,"column":8},"end":{"line":41,"column":32}},"22":{"start":{"line":42,"column":8},"end":{"line":42,"column":24}},"23":{"start":{"line":47,"column":2},"end":{"line":47,"column":22}},"24":{"start":{"line":51,"column":20},"end":{"line":53,"column":4}},"25":{"start":{"line":54,"column":2},"end":{"line":54,"column":36}},"26":{"start":{"line":55,"column":2},"end":{"line":55,"column":26}},"27":{"start":{"line":59,"column":13},"end":{"line":62,"column":2}},"28":{"start":{"line":59,"column":45},"end":{"line":62,"column":1}},"29":{"start":{"line":64,"column":13},"end":{"line":66,"column":1}},"30":{"start":{"line":64,"column":39},"end":{"line":66,"column":1}},"31":{"start":{"line":65,"column":2},"end":{"line":65,"column":28}},"32":{"start":{"line":68,"column":13},"end":{"line":71,"column":2}},"33":{"start":{"line":68,"column":47},"end":{"line":71,"column":1}},"34":{"start":{"line":73,"column":13},"end":{"line":75,"column":1}},"35":{"start":{"line":73,"column":41},"end":{"line":75,"column":1}},"36":{"start":{"line":74,"column":2},"end":{"line":74,"column":30}}},"fnMap":{"0":{"name":"(anonymous_7)","decl":{"start":{"line":6,"column":21},"end":{"line":6,"column":24}},"loc":{"start":{"line":6,"column":30},"end":{"line":9,"column":1}}},"1":{"name":"(anonymous_8)","decl":{"start":{"line":11,"column":26},"end":{"line":11,"column":36}},"loc":{"start":{"line":11,"column":40},"end":{"line":17,"column":1}}},"2":{"name":"(anonymous_9)","decl":{"start":{"line":12,"column":9},"end":{"line":12,"column":15}},"loc":{"start":{"line":12,"column":26},"end":{"line":16,"column":3}}},"3":{"name":"(anonymous_10)","decl":{"start":{"line":12,"column":26},"end":{"line":null,"column":-1}},"loc":{"start":{"line":12,"column":26},"end":{"line":16,"column":3}}},"4":{"name":"(anonymous_11)","decl":{"start":{"line":19,"column":22},"end":{"line":19,"column":24}},"loc":{"start":{"line":19,"column":29},"end":{"line":21,"column":1}}},"5":{"name":"(anonymous_12)","decl":{"start":{"line":23,"column":27},"end":{"line":23,"column":29}},"loc":{"start":{"line":23,"column":33},"end":{"line":57,"column":1}}},"6":{"name":"(anonymous_13)","decl":{"start":{"line":23,"column":33},"end":{"line":23,"column":40}},"loc":{"start":{"line":23,"column":44},"end":{"line":57,"column":1}}},"7":{"name":"(anonymous_14)","decl":{"start":{"line":37,"column":17},"end":{"line":37,"column":19}},"loc":{"start":{"line":37,"column":22},"end":{"line":39,"column":7}}},"8":{"name":"(anonymous_15)","decl":{"start":{"line":40,"column":17},"end":{"line":40,"column":19}},"loc":{"start":{"line":40,"column":23},"end":{"line":43,"column":7}}},"9":{"name":"(anonymous_16)","decl":{"start":{"line":59,"column":26},"end":{"line":59,"column":27}},"loc":{"start":{"line":59,"column":45},"end":{"line":62,"column":1}}},"10":{"name":"(anonymous_17)","decl":{"start":{"line":64,"column":31},"end":{"line":64,"column":34}},"loc":{"start":{"line":64,"column":39},"end":{"line":66,"column":1}}},"11":{"name":"(anonymous_18)","decl":{"start":{"line":64,"column":39},"end":{"line":64,"column":46}},"loc":{"start":{"line":64,"column":50},"end":{"line":66,"column":1}}},"12":{"name":"(anonymous_19)","decl":{"start":{"line":68,"column":27},"end":{"line":68,"column":28}},"loc":{"start":{"line":68,"column":47},"end":{"line":71,"column":1}}},"13":{"name":"(anonymous_20)","decl":{"start":{"line":73,"column":32},"end":{"line":73,"column":36}},"loc":{"start":{"line":73,"column":41},"end":{"line":75,"column":1}}},"14":{"name":"(anonymous_21)","decl":{"start":{"line":73,"column":41},"end":{"line":73,"column":48}},"loc":{"start":{"line":73,"column":52},"end":{"line":75,"column":1}}}},"branchMap":{"0":{"loc":{"start":{"line":32,"column":2},"end":{"line":45,"column":3}},"type":"if","locations":[{"start":{"line":32,"column":2},"end":{"line":45,"column":3}},{"start":{"line":32,"column":2},"end":{"line":45,"column":3}}]}},"s":{"0":3,"1":3,"2":3,"3":3,"4":0,"5":3,"6":0,"7":0,"8":0,"9":0,"10":3,"11":0,"12":3,"13":0,"14":0,"15":0,"16":0,"17":0,"18":0,"19":0,"20":0,"21":0,"22":0,"23":0,"24":0,"25":0,"26":0,"27":3,"28":0,"29":3,"30":0,"31":0,"32":3,"33":0,"34":3,"35":0,"36":0},"f":{"0":0,"1":0,"2":0,"3":0,"4":0,"5":0,"6":0,"7":0,"8":0,"9":0,"10":0,"11":0,"12":0,"13":0,"14":0},"b":{"0":[0,0]}}
,"/Users/ericmorrison/Desktop/revature/homework/quiz/client/app/actions/create.ts": {"path":"/Users/ericmorrison/Desktop/revature/homework/quiz/client/app/actions/create.ts","statementMap":{"0":{"start":{"line":2,"column":0},"end":{"line":2,"column":29}},"1":{"start":{"line":3,"column":0},"end":{"line":3,"column":46}},"2":{"start":{"line":5,"column":13},"end":{"line":8,"column":2}},"3":{"start":{"line":5,"column":49},"end":{"line":8,"column":1}},"4":{"start":{"line":10,"column":13},"end":{"line":15,"column":1}},"5":{"start":{"line":10,"column":53},"end":{"line":15,"column":1}},"6":{"start":{"line":11,"column":2},"end":{"line":14,"column":35}},"7":{"start":{"line":13,"column":18},"end":{"line":13,"column":35}},"8":{"start":{"line":14,"column":18},"end":{"line":14,"column":34}},"9":{"start":{"line":17,"column":13},"end":{"line":20,"column":2}},"10":{"start":{"line":17,"column":40},"end":{"line":20,"column":1}},"11":{"start":{"line":22,"column":13},"end":{"line":27,"column":1}},"12":{"start":{"line":22,"column":43},"end":{"line":27,"column":1}},"13":{"start":{"line":23,"column":2},"end":{"line":26,"column":4}},"14":{"start":{"line":29,"column":13},"end":{"line":36,"column":1}},"15":{"start":{"line":30,"column":2},"end":{"line":35,"column":3}},"16":{"start":{"line":30,"column":38},"end":{"line":35,"column":3}},"17":{"start":{"line":31,"column":17},"end":{"line":31,"column":50}},"18":{"start":{"line":32,"column":4},"end":{"line":32,"column":33}},"19":{"start":{"line":33,"column":4},"end":{"line":33,"column":59}},"20":{"start":{"line":34,"column":4},"end":{"line":34,"column":38}},"21":{"start":{"line":52,"column":13},"end":{"line":55,"column":2}},"22":{"start":{"line":52,"column":50},"end":{"line":55,"column":1}},"23":{"start":{"line":57,"column":13},"end":{"line":86,"column":1}},"24":{"start":{"line":57,"column":53},"end":{"line":86,"column":1}},"25":{"start":{"line":57,"column":70},"end":{"line":86,"column":1}},"26":{"start":{"line":58,"column":2},"end":{"line":85,"column":3}},"27":{"start":{"line":59,"column":17},"end":{"line":59,"column":73}},"28":{"start":{"line":60,"column":23},"end":{"line":60,"column":58}},"29":{"start":{"line":60,"column":44},"end":{"line":60,"column":57}},"30":{"start":{"line":61,"column":22},"end":{"line":61,"column":57}},"31":{"start":{"line":61,"column":43},"end":{"line":61,"column":56}},"32":{"start":{"line":63,"column":21},"end":{"line":63,"column":23}},"33":{"start":{"line":64,"column":4},"end":{"line":66,"column":5}},"34":{"start":{"line":65,"column":6},"end":{"line":65,"column":67}},"35":{"start":{"line":67,"column":19},"end":{"line":67,"column":34}},"36":{"start":{"line":68,"column":42},"end":{"line":71,"column":5}},"37":{"start":{"line":72,"column":4},"end":{"line":81,"column":22}},"38":{"start":{"line":73,"column":25},"end":{"line":73,"column":72}},"39":{"start":{"line":74,"column":20},"end":{"line":76,"column":8}},"40":{"start":{"line":75,"column":8},"end":{"line":75,"column":47}},"41":{"start":{"line":77,"column":26},"end":{"line":77,"column":42}},"42":{"start":{"line":78,"column":6},"end":{"line":78,"column":34}},"43":{"start":{"line":80,"column":25},"end":{"line":80,"column":72}},"44":{"start":{"line":82,"column":4},"end":{"line":82,"column":15}},"45":{"start":{"line":84,"column":4},"end":{"line":84,"column":16}}},"fnMap":{"0":{"name":"(anonymous_7)","decl":{"start":{"line":5,"column":33},"end":{"line":5,"column":43}},"loc":{"start":{"line":5,"column":49},"end":{"line":8,"column":1}}},"1":{"name":"(anonymous_8)","decl":{"start":{"line":10,"column":38},"end":{"line":10,"column":48}},"loc":{"start":{"line":10,"column":53},"end":{"line":15,"column":1}}},"2":{"name":"(anonymous_9)","decl":{"start":{"line":10,"column":53},"end":{"line":10,"column":60}},"loc":{"start":{"line":10,"column":64},"end":{"line":15,"column":1}}},"3":{"name":"(anonymous_10)","decl":{"start":{"line":13,"column":10},"end":{"line":13,"column":13}},"loc":{"start":{"line":13,"column":18},"end":{"line":13,"column":35}}},"4":{"name":"(anonymous_11)","decl":{"start":{"line":14,"column":11},"end":{"line":14,"column":13}},"loc":{"start":{"line":14,"column":18},"end":{"line":14,"column":34}}},"5":{"name":"(anonymous_12)","decl":{"start":{"line":17,"column":29},"end":{"line":17,"column":34}},"loc":{"start":{"line":17,"column":40},"end":{"line":20,"column":1}}},"6":{"name":"(anonymous_13)","decl":{"start":{"line":22,"column":33},"end":{"line":22,"column":38}},"loc":{"start":{"line":22,"column":43},"end":{"line":27,"column":1}}},"7":{"name":"(anonymous_14)","decl":{"start":{"line":22,"column":43},"end":{"line":22,"column":50}},"loc":{"start":{"line":22,"column":54},"end":{"line":27,"column":1}}},"8":{"name":"(anonymous_15)","decl":{"start":{"line":29,"column":34},"end":{"line":29,"column":35}},"loc":{"start":{"line":29,"column":55},"end":{"line":36,"column":1}}},"9":{"name":"(anonymous_16)","decl":{"start":{"line":30,"column":9},"end":{"line":30,"column":16}},"loc":{"start":{"line":30,"column":38},"end":{"line":35,"column":3}}},"10":{"name":"(anonymous_17)","decl":{"start":{"line":30,"column":38},"end":{"line":null,"column":-1}},"loc":{"start":{"line":30,"column":38},"end":{"line":35,"column":3}}},"11":{"name":"(anonymous_18)","decl":{"start":{"line":52,"column":36},"end":{"line":52,"column":44}},"loc":{"start":{"line":52,"column":50},"end":{"line":55,"column":1}}},"12":{"name":"(anonymous_19)","decl":{"start":{"line":57,"column":41},"end":{"line":57,"column":48}},"loc":{"start":{"line":57,"column":53},"end":{"line":86,"column":1}}},"13":{"name":"(anonymous_20)","decl":{"start":{"line":57,"column":53},"end":{"line":57,"column":59}},"loc":{"start":{"line":57,"column":70},"end":{"line":86,"column":1}}},"14":{"name":"(anonymous_21)","decl":{"start":{"line":57,"column":70},"end":{"line":null,"column":-1}},"loc":{"start":{"line":57,"column":70},"end":{"line":86,"column":1}}},"15":{"name":"(anonymous_22)","decl":{"start":{"line":60,"column":32},"end":{"line":60,"column":39}},"loc":{"start":{"line":60,"column":44},"end":{"line":60,"column":57}}},"16":{"name":"(anonymous_23)","decl":{"start":{"line":61,"column":31},"end":{"line":61,"column":38}},"loc":{"start":{"line":61,"column":43},"end":{"line":61,"column":56}}},"17":{"name":"(anonymous_24)","decl":{"start":{"line":64,"column":13},"end":{"line":64,"column":20}},"loc":{"start":{"line":65,"column":6},"end":{"line":65,"column":67}}},"18":{"name":"(anonymous_25)","decl":{"start":{"line":74,"column":37},"end":{"line":74,"column":38}},"loc":{"start":{"line":74,"column":67},"end":{"line":76,"column":7}}}},"branchMap":{},"s":{"0":5,"1":5,"2":5,"3":0,"4":5,"5":0,"6":0,"7":0,"8":0,"9":5,"10":0,"11":5,"12":0,"13":0,"14":5,"15":0,"16":0,"17":0,"18":0,"19":0,"20":0,"21":5,"22":0,"23":5,"24":0,"25":0,"26":0,"27":0,"28":0,"29":0,"30":0,"31":0,"32":0,"33":0,"34":0,"35":0,"36":0,"37":0,"38":0,"39":0,"40":0,"41":0,"42":0,"43":0,"44":0,"45":0},"f":{"0":0,"1":0,"2":0,"3":0,"4":0,"5":0,"6":0,"7":0,"8":0,"9":0,"10":0,"11":0,"12":0,"13":0,"14":0,"15":0,"16":0,"17":0,"18":0},"b":{}}
,"/Users/ericmorrison/Desktop/revature/homework/quiz/client/app/actions/modal.ts": {"path":"/Users/ericmorrison/Desktop/revature/homework/quiz/client/app/actions/modal.ts","statementMap":{"0":{"start":{"line":1,"column":13},"end":{"line":6,"column":2}},"1":{"start":{"line":1,"column":66},"end":{"line":6,"column":1}},"2":{"start":{"line":9,"column":13},"end":{"line":11,"column":2}},"3":{"start":{"line":9,"column":32},"end":{"line":11,"column":1}}},"fnMap":{"0":{"name":"(anonymous_0)","decl":{"start":{"line":1,"column":25},"end":{"line":1,"column":26}},"loc":{"start":{"line":1,"column":66},"end":{"line":6,"column":1}}},"1":{"name":"(anonymous_1)","decl":{"start":{"line":9,"column":25},"end":{"line":9,"column":27}},"loc":{"start":{"line":9,"column":32},"end":{"line":11,"column":1}}}},"branchMap":{},"s":{"0":6,"1":0,"2":6,"3":0},"f":{"0":0,"1":0},"b":{}}
,"/Users/ericmorrison/Desktop/revature/homework/quiz/client/app/actions/questions.ts": {"path":"/Users/ericmorrison/Desktop/revature/homework/quiz/client/app/actions/questions.ts","statementMap":{"0":{"start":{"line":3,"column":0},"end":{"line":3,"column":35}},"1":{"start":{"line":22,"column":13},"end":{"line":25,"column":3}},"2":{"start":{"line":22,"column":41},"end":{"line":25,"column":1}},"3":{"start":{"line":33,"column":13},"end":{"line":61,"column":2}},"4":{"start":{"line":33,"column":45},"end":{"line":61,"column":1}},"5":{"start":{"line":33,"column":62},"end":{"line":61,"column":1}},"6":{"start":{"line":34,"column":2},"end":{"line":60,"column":3}},"7":{"start":{"line":35,"column":19},"end":{"line":39,"column":5}},"8":{"start":{"line":40,"column":4},"end":{"line":40,"column":53}},"9":{"start":{"line":41,"column":4},"end":{"line":41,"column":46}},"10":{"start":{"line":45,"column":4},"end":{"line":55,"column":22}},"11":{"start":{"line":46,"column":21},"end":{"line":49,"column":7}},"12":{"start":{"line":50,"column":25},"end":{"line":50,"column":62}},"13":{"start":{"line":51,"column":25},"end":{"line":54,"column":7}},"14":{"start":{"line":56,"column":4},"end":{"line":56,"column":20}},"15":{"start":{"line":58,"column":4},"end":{"line":58,"column":61}},"16":{"start":{"line":59,"column":4},"end":{"line":59,"column":17}},"17":{"start":{"line":63,"column":13},"end":{"line":66,"column":3}},"18":{"start":{"line":63,"column":43},"end":{"line":66,"column":1}},"19":{"start":{"line":68,"column":13},"end":{"line":72,"column":2}},"20":{"start":{"line":68,"column":54},"end":{"line":72,"column":1}},"21":{"start":{"line":69,"column":2},"end":{"line":71,"column":58}},"22":{"start":{"line":71,"column":22},"end":{"line":71,"column":56}}},"fnMap":{"0":{"name":"(anonymous_7)","decl":{"start":{"line":22,"column":28},"end":{"line":22,"column":35}},"loc":{"start":{"line":22,"column":41},"end":{"line":25,"column":1}}},"1":{"name":"(anonymous_8)","decl":{"start":{"line":33,"column":33},"end":{"line":33,"column":40}},"loc":{"start":{"line":33,"column":45},"end":{"line":61,"column":1}}},"2":{"name":"(anonymous_9)","decl":{"start":{"line":33,"column":45},"end":{"line":33,"column":51}},"loc":{"start":{"line":33,"column":62},"end":{"line":61,"column":1}}},"3":{"name":"(anonymous_10)","decl":{"start":{"line":33,"column":62},"end":{"line":null,"column":-1}},"loc":{"start":{"line":33,"column":62},"end":{"line":61,"column":1}}},"4":{"name":"(anonymous_11)","decl":{"start":{"line":63,"column":30},"end":{"line":63,"column":37}},"loc":{"start":{"line":63,"column":43},"end":{"line":66,"column":1}}},"5":{"name":"(anonymous_12)","decl":{"start":{"line":68,"column":35},"end":{"line":68,"column":36}},"loc":{"start":{"line":68,"column":54},"end":{"line":72,"column":1}}},"6":{"name":"(anonymous_13)","decl":{"start":{"line":68,"column":54},"end":{"line":68,"column":61}},"loc":{"start":{"line":68,"column":65},"end":{"line":72,"column":1}}},"7":{"name":"(anonymous_14)","decl":{"start":{"line":71,"column":10},"end":{"line":71,"column":17}},"loc":{"start":{"line":71,"column":22},"end":{"line":71,"column":56}}}},"branchMap":{},"s":{"0":1,"1":1,"2":0,"3":1,"4":0,"5":0,"6":0,"7":0,"8":0,"9":0,"10":0,"11":0,"12":0,"13":0,"14":0,"15":0,"16":0,"17":1,"18":0,"19":1,"20":0,"21":0,"22":0},"f":{"0":0,"1":0,"2":0,"3":0,"4":0,"5":0,"6":0,"7":0},"b":{}}
,"/Users/ericmorrison/Desktop/revature/homework/quiz/client/app/actions/quizzes.ts": {"path":"/Users/ericmorrison/Desktop/revature/homework/quiz/client/app/actions/quizzes.ts","statementMap":{"0":{"start":{"line":2,"column":0},"end":{"line":2,"column":34}},"1":{"start":{"line":4,"column":13},"end":{"line":5,"column":68}},"2":{"start":{"line":4,"column":37},"end":{"line":5,"column":68}},"3":{"start":{"line":5,"column":2},"end":{"line":5,"column":68}},"4":{"start":{"line":5,"column":43},"end":{"line":5,"column":67}},"5":{"start":{"line":7,"column":13},"end":{"line":10,"column":2}},"6":{"start":{"line":7,"column":33},"end":{"line":10,"column":1}},"7":{"start":{"line":12,"column":13},"end":{"line":17,"column":1}},"8":{"start":{"line":12,"column":40},"end":{"line":17,"column":1}},"9":{"start":{"line":13,"column":2},"end":{"line":16,"column":4}},"10":{"start":{"line":19,"column":13},"end":{"line":64,"column":1}},"11":{"start":{"line":20,"column":2},"end":{"line":63,"column":6}},"12":{"start":{"line":20,"column":26},"end":{"line":63,"column":6}},"13":{"start":{"line":22,"column":4},"end":{"line":63,"column":6}},"14":{"start":{"line":22,"column":64},"end":{"line":63,"column":5}},"15":{"start":{"line":23,"column":18},"end":{"line":31,"column":7}},"16":{"start":{"line":24,"column":33},"end":{"line":30,"column":9}},"17":{"start":{"line":25,"column":28},"end":{"line":25,"column":71}},"18":{"start":{"line":26,"column":23},"end":{"line":26,"column":70}},"19":{"start":{"line":29,"column":10},"end":{"line":29,"column":45}},"20":{"start":{"line":33,"column":18},"end":{"line":33,"column":49}},"21":{"start":{"line":34,"column":19},"end":{"line":34,"column":55}},"22":{"start":{"line":36,"column":6},"end":{"line":36,"column":39}},"23":{"start":{"line":38,"column":6},"end":{"line":38,"column":36}},"24":{"start":{"line":41,"column":8},"end":{"line":43,"column":16}},"25":{"start":{"line":46,"column":8},"end":{"line":47,"column":61}},"26":{"start":{"line":47,"column":32},"end":{"line":47,"column":60}},"27":{"start":{"line":49,"column":6},"end":{"line":49,"column":56}},"28":{"start":{"line":51,"column":21},"end":{"line":51,"column":64}},"29":{"start":{"line":52,"column":24},"end":{"line":52,"column":60}},"30":{"start":{"line":53,"column":27},"end":{"line":53,"column":77}},"31":{"start":{"line":56,"column":6},"end":{"line":56,"column":35}},"32":{"start":{"line":57,"column":6},"end":{"line":57,"column":59}},"33":{"start":{"line":60,"column":6},"end":{"line":60,"column":37}},"34":{"start":{"line":61,"column":6},"end":{"line":61,"column":39}},"35":{"start":{"line":62,"column":6},"end":{"line":62,"column":52}},"36":{"start":{"line":66,"column":13},"end":{"line":69,"column":2}},"37":{"start":{"line":66,"column":42},"end":{"line":69,"column":1}},"38":{"start":{"line":71,"column":13},"end":{"line":74,"column":2}},"39":{"start":{"line":71,"column":48},"end":{"line":74,"column":1}},"40":{"start":{"line":76,"column":13},"end":{"line":79,"column":2}},"41":{"start":{"line":76,"column":40},"end":{"line":79,"column":1}},"42":{"start":{"line":81,"column":13},"end":{"line":84,"column":2}},"43":{"start":{"line":81,"column":39},"end":{"line":84,"column":1}},"44":{"start":{"line":86,"column":13},"end":{"line":94,"column":1}},"45":{"start":{"line":86,"column":44},"end":{"line":94,"column":1}},"46":{"start":{"line":86,"column":61},"end":{"line":94,"column":1}},"47":{"start":{"line":87,"column":17},"end":{"line":87,"column":60}},"48":{"start":{"line":88,"column":15},"end":{"line":88,"column":57}},"49":{"start":{"line":89,"column":13},"end":{"line":92,"column":3}},"50":{"start":{"line":93,"column":2},"end":{"line":93,"column":34}},"51":{"start":{"line":110,"column":13},"end":{"line":113,"column":2}},"52":{"start":{"line":110,"column":40},"end":{"line":113,"column":1}},"53":{"start":{"line":115,"column":13},"end":{"line":118,"column":65}},"54":{"start":{"line":115,"column":53},"end":{"line":118,"column":65}},"55":{"start":{"line":116,"column":2},"end":{"line":118,"column":65}},"56":{"start":{"line":118,"column":23},"end":{"line":118,"column":64}},"57":{"start":{"line":120,"column":13},"end":{"line":123,"column":2}},"58":{"start":{"line":120,"column":50},"end":{"line":123,"column":1}},"59":{"start":{"line":125,"column":13},"end":{"line":128,"column":50}},"60":{"start":{"line":125,"column":48},"end":{"line":128,"column":50}},"61":{"start":{"line":126,"column":2},"end":{"line":128,"column":50}},"62":{"start":{"line":128,"column":18},"end":{"line":128,"column":49}},"63":{"start":{"line":130,"column":13},"end":{"line":133,"column":2}},"64":{"start":{"line":130,"column":40},"end":{"line":133,"column":1}},"65":{"start":{"line":134,"column":13},"end":{"line":135,"column":44}},"66":{"start":{"line":134,"column":62},"end":{"line":135,"column":44}},"67":{"start":{"line":135,"column":2},"end":{"line":135,"column":44}},"68":{"start":{"line":137,"column":13},"end":{"line":140,"column":2}},"69":{"start":{"line":137,"column":58},"end":{"line":140,"column":1}},"70":{"start":{"line":142,"column":13},"end":{"line":143,"column":45}},"71":{"start":{"line":142,"column":50},"end":{"line":143,"column":45}},"72":{"start":{"line":142,"column":67},"end":{"line":143,"column":45}},"73":{"start":{"line":143,"column":2},"end":{"line":143,"column":45}},"74":{"start":{"line":145,"column":13},"end":{"line":148,"column":2}},"75":{"start":{"line":145,"column":46},"end":{"line":148,"column":1}},"76":{"start":{"line":150,"column":13},"end":{"line":153,"column":77}},"77":{"start":{"line":150,"column":59},"end":{"line":153,"column":77}},"78":{"start":{"line":151,"column":2},"end":{"line":153,"column":77}},"79":{"start":{"line":153,"column":32},"end":{"line":153,"column":76}},"80":{"start":{"line":155,"column":13},"end":{"line":158,"column":2}},"81":{"start":{"line":155,"column":53},"end":{"line":158,"column":1}},"82":{"start":{"line":160,"column":13},"end":{"line":165,"column":5}},"83":{"start":{"line":160,"column":67},"end":{"line":165,"column":5}},"84":{"start":{"line":161,"column":2},"end":{"line":165,"column":5}},"85":{"start":{"line":164,"column":6},"end":{"line":164,"column":58}},"86":{"start":{"line":167,"column":13},"end":{"line":170,"column":2}},"87":{"start":{"line":167,"column":61},"end":{"line":170,"column":1}},"88":{"start":{"line":172,"column":13},"end":{"line":173,"column":51}},"89":{"start":{"line":172,"column":52},"end":{"line":173,"column":51}},"90":{"start":{"line":173,"column":2},"end":{"line":173,"column":51}},"91":{"start":{"line":175,"column":13},"end":{"line":178,"column":2}},"92":{"start":{"line":175,"column":58},"end":{"line":178,"column":1}},"93":{"start":{"line":179,"column":13},"end":{"line":180,"column":56}},"94":{"start":{"line":179,"column":57},"end":{"line":180,"column":56}},"95":{"start":{"line":180,"column":2},"end":{"line":180,"column":56}},"96":{"start":{"line":182,"column":13},"end":{"line":185,"column":2}},"97":{"start":{"line":182,"column":63},"end":{"line":185,"column":1}},"98":{"start":{"line":187,"column":13},"end":{"line":188,"column":51}},"99":{"start":{"line":187,"column":52},"end":{"line":188,"column":51}},"100":{"start":{"line":188,"column":2},"end":{"line":188,"column":51}},"101":{"start":{"line":190,"column":13},"end":{"line":193,"column":2}},"102":{"start":{"line":190,"column":58},"end":{"line":193,"column":1}},"103":{"start":{"line":195,"column":13},"end":{"line":196,"column":47}},"104":{"start":{"line":195,"column":48},"end":{"line":196,"column":47}},"105":{"start":{"line":196,"column":2},"end":{"line":196,"column":47}},"106":{"start":{"line":198,"column":13},"end":{"line":201,"column":2}},"107":{"start":{"line":198,"column":49},"end":{"line":201,"column":1}},"108":{"start":{"line":203,"column":13},"end":{"line":204,"column":53}},"109":{"start":{"line":203,"column":54},"end":{"line":204,"column":53}},"110":{"start":{"line":204,"column":2},"end":{"line":204,"column":53}},"111":{"start":{"line":206,"column":13},"end":{"line":209,"column":2}},"112":{"start":{"line":206,"column":60},"end":{"line":209,"column":1}},"113":{"start":{"line":210,"column":13},"end":{"line":217,"column":80}},"114":{"start":{"line":214,"column":5},"end":{"line":217,"column":80}},"115":{"start":{"line":215,"column":2},"end":{"line":217,"column":80}},"116":{"start":{"line":217,"column":29},"end":{"line":217,"column":79}},"117":{"start":{"line":219,"column":13},"end":{"line":223,"column":2}},"118":{"start":{"line":219,"column":61},"end":{"line":223,"column":1}},"119":{"start":{"line":224,"column":13},"end":{"line":240,"column":1}},"120":{"start":{"line":230,"column":2},"end":{"line":239,"column":3}},"121":{"start":{"line":230,"column":26},"end":{"line":239,"column":3}},"122":{"start":{"line":231,"column":24},"end":{"line":236,"column":5}},"123":{"start":{"line":237,"column":4},"end":{"line":237,"column":49}},"124":{"start":{"line":238,"column":4},"end":{"line":238,"column":39}},"125":{"start":{"line":252,"column":13},"end":{"line":255,"column":2}},"126":{"start":{"line":252,"column":54},"end":{"line":255,"column":1}},"127":{"start":{"line":257,"column":13},"end":{"line":258,"column":40}},"128":{"start":{"line":257,"column":41},"end":{"line":258,"column":40}},"129":{"start":{"line":258,"column":2},"end":{"line":258,"column":40}},"130":{"start":{"line":260,"column":13},"end":{"line":263,"column":2}},"131":{"start":{"line":260,"column":47},"end":{"line":263,"column":1}},"132":{"start":{"line":264,"column":13},"end":{"line":264,"column":75}},"133":{"start":{"line":264,"column":34},"end":{"line":264,"column":75}},"134":{"start":{"line":264,"column":46},"end":{"line":264,"column":75}},"135":{"start":{"line":266,"column":13},"end":{"line":268,"column":2}},"136":{"start":{"line":266,"column":40},"end":{"line":268,"column":1}},"137":{"start":{"line":270,"column":13},"end":{"line":277,"column":1}},"138":{"start":{"line":271,"column":2},"end":{"line":276,"column":3}},"139":{"start":{"line":271,"column":26},"end":{"line":276,"column":3}},"140":{"start":{"line":272,"column":24},"end":{"line":272,"column":72}},"141":{"start":{"line":274,"column":4},"end":{"line":274,"column":49}},"142":{"start":{"line":275,"column":4},"end":{"line":275,"column":41}},"143":{"start":{"line":284,"column":13},"end":{"line":286,"column":2}},"144":{"start":{"line":284,"column":38},"end":{"line":286,"column":1}}},"fnMap":{"0":{"name":"(anonymous_7)","decl":{"start":{"line":4,"column":29},"end":{"line":4,"column":32}},"loc":{"start":{"line":4,"column":37},"end":{"line":5,"column":68}}},"1":{"name":"(anonymous_8)","decl":{"start":{"line":4,"column":37},"end":{"line":4,"column":44}},"loc":{"start":{"line":5,"column":2},"end":{"line":5,"column":68}}},"2":{"name":"(anonymous_9)","decl":{"start":{"line":5,"column":35},"end":{"line":5,"column":38}},"loc":{"start":{"line":5,"column":43},"end":{"line":5,"column":67}}},"3":{"name":"(anonymous_10)","decl":{"start":{"line":7,"column":24},"end":{"line":7,"column":27}},"loc":{"start":{"line":7,"column":33},"end":{"line":10,"column":1}}},"4":{"name":"(anonymous_11)","decl":{"start":{"line":12,"column":29},"end":{"line":12,"column":35}},"loc":{"start":{"line":12,"column":40},"end":{"line":17,"column":1}}},"5":{"name":"(anonymous_12)","decl":{"start":{"line":12,"column":40},"end":{"line":12,"column":47}},"loc":{"start":{"line":12,"column":51},"end":{"line":17,"column":1}}},"6":{"name":"(anonymous_13)","decl":{"start":{"line":19,"column":35},"end":{"line":19,"column":40}},"loc":{"start":{"line":19,"column":44},"end":{"line":64,"column":1}}},"7":{"name":"(anonymous_14)","decl":{"start":{"line":20,"column":9},"end":{"line":20,"column":15}},"loc":{"start":{"line":20,"column":26},"end":{"line":63,"column":6}}},"8":{"name":"(anonymous_16)","decl":{"start":{"line":22,"column":48},"end":{"line":22,"column":54}},"loc":{"start":{"line":22,"column":64},"end":{"line":63,"column":5}}},"9":{"name":"(anonymous_17)","decl":{"start":{"line":22,"column":64},"end":{"line":null,"column":-1}},"loc":{"start":{"line":22,"column":64},"end":{"line":63,"column":5}}},"10":{"name":"(anonymous_18)","decl":{"start":{"line":24,"column":20},"end":{"line":24,"column":26}},"loc":{"start":{"line":24,"column":33},"end":{"line":30,"column":9}}},"11":{"name":"(anonymous_19)","decl":{"start":{"line":24,"column":33},"end":{"line":null,"column":-1}},"loc":{"start":{"line":24,"column":33},"end":{"line":30,"column":9}}},"12":{"name":"(anonymous_20)","decl":{"start":{"line":47,"column":17},"end":{"line":47,"column":18}},"loc":{"start":{"line":47,"column":32},"end":{"line":47,"column":60}}},"13":{"name":"(anonymous_21)","decl":{"start":{"line":66,"column":30},"end":{"line":66,"column":36}},"loc":{"start":{"line":66,"column":42},"end":{"line":69,"column":1}}},"14":{"name":"(anonymous_22)","decl":{"start":{"line":71,"column":31},"end":{"line":71,"column":42}},"loc":{"start":{"line":71,"column":48},"end":{"line":74,"column":1}}},"15":{"name":"(anonymous_23)","decl":{"start":{"line":76,"column":29},"end":{"line":76,"column":34}},"loc":{"start":{"line":76,"column":40},"end":{"line":79,"column":1}}},"16":{"name":"(anonymous_24)","decl":{"start":{"line":81,"column":28},"end":{"line":81,"column":33}},"loc":{"start":{"line":81,"column":39},"end":{"line":84,"column":1}}},"17":{"name":"(anonymous_25)","decl":{"start":{"line":86,"column":36},"end":{"line":86,"column":39}},"loc":{"start":{"line":86,"column":44},"end":{"line":94,"column":1}}},"18":{"name":"(anonymous_26)","decl":{"start":{"line":86,"column":44},"end":{"line":86,"column":50}},"loc":{"start":{"line":86,"column":61},"end":{"line":94,"column":1}}},"19":{"name":"(anonymous_27)","decl":{"start":{"line":86,"column":61},"end":{"line":null,"column":-1}},"loc":{"start":{"line":86,"column":61},"end":{"line":94,"column":1}}},"20":{"name":"(anonymous_28)","decl":{"start":{"line":110,"column":31},"end":{"line":110,"column":34}},"loc":{"start":{"line":110,"column":40},"end":{"line":113,"column":1}}},"21":{"name":"(anonymous_29)","decl":{"start":{"line":115,"column":41},"end":{"line":115,"column":48}},"loc":{"start":{"line":115,"column":53},"end":{"line":118,"column":65}}},"22":{"name":"(anonymous_30)","decl":{"start":{"line":115,"column":53},"end":{"line":115,"column":60}},"loc":{"start":{"line":116,"column":2},"end":{"line":118,"column":65}}},"23":{"name":"(anonymous_31)","decl":{"start":{"line":118,"column":10},"end":{"line":118,"column":18}},"loc":{"start":{"line":118,"column":23},"end":{"line":118,"column":64}}},"24":{"name":"(anonymous_32)","decl":{"start":{"line":120,"column":36},"end":{"line":120,"column":44}},"loc":{"start":{"line":120,"column":50},"end":{"line":123,"column":1}}},"25":{"name":"(anonymous_33)","decl":{"start":{"line":125,"column":36},"end":{"line":125,"column":43}},"loc":{"start":{"line":125,"column":48},"end":{"line":128,"column":50}}},"26":{"name":"(anonymous_34)","decl":{"start":{"line":125,"column":48},"end":{"line":125,"column":55}},"loc":{"start":{"line":126,"column":2},"end":{"line":128,"column":50}}},"27":{"name":"(anonymous_35)","decl":{"start":{"line":128,"column":10},"end":{"line":128,"column":13}},"loc":{"start":{"line":128,"column":18},"end":{"line":128,"column":49}}},"28":{"name":"(anonymous_36)","decl":{"start":{"line":130,"column":31},"end":{"line":130,"column":34}},"loc":{"start":{"line":130,"column":40},"end":{"line":133,"column":1}}},"29":{"name":"(anonymous_37)","decl":{"start":{"line":134,"column":43},"end":{"line":134,"column":57}},"loc":{"start":{"line":134,"column":62},"end":{"line":135,"column":44}}},"30":{"name":"(anonymous_38)","decl":{"start":{"line":134,"column":62},"end":{"line":134,"column":69}},"loc":{"start":{"line":135,"column":2},"end":{"line":135,"column":44}}},"31":{"name":"(anonymous_39)","decl":{"start":{"line":137,"column":38},"end":{"line":137,"column":52}},"loc":{"start":{"line":137,"column":58},"end":{"line":140,"column":1}}},"32":{"name":"(anonymous_40)","decl":{"start":{"line":142,"column":37},"end":{"line":142,"column":45}},"loc":{"start":{"line":142,"column":50},"end":{"line":143,"column":45}}},"33":{"name":"(anonymous_41)","decl":{"start":{"line":142,"column":50},"end":{"line":142,"column":56}},"loc":{"start":{"line":142,"column":67},"end":{"line":143,"column":45}}},"34":{"name":"(anonymous_42)","decl":{"start":{"line":142,"column":67},"end":{"line":143,"column":1}},"loc":{"start":{"line":142,"column":67},"end":{"line":143,"column":45}}},"35":{"name":"(anonymous_43)","decl":{"start":{"line":145,"column":32},"end":{"line":145,"column":40}},"loc":{"start":{"line":145,"column":46},"end":{"line":148,"column":1}}},"36":{"name":"(anonymous_44)","decl":{"start":{"line":150,"column":35},"end":{"line":150,"column":36}},"loc":{"start":{"line":150,"column":59},"end":{"line":153,"column":77}}},"37":{"name":"(anonymous_45)","decl":{"start":{"line":150,"column":59},"end":{"line":150,"column":66}},"loc":{"start":{"line":151,"column":2},"end":{"line":153,"column":77}}},"38":{"name":"(anonymous_46)","decl":{"start":{"line":153,"column":10},"end":{"line":153,"column":27}},"loc":{"start":{"line":153,"column":32},"end":{"line":153,"column":76}}},"39":{"name":"(anonymous_47)","decl":{"start":{"line":155,"column":30},"end":{"line":155,"column":47}},"loc":{"start":{"line":155,"column":53},"end":{"line":158,"column":1}}},"40":{"name":"(anonymous_48)","decl":{"start":{"line":160,"column":39},"end":{"line":160,"column":40}},"loc":{"start":{"line":160,"column":67},"end":{"line":165,"column":5}}},"41":{"name":"(anonymous_49)","decl":{"start":{"line":160,"column":67},"end":{"line":160,"column":74}},"loc":{"start":{"line":161,"column":2},"end":{"line":165,"column":5}}},"42":{"name":"(anonymous_50)","decl":{"start":{"line":163,"column":10},"end":{"line":163,"column":31}},"loc":{"start":{"line":164,"column":6},"end":{"line":164,"column":58}}},"43":{"name":"(anonymous_51)","decl":{"start":{"line":167,"column":34},"end":{"line":167,"column":55}},"loc":{"start":{"line":167,"column":61},"end":{"line":170,"column":1}}},"44":{"name":"(anonymous_52)","decl":{"start":{"line":172,"column":39},"end":{"line":172,"column":47}},"loc":{"start":{"line":172,"column":52},"end":{"line":173,"column":51}}},"45":{"name":"(anonymous_53)","decl":{"start":{"line":172,"column":52},"end":{"line":172,"column":59}},"loc":{"start":{"line":173,"column":2},"end":{"line":173,"column":51}}},"46":{"name":"(anonymous_54)","decl":{"start":{"line":175,"column":44},"end":{"line":175,"column":52}},"loc":{"start":{"line":175,"column":58},"end":{"line":178,"column":1}}},"47":{"name":"(anonymous_55)","decl":{"start":{"line":179,"column":42},"end":{"line":179,"column":52}},"loc":{"start":{"line":179,"column":57},"end":{"line":180,"column":56}}},"48":{"name":"(anonymous_56)","decl":{"start":{"line":179,"column":57},"end":{"line":179,"column":64}},"loc":{"start":{"line":180,"column":2},"end":{"line":180,"column":56}}},"49":{"name":"(anonymous_57)","decl":{"start":{"line":182,"column":47},"end":{"line":182,"column":57}},"loc":{"start":{"line":182,"column":63},"end":{"line":185,"column":1}}},"50":{"name":"(anonymous_58)","decl":{"start":{"line":187,"column":39},"end":{"line":187,"column":47}},"loc":{"start":{"line":187,"column":52},"end":{"line":188,"column":51}}},"51":{"name":"(anonymous_59)","decl":{"start":{"line":187,"column":52},"end":{"line":187,"column":59}},"loc":{"start":{"line":188,"column":2},"end":{"line":188,"column":51}}},"52":{"name":"(anonymous_60)","decl":{"start":{"line":190,"column":44},"end":{"line":190,"column":52}},"loc":{"start":{"line":190,"column":58},"end":{"line":193,"column":1}}},"53":{"name":"(anonymous_61)","decl":{"start":{"line":195,"column":33},"end":{"line":195,"column":43}},"loc":{"start":{"line":195,"column":48},"end":{"line":196,"column":47}}},"54":{"name":"(anonymous_62)","decl":{"start":{"line":195,"column":48},"end":{"line":195,"column":55}},"loc":{"start":{"line":196,"column":2},"end":{"line":196,"column":47}}},"55":{"name":"(anonymous_63)","decl":{"start":{"line":198,"column":38},"end":{"line":198,"column":43}},"loc":{"start":{"line":198,"column":49},"end":{"line":201,"column":1}}},"56":{"name":"(anonymous_64)","decl":{"start":{"line":203,"column":36},"end":{"line":203,"column":49}},"loc":{"start":{"line":203,"column":54},"end":{"line":204,"column":53}}},"57":{"name":"(anonymous_65)","decl":{"start":{"line":203,"column":54},"end":{"line":203,"column":61}},"loc":{"start":{"line":204,"column":2},"end":{"line":204,"column":53}}},"58":{"name":"(anonymous_66)","decl":{"start":{"line":206,"column":41},"end":{"line":206,"column":54}},"loc":{"start":{"line":206,"column":60},"end":{"line":209,"column":1}}},"59":{"name":"(anonymous_67)","decl":{"start":{"line":210,"column":32},"end":{"line":211,"column":2}},"loc":{"start":{"line":214,"column":5},"end":{"line":217,"column":80}}},"60":{"name":"(anonymous_68)","decl":{"start":{"line":214,"column":5},"end":{"line":214,"column":12}},"loc":{"start":{"line":215,"column":2},"end":{"line":217,"column":80}}},"61":{"name":"(anonymous_69)","decl":{"start":{"line":217,"column":10},"end":{"line":217,"column":24}},"loc":{"start":{"line":217,"column":29},"end":{"line":217,"column":79}}},"62":{"name":"(anonymous_70)","decl":{"start":{"line":219,"column":32},"end":{"line":219,"column":33}},"loc":{"start":{"line":219,"column":61},"end":{"line":223,"column":1}}},"63":{"name":"(anonymous_71)","decl":{"start":{"line":224,"column":33},"end":{"line":225,"column":2}},"loc":{"start":{"line":229,"column":4},"end":{"line":240,"column":1}}},"64":{"name":"(anonymous_72)","decl":{"start":{"line":230,"column":9},"end":{"line":230,"column":15}},"loc":{"start":{"line":230,"column":26},"end":{"line":239,"column":3}}},"65":{"name":"(anonymous_73)","decl":{"start":{"line":230,"column":26},"end":{"line":null,"column":-1}},"loc":{"start":{"line":230,"column":26},"end":{"line":239,"column":3}}},"66":{"name":"(anonymous_74)","decl":{"start":{"line":252,"column":38},"end":{"line":252,"column":48}},"loc":{"start":{"line":252,"column":54},"end":{"line":255,"column":1}}},"67":{"name":"(anonymous_75)","decl":{"start":{"line":257,"column":32},"end":{"line":257,"column":36}},"loc":{"start":{"line":257,"column":41},"end":{"line":258,"column":40}}},"68":{"name":"(anonymous_76)","decl":{"start":{"line":257,"column":41},"end":{"line":257,"column":48}},"loc":{"start":{"line":258,"column":2},"end":{"line":258,"column":40}}},"69":{"name":"(anonymous_77)","decl":{"start":{"line":260,"column":37},"end":{"line":260,"column":41}},"loc":{"start":{"line":260,"column":47},"end":{"line":263,"column":1}}},"70":{"name":"(anonymous_78)","decl":{"start":{"line":264,"column":28},"end":{"line":264,"column":30}},"loc":{"start":{"line":264,"column":34},"end":{"line":264,"column":75}}},"71":{"name":"(anonymous_79)","decl":{"start":{"line":264,"column":34},"end":{"line":264,"column":41}},"loc":{"start":{"line":264,"column":46},"end":{"line":264,"column":75}}},"72":{"name":"(anonymous_80)","decl":{"start":{"line":266,"column":33},"end":{"line":266,"column":35}},"loc":{"start":{"line":266,"column":40},"end":{"line":268,"column":1}}},"73":{"name":"(anonymous_81)","decl":{"start":{"line":270,"column":26},"end":{"line":270,"column":27}},"loc":{"start":{"line":270,"column":44},"end":{"line":277,"column":1}}},"74":{"name":"(anonymous_82)","decl":{"start":{"line":271,"column":9},"end":{"line":271,"column":15}},"loc":{"start":{"line":271,"column":26},"end":{"line":276,"column":3}}},"75":{"name":"(anonymous_83)","decl":{"start":{"line":271,"column":26},"end":{"line":null,"column":-1}},"loc":{"start":{"line":271,"column":26},"end":{"line":276,"column":3}}},"76":{"name":"(anonymous_84)","decl":{"start":{"line":284,"column":31},"end":{"line":284,"column":33}},"loc":{"start":{"line":284,"column":38},"end":{"line":286,"column":1}}}},"branchMap":{"0":{"loc":{"start":{"line":34,"column":42},"end":{"line":34,"column":48}},"type":"cond-expr","locations":[{"start":{"line":34,"column":42},"end":{"line":34,"column":48}},{"start":{"line":34,"column":51},"end":{"line":34,"column":55}}]},"1":{"loc":{"start":{"line":42,"column":12},"end":{"line":42,"column":55}},"type":"cond-expr","locations":[{"start":{"line":42,"column":12},"end":{"line":42,"column":55}},{"start":{"line":43,"column":12},"end":{"line":43,"column":16}}]},"2":{"loc":{"start":{"line":41,"column":8},"end":{"line":41,"column":12}},"type":"binary-expr","locations":[{"start":{"line":41,"column":8},"end":{"line":41,"column":12}},{"start":{"line":41,"column":16},"end":{"line":41,"column":34}}]},"3":{"loc":{"start":{"line":46,"column":8},"end":{"line":46,"column":26}},"type":"binary-expr","locations":[{"start":{"line":46,"column":8},"end":{"line":46,"column":26}},{"start":{"line":47,"column":8},"end":{"line":47,"column":61}}]},"4":{"loc":{"start":{"line":57,"column":6},"end":{"line":57,"column":19}},"type":"binary-expr","locations":[{"start":{"line":57,"column":6},"end":{"line":57,"column":19}},{"start":{"line":57,"column":23},"end":{"line":57,"column":59}}]}},"s":{"0":17,"1":17,"2":0,"3":0,"4":0,"5":17,"6":1,"7":17,"8":0,"9":0,"10":17,"11":0,"12":0,"13":0,"14":0,"15":0,"16":0,"17":0,"18":0,"19":0,"20":0,"21":0,"22":0,"23":0,"24":0,"25":0,"26":0,"27":0,"28":0,"29":0,"30":0,"31":0,"32":0,"33":0,"34":0,"35":0,"36":17,"37":0,"38":17,"39":0,"40":17,"41":0,"42":17,"43":0,"44":17,"45":0,"46":0,"47":0,"48":0,"49":0,"50":0,"51":17,"52":0,"53":17,"54":0,"55":0,"56":0,"57":17,"58":0,"59":17,"60":0,"61":0,"62":0,"63":17,"64":0,"65":17,"66":0,"67":0,"68":17,"69":0,"70":17,"71":0,"72":0,"73":0,"74":17,"75":0,"76":17,"77":0,"78":0,"79":0,"80":17,"81":0,"82":17,"83":0,"84":0,"85":0,"86":17,"87":0,"88":17,"89":0,"90":0,"91":17,"92":0,"93":17,"94":0,"95":0,"96":17,"97":0,"98":17,"99":0,"100":0,"101":17,"102":0,"103":17,"104":0,"105":0,"106":17,"107":0,"108":17,"109":0,"110":0,"111":17,"112":0,"113":17,"114":0,"115":0,"116":0,"117":17,"118":0,"119":17,"120":0,"121":0,"122":0,"123":0,"124":0,"125":17,"126":0,"127":17,"128":0,"129":0,"130":17,"131":0,"132":17,"133":0,"134":0,"135":17,"136":0,"137":17,"138":0,"139":0,"140":0,"141":0,"142":0,"143":17,"144":0},"f":{"0":0,"1":0,"2":0,"3":1,"4":0,"5":0,"6":0,"7":0,"8":0,"9":0,"10":0,"11":0,"12":0,"13":0,"14":0,"15":0,"16":0,"17":0,"18":0,"19":0,"20":0,"21":0,"22":0,"23":0,"24":0,"25":0,"26":0,"27":0,"28":0,"29":0,"30":0,"31":0,"32":0,"33":0,"34":0,"35":0,"36":0,"37":0,"38":0,"39":0,"40":0,"41":0,"42":0,"43":0,"44":0,"45":0,"46":0,"47":0,"48":0,"49":0,"50":0,"51":0,"52":0,"53":0,"54":0,"55":0,"56":0,"57":0,"58":0,"59":0,"60":0,"61":0,"62":0,"63":0,"64":0,"65":0,"66":0,"67":0,"68":0,"69":0,"70":0,"71":0,"72":0,"73":0,"74":0,"75":0,"76":0},"b":{"0":[0,0],"1":[0,0],"2":[0,0],"3":[0,0],"4":[0,0]}}
,"/Users/ericmorrison/Desktop/revature/homework/quiz/client/app/components/AchievementsPage.tsx": {"path":"/Users/ericmorrison/Desktop/revature/homework/quiz/client/app/components/AchievementsPage.tsx","statementMap":{"0":{"start":{"line":1,"column":0},"end":{"line":1,"column":39}},"1":{"start":{"line":2,"column":0},"end":{"line":2,"column":36}},"2":{"start":{"line":6,"column":2},"end":{"line":19,"column":3}},"3":{"start":{"line":7,"column":4},"end":{"line":18,"column":5}},"4":{"start":{"line":4,"column":0},"end":{"line":20,"column":1}},"5":{"start":{"line":22,"column":0},"end":{"line":22,"column":42}}},"fnMap":{"0":{"name":"(anonymous_1)","decl":{"start":{"line":4,"column":0},"end":{"line":null,"column":-1}},"loc":{"start":{"line":4,"column":0},"end":{"line":20,"column":1}}},"1":{"name":"(anonymous_2)","decl":{"start":{"line":6,"column":11},"end":{"line":6,"column":13}},"loc":{"start":{"line":6,"column":16},"end":{"line":19,"column":3}}}},"branchMap":{},"s":{"0":1,"1":1,"2":1,"3":1,"4":1,"5":1},"f":{"0":1,"1":1},"b":{}}
,"/Users/ericmorrison/Desktop/revature/homework/quiz/client/app/components/AddQuestion.tsx": {"path":"/Users/ericmorrison/Desktop/revature/homework/quiz/client/app/components/AddQuestion.tsx","statementMap":{"0":{"start":{"line":1,"column":0},"end":{"line":1,"column":40}},"1":{"start":{"line":2,"column":0},"end":{"line":2,"column":37}},"2":{"start":{"line":5,"column":0},"end":{"line":5,"column":64}},"3":{"start":{"line":6,"column":0},"end":{"line":6,"column":37}},"4":{"start":{"line":7,"column":0},"end":{"line":10,"column":26}},"5":{"start":{"line":11,"column":0},"end":{"line":11,"column":50}},"6":{"start":{"line":43,"column":2},"end":{"line":75,"column":4}},"7":{"start":{"line":77,"column":2},"end":{"line":77,"column":43}},"8":{"start":{"line":77,"column":16},"end":{"line":77,"column":42}},"9":{"start":{"line":79,"column":2},"end":{"line":79,"column":43}},"10":{"start":{"line":79,"column":16},"end":{"line":79,"column":42}},"11":{"start":{"line":81,"column":10},"end":{"line":89,"column":4}},"12":{"start":{"line":82,"column":18},"end":{"line":82,"column":32}},"13":{"start":{"line":83,"column":4},"end":{"line":88,"column":7}},"14":{"start":{"line":91,"column":2},"end":{"line":130,"column":4}},"15":{"start":{"line":91,"column":34},"end":{"line":130,"column":3}},"16":{"start":{"line":92,"column":27},"end":{"line":92,"column":29}},"17":{"start":{"line":93,"column":4},"end":{"line":106,"column":5}},"18":{"start":{"line":95,"column":16},"end":{"line":99,"column":7}},"19":{"start":{"line":97,"column":10},"end":{"line":97,"column":31}},"20":{"start":{"line":101,"column":27},"end":{"line":101,"column":35}},"21":{"start":{"line":102,"column":6},"end":{"line":105,"column":9}},"22":{"start":{"line":107,"column":17},"end":{"line":110,"column":5}},"23":{"start":{"line":111,"column":18},"end":{"line":111,"column":66}},"24":{"start":{"line":112,"column":4},"end":{"line":112,"column":56}},"25":{"start":{"line":113,"column":4},"end":{"line":128,"column":5}},"26":{"start":{"line":114,"column":6},"end":{"line":114,"column":41}},"27":{"start":{"line":115,"column":6},"end":{"line":118,"column":9}},"28":{"start":{"line":119,"column":6},"end":{"line":119,"column":54}},"29":{"start":{"line":120,"column":6},"end":{"line":122,"column":7}},"30":{"start":{"line":121,"column":8},"end":{"line":121,"column":52}},"31":{"start":{"line":124,"column":6},"end":{"line":127,"column":9}},"32":{"start":{"line":129,"column":4},"end":{"line":129,"column":17}},"33":{"start":{"line":132,"column":10},"end":{"line":183,"column":4}},"34":{"start":{"line":133,"column":19},"end":{"line":133,"column":33}},"35":{"start":{"line":134,"column":4},"end":{"line":182,"column":5}},"36":{"start":{"line":135,"column":6},"end":{"line":152,"column":9}},"37":{"start":{"line":154,"column":6},"end":{"line":181,"column":9}},"38":{"start":{"line":185,"column":10},"end":{"line":216,"column":4}},"39":{"start":{"line":190,"column":4},"end":{"line":215,"column":5}},"40":{"start":{"line":191,"column":24},"end":{"line":191,"column":47}},"41":{"start":{"line":192,"column":6},"end":{"line":192,"column":51}},"42":{"start":{"line":193,"column":6},"end":{"line":214,"column":9}},"43":{"start":{"line":218,"column":10},"end":{"line":227,"column":4}},"44":{"start":{"line":219,"column":24},"end":{"line":219,"column":58}},"45":{"start":{"line":220,"column":4},"end":{"line":220,"column":47}},"46":{"start":{"line":221,"column":4},"end":{"line":226,"column":7}},"47":{"start":{"line":229,"column":10},"end":{"line":246,"column":4}},"48":{"start":{"line":230,"column":4},"end":{"line":245,"column":5}},"49":{"start":{"line":231,"column":20},"end":{"line":231,"column":35}},"50":{"start":{"line":232,"column":6},"end":{"line":232,"column":65}},"51":{"start":{"line":234,"column":21},"end":{"line":234,"column":39}},"52":{"start":{"line":235,"column":6},"end":{"line":239,"column":7}},"53":{"start":{"line":236,"column":8},"end":{"line":238,"column":9}},"54":{"start":{"line":237,"column":10},"end":{"line":237,"column":41}},"55":{"start":{"line":240,"column":6},"end":{"line":240,"column":71}},"56":{"start":{"line":241,"column":6},"end":{"line":241,"column":50}},"57":{"start":{"line":242,"column":6},"end":{"line":242,"column":59}},"58":{"start":{"line":243,"column":6},"end":{"line":243,"column":49}},"59":{"start":{"line":244,"column":6},"end":{"line":244,"column":41}},"60":{"start":{"line":256,"column":10},"end":{"line":279,"column":4}},"61":{"start":{"line":261,"column":4},"end":{"line":277,"column":5}},"62":{"start":{"line":262,"column":6},"end":{"line":268,"column":9}},"63":{"start":{"line":270,"column":6},"end":{"line":276,"column":9}},"64":{"start":{"line":278,"column":4},"end":{"line":278,"column":48}},"65":{"start":{"line":281,"column":10},"end":{"line":297,"column":4}},"66":{"start":{"line":282,"column":22},"end":{"line":282,"column":26}},"67":{"start":{"line":283,"column":24},"end":{"line":283,"column":25}},"68":{"start":{"line":285,"column":4},"end":{"line":294,"column":5}},"69":{"start":{"line":286,"column":6},"end":{"line":286,"column":35}},"70":{"start":{"line":288,"column":6},"end":{"line":293,"column":7}},"71":{"start":{"line":289,"column":8},"end":{"line":291,"column":9}},"72":{"start":{"line":290,"column":10},"end":{"line":290,"column":39}},"73":{"start":{"line":292,"column":8},"end":{"line":292,"column":59}},"74":{"start":{"line":295,"column":4},"end":{"line":295,"column":73}},"75":{"start":{"line":296,"column":4},"end":{"line":296,"column":39}},"76":{"start":{"line":299,"column":10},"end":{"line":314,"column":4}},"77":{"start":{"line":300,"column":4},"end":{"line":313,"column":6}},"78":{"start":{"line":303,"column":10},"end":{"line":310,"column":12}},"79":{"start":{"line":306,"column":32},"end":{"line":306,"column":75}},"80":{"start":{"line":316,"column":10},"end":{"line":340,"column":4}},"81":{"start":{"line":317,"column":17},"end":{"line":317,"column":25}},"82":{"start":{"line":318,"column":22},"end":{"line":338,"column":5}},"83":{"start":{"line":318,"column":35},"end":{"line":338,"column":5}},"84":{"start":{"line":319,"column":19},"end":{"line":319,"column":35}},"85":{"start":{"line":320,"column":6},"end":{"line":320,"column":33}},"86":{"start":{"line":322,"column":6},"end":{"line":333,"column":19}},"87":{"start":{"line":323,"column":8},"end":{"line":323,"column":35}},"88":{"start":{"line":324,"column":8},"end":{"line":324,"column":46}},"89":{"start":{"line":325,"column":8},"end":{"line":332,"column":11}},"90":{"start":{"line":334,"column":6},"end":{"line":336,"column":8}},"91":{"start":{"line":335,"column":8},"end":{"line":335,"column":38}},"92":{"start":{"line":337,"column":6},"end":{"line":337,"column":24}},"93":{"start":{"line":339,"column":4},"end":{"line":339,"column":20}},"94":{"start":{"line":342,"column":10},"end":{"line":357,"column":4}},"95":{"start":{"line":343,"column":18},"end":{"line":343,"column":41}},"96":{"start":{"line":344,"column":27},"end":{"line":344,"column":50}},"97":{"start":{"line":345,"column":4},"end":{"line":348,"column":6}},"98":{"start":{"line":349,"column":4},"end":{"line":349,"column":46}},"99":{"start":{"line":350,"column":4},"end":{"line":356,"column":7}},"100":{"start":{"line":359,"column":10},"end":{"line":373,"column":4}},"101":{"start":{"line":360,"column":18},"end":{"line":360,"column":41}},"102":{"start":{"line":361,"column":27},"end":{"line":361,"column":50}},"103":{"start":{"line":362,"column":4},"end":{"line":365,"column":6}},"104":{"start":{"line":366,"column":4},"end":{"line":372,"column":7}},"105":{"start":{"line":375,"column":10},"end":{"line":382,"column":4}},"106":{"start":{"line":376,"column":4},"end":{"line":381,"column":7}},"107":{"start":{"line":384,"column":10},"end":{"line":458,"column":4}},"108":{"start":{"line":385,"column":4},"end":{"line":457,"column":5}},"109":{"start":{"line":387,"column":8},"end":{"line":454,"column":10}},"110":{"start":{"line":396,"column":18},"end":{"line":396,"column":56}},"111":{"start":{"line":407,"column":18},"end":{"line":407,"column":55}},"112":{"start":{"line":412,"column":14},"end":{"line":444,"column":16}},"113":{"start":{"line":420,"column":22},"end":{"line":420,"column":59}},"114":{"start":{"line":431,"column":22},"end":{"line":431,"column":66}},"115":{"start":{"line":440,"column":22},"end":{"line":440,"column":61}},"116":{"start":{"line":448,"column":16},"end":{"line":448,"column":48}},"117":{"start":{"line":456,"column":8},"end":{"line":456,"column":51}},"118":{"start":{"line":460,"column":10},"end":{"line":653,"column":4}},"119":{"start":{"line":461,"column":4},"end":{"line":652,"column":5}},"120":{"start":{"line":463,"column":8},"end":{"line":527,"column":10}},"121":{"start":{"line":472,"column":18},"end":{"line":472,"column":49}},"122":{"start":{"line":481,"column":18},"end":{"line":481,"column":56}},"123":{"start":{"line":490,"column":18},"end":{"line":490,"column":51}},"124":{"start":{"line":501,"column":18},"end":{"line":501,"column":49}},"125":{"start":{"line":510,"column":18},"end":{"line":510,"column":56}},"126":{"start":{"line":519,"column":18},"end":{"line":519,"column":51}},"127":{"start":{"line":529,"column":8},"end":{"line":651,"column":10}},"128":{"start":{"line":538,"column":18},"end":{"line":538,"column":49}},"129":{"start":{"line":547,"column":18},"end":{"line":547,"column":56}},"130":{"start":{"line":556,"column":18},"end":{"line":556,"column":51}},"131":{"start":{"line":567,"column":18},"end":{"line":567,"column":49}},"132":{"start":{"line":576,"column":18},"end":{"line":576,"column":56}},"133":{"start":{"line":585,"column":18},"end":{"line":585,"column":51}},"134":{"start":{"line":596,"column":18},"end":{"line":596,"column":49}},"135":{"start":{"line":605,"column":18},"end":{"line":605,"column":56}},"136":{"start":{"line":614,"column":18},"end":{"line":614,"column":51}},"137":{"start":{"line":625,"column":18},"end":{"line":625,"column":49}},"138":{"start":{"line":634,"column":18},"end":{"line":634,"column":56}},"139":{"start":{"line":643,"column":18},"end":{"line":643,"column":51}},"140":{"start":{"line":656,"column":2},"end":{"line":742,"column":4}},"141":{"start":{"line":657,"column":39},"end":{"line":657,"column":49}},"142":{"start":{"line":658,"column":35},"end":{"line":658,"column":45}},"143":{"start":{"line":663,"column":4},"end":{"line":741,"column":6}},"144":{"start":{"line":42,"column":0},"end":{"line":743,"column":1}},"145":{"start":{"line":745,"column":24},"end":{"line":755,"column":2}},"146":{"start":{"line":745,"column":49},"end":{"line":755,"column":1}},"147":{"start":{"line":753,"column":8},"end":{"line":753,"column":77}},"148":{"start":{"line":757,"column":0},"end":{"line":760,"column":15}}},"fnMap":{"0":{"name":"(anonymous_8)","decl":{"start":{"line":42,"column":0},"end":{"line":null,"column":-1}},"loc":{"start":{"line":42,"column":0},"end":{"line":743,"column":1}}},"1":{"name":"(anonymous_9)","decl":{"start":{"line":77,"column":10},"end":{"line":77,"column":12}},"loc":{"start":{"line":77,"column":16},"end":{"line":77,"column":42}}},"2":{"name":"(anonymous_10)","decl":{"start":{"line":79,"column":10},"end":{"line":79,"column":12}},"loc":{"start":{"line":79,"column":16},"end":{"line":79,"column":42}}},"3":{"name":"(anonymous_11)","decl":{"start":{"line":81,"column":24},"end":{"line":81,"column":25}},"loc":{"start":{"line":81,"column":35},"end":{"line":89,"column":3}}},"4":{"name":"(anonymous_12)","decl":{"start":{"line":91,"column":23},"end":{"line":91,"column":31}},"loc":{"start":{"line":91,"column":34},"end":{"line":130,"column":3}}},"5":{"name":"(anonymous_13)","decl":{"start":{"line":91,"column":34},"end":{"line":null,"column":-1}},"loc":{"start":{"line":91,"column":34},"end":{"line":130,"column":3}}},"6":{"name":"(anonymous_14)","decl":{"start":{"line":96,"column":33},"end":{"line":96,"column":38}},"loc":{"start":{"line":96,"column":42},"end":{"line":98,"column":9}}},"7":{"name":"(anonymous_15)","decl":{"start":{"line":132,"column":25},"end":{"line":132,"column":26}},"loc":{"start":{"line":132,"column":36},"end":{"line":183,"column":3}}},"8":{"name":"(anonymous_16)","decl":{"start":{"line":185,"column":22},"end":{"line":185,"column":23}},"loc":{"start":{"line":185,"column":33},"end":{"line":216,"column":3}}},"9":{"name":"(anonymous_17)","decl":{"start":{"line":218,"column":22},"end":{"line":218,"column":23}},"loc":{"start":{"line":218,"column":61},"end":{"line":227,"column":3}}},"10":{"name":"(anonymous_18)","decl":{"start":{"line":229,"column":24},"end":{"line":229,"column":35}},"loc":{"start":{"line":229,"column":39},"end":{"line":246,"column":3}}},"11":{"name":"(anonymous_19)","decl":{"start":{"line":256,"column":23},"end":{"line":257,"column":4}},"loc":{"start":{"line":260,"column":6},"end":{"line":279,"column":3}}},"12":{"name":"(anonymous_20)","decl":{"start":{"line":281,"column":28},"end":{"line":281,"column":29}},"loc":{"start":{"line":281,"column":67},"end":{"line":297,"column":3}}},"13":{"name":"(anonymous_21)","decl":{"start":{"line":299,"column":30},"end":{"line":299,"column":32}},"loc":{"start":{"line":299,"column":35},"end":{"line":314,"column":3}}},"14":{"name":"(anonymous_22)","decl":{"start":{"line":302,"column":37},"end":{"line":302,"column":38}},"loc":{"start":{"line":302,"column":49},"end":{"line":311,"column":9}}},"15":{"name":"(anonymous_23)","decl":{"start":{"line":306,"column":23},"end":{"line":306,"column":27}},"loc":{"start":{"line":306,"column":32},"end":{"line":306,"column":75}}},"16":{"name":"(anonymous_24)","decl":{"start":{"line":316,"column":19},"end":{"line":316,"column":20}},"loc":{"start":{"line":316,"column":34},"end":{"line":340,"column":3}}},"17":{"name":"(anonymous_25)","decl":{"start":{"line":318,"column":22},"end":{"line":318,"column":28}},"loc":{"start":{"line":318,"column":35},"end":{"line":338,"column":5}}},"18":{"name":"(anonymous_26)","decl":{"start":{"line":318,"column":35},"end":{"line":null,"column":-1}},"loc":{"start":{"line":318,"column":35},"end":{"line":338,"column":5}}},"19":{"name":"(anonymous_27)","decl":{"start":{"line":322,"column":22},"end":{"line":null,"column":-1}},"loc":{"start":{"line":322,"column":22},"end":{"line":333,"column":7}}},"20":{"name":"(anonymous_28)","decl":{"start":{"line":334,"column":23},"end":{"line":334,"column":31}},"loc":{"start":{"line":334,"column":37},"end":{"line":336,"column":7}}},"21":{"name":"(anonymous_29)","decl":{"start":{"line":342,"column":33},"end":{"line":342,"column":34}},"loc":{"start":{"line":342,"column":58},"end":{"line":357,"column":3}}},"22":{"name":"(anonymous_30)","decl":{"start":{"line":359,"column":28},"end":{"line":359,"column":29}},"loc":{"start":{"line":359,"column":64},"end":{"line":373,"column":3}}},"23":{"name":"(anonymous_31)","decl":{"start":{"line":375,"column":27},"end":{"line":375,"column":28}},"loc":{"start":{"line":375,"column":38},"end":{"line":382,"column":3}}},"24":{"name":"(anonymous_32)","decl":{"start":{"line":384,"column":37},"end":{"line":384,"column":39}},"loc":{"start":{"line":384,"column":42},"end":{"line":458,"column":3}}},"25":{"name":"(anonymous_33)","decl":{"start":{"line":395,"column":26},"end":{"line":395,"column":27}},"loc":{"start":{"line":395,"column":30},"end":{"line":397,"column":17}}},"26":{"name":"(anonymous_34)","decl":{"start":{"line":406,"column":26},"end":{"line":406,"column":27}},"loc":{"start":{"line":406,"column":30},"end":{"line":408,"column":17}}},"27":{"name":"(anonymous_35)","decl":{"start":{"line":411,"column":63},"end":{"line":411,"column":64}},"loc":{"start":{"line":411,"column":75},"end":{"line":445,"column":13}}},"28":{"name":"(anonymous_36)","decl":{"start":{"line":419,"column":30},"end":{"line":419,"column":31}},"loc":{"start":{"line":419,"column":34},"end":{"line":421,"column":21}}},"29":{"name":"(anonymous_37)","decl":{"start":{"line":430,"column":30},"end":{"line":430,"column":31}},"loc":{"start":{"line":430,"column":34},"end":{"line":432,"column":21}}},"30":{"name":"(anonymous_38)","decl":{"start":{"line":439,"column":30},"end":{"line":439,"column":31}},"loc":{"start":{"line":439,"column":34},"end":{"line":441,"column":21}}},"31":{"name":"(anonymous_39)","decl":{"start":{"line":447,"column":23},"end":{"line":
[...]
,"/Users/ericmorrison/Desktop/revature/homework/quiz/client/app/components/modals/SubmitQuizModal.tsx": {"path":"/Users/ericmorrison/Desktop/revature/homework/quiz/client/app/components/modals/SubmitQuizModal.tsx","statementMap":{"0":{"start":{"line":1,"column":0},"end":{"line":1,"column":39}},"1":{"start":{"line":2,"column":0},"end":{"line":2,"column":36}},"2":{"start":{"line":3,"column":0},"end":{"line":3,"column":63}},"3":{"start":{"line":4,"column":0},"end":{"line":4,"column":27}},"4":{"start":{"line":5,"column":0},"end":{"line":5,"column":46}},"5":{"start":{"line":6,"column":0},"end":{"line":6,"column":74}},"6":{"start":{"line":7,"column":0},"end":{"line":7,"column":52}},"7":{"start":{"line":27,"column":4},"end":{"line":27,"column":16}},"8":{"start":{"line":30,"column":2},"end":{"line":30,"column":42}},"9":{"start":{"line":31,"column":2},"end":{"line":31,"column":27}},"10":{"start":{"line":33,"column":2},"end":{"line":33,"column":40}},"11":{"start":{"line":33,"column":18},"end":{"line":33,"column":40}},"12":{"start":{"line":35,"column":9},"end":{"line":78,"column":3}},"13":{"start":{"line":36,"column":4},"end":{"line":36,"column":22}},"14":{"start":{"line":37,"column":4},"end":{"line":37,"column":34}},"15":{"start":{"line":38,"column":4},"end":{"line":43,"column":5}},"16":{"start":{"line":53,"column":26},"end":{"line":72,"column":5}},"17":{"start":{"line":54,"column":23},"end":{"line":62,"column":8}},"18":{"start":{"line":55,"column":8},"end":{"line":60,"column":9}},"19":{"start":{"line":61,"column":8},"end":{"line":61,"column":46}},"20":{"start":{"line":64,"column":21},"end":{"line":69,"column":7}},"21":{"start":{"line":65,"column":8},"end":{"line":68,"column":10}},"22":{"start":{"line":66,"column":10},"end":{"line":66,"column":32}},"23":{"start":{"line":67,"column":10},"end":{"line":67,"column":37}},"24":{"start":{"line":71,"column":6},"end":{"line":71,"column":16}},"25":{"start":{"line":74,"column":4},"end":{"line":74,"column":25}},"26":{"start":{"line":76,"column":4},"end":{"line":76,"column":18}},"27":{"start":{"line":77,"column":4},"end":{"line":77,"column":61}},"28":{"start":{"line":81,"column":2},"end":{"line":112,"column":3}},"29":{"start":{"line":82,"column":4},"end":{"line":111,"column":5}},"30":{"start":{"line":25,"column":0},"end":{"line":113,"column":1}},"31":{"start":{"line":115,"column":24},"end":{"line":123,"column":2}},"32":{"start":{"line":115,"column":43},"end":{"line":123,"column":1}},"33":{"start":{"line":125,"column":0},"end":{"line":130,"column":1}}},"fnMap":{"0":{"name":"(anonymous_2)","decl":{"start":{"line":26,"column":2},"end":{"line":26,"column":13}},"loc":{"start":{"line":26,"column":19},"end":{"line":28,"column":3}}},"1":{"name":"(anonymous_3)","decl":{"start":{"line":33,"column":12},"end":{"line":33,"column":14}},"loc":{"start":{"line":33,"column":18},"end":{"line":33,"column":40}}},"2":{"name":"(anonymous_4)","decl":{"start":{"line":35,"column":18},"end":{"line":35,"column":19}},"loc":{"start":{"line":35,"column":29},"end":{"line":78,"column":3}}},"3":{"name":"(anonymous_5)","decl":{"start":{"line":53,"column":26},"end":{"line":53,"column":34}},"loc":{"start":{"line":53,"column":36},"end":{"line":72,"column":5}}},"4":{"name":"(anonymous_6)","decl":{"start":{"line":54,"column":35},"end":{"line":54,"column":43}},"loc":{"start":{"line":54,"column":59},"end":{"line":62,"column":7}}},"5":{"name":"(anonymous_7)","decl":{"start":{"line":64,"column":21},"end":{"line":null,"column":-1}},"loc":{"start":{"line":64,"column":21},"end":{"line":69,"column":7}}},"6":{"name":"(anonymous_8)","decl":{"start":{"line":65,"column":24},"end":{"line":65,"column":32}},"loc":{"start":{"line":65,"column":36},"end":{"line":68,"column":9}}},"7":{"name":"(anonymous_9)","decl":{"start":{"line":81,"column":11},"end":{"line":81,"column":13}},"loc":{"start":{"line":81,"column":16},"end":{"line":112,"column":3}}},"8":{"name":"(anonymous_10)","decl":{"start":{"line":115,"column":24},"end":{"line":115,"column":25}},"loc":{"start":{"line":115,"column":43},"end":{"line":123,"column":1}}}},"branchMap":{"0":{"loc":{"start":{"line":91,"column":12},"end":{"line":91,"column":80}},"type":"cond-expr","locations":[{"start":{"line":91,"column":12},"end":{"line":91,"column":80}},{"start":{"line":93,"column":12},"end":{"line":95,"column":16}}]},"1":{"loc":{"start":{"line":102,"column":13},"end":{"line":103,"column":46}},"type":"binary-expr","locations":[{"start":{"line":102,"column":13},"end":{"line":103,"column":46}},{"start":{"line":104,"column":14},"end":{"line":106,"column":23}}]},"2":{"loc":{"start":{"line":120,"column":4},"end":{"line":120,"column":46}},"type":"binary-expr","locations":[{"start":{"line":120,"column":4},"end":{"line":120,"column":46}},{"start":{"line":121,"column":4},"end":{"line":121,"column":37}}]}},"s":{"0":1,"1":1,"2":1,"3":1,"4":1,"5":1,"6":1,"7":0,"8":0,"9":0,"10":0,"11":0,"12":0,"13":0,"14":0,"15":0,"16":0,"17":0,"18":0,"19":0,"20":0,"21":0,"22":0,"23":0,"24":0,"25":0,"26":0,"27":0,"28":0,"29":0,"30":1,"31":1,"32":0,"33":1},"f":{"0":0,"1":0,"2":0,"3":0,"4":0,"5":0,"6":0,"7":0,"8":0},"b":{"0":[0,0],"1":[0,0],"2":[0,0]}}
,"/Users/ericmorrison/Desktop/revature/homework/quiz/client/app/constants/modaltypes.ts": {"path":"/Users/ericmorrison/Desktop/revature/homework/quiz/client/app/constants/modaltypes.ts","statementMap":{"0":{"start":{"line":1,"column":13},"end":{"line":1,"column":52}},"1":{"start":{"line":2,"column":13},"end":{"line":2,"column":52}},"2":{"start":{"line":3,"column":13},"end":{"line":3,"column":52}},"3":{"start":{"line":4,"column":13},"end":{"line":4,"column":60}}},"fnMap":{},"branchMap":{},"s":{"0":4,"1":4,"2":4,"3":4},"f":{},"b":{}}
,"/Users/ericmorrison/Desktop/revature/homework/quiz/client/app/helpers/helpers.ts": {"path":"/Users/ericmorrison/Desktop/revature/homework/quiz/client/app/helpers/helpers.ts","statementMap":{"0":{"start":{"line":2,"column":13},"end":{"line":15,"column":1}},"1":{"start":{"line":3,"column":10},"end":{"line":3,"column":30}},"2":{"start":{"line":4,"column":2},"end":{"line":9,"column":3}},"3":{"start":{"line":8,"column":4},"end":{"line":8,"column":26}},"4":{"start":{"line":10,"column":2},"end":{"line":14,"column":4}},"5":{"start":{"line":11,"column":12},"end":{"line":11,"column":45}},"6":{"start":{"line":12,"column":4},"end":{"line":12,"column":26}},"7":{"start":{"line":13,"column":4},"end":{"line":13,"column":57}},"8":{"start":{"line":18,"column":13},"end":{"line":31,"column":1}},"9":{"start":{"line":20,"column":2},"end":{"line":20,"column":77}},"10":{"start":{"line":20,"column":38},"end":{"line":20,"column":62}},"11":{"start":{"line":20,"column":65},"end":{"line":20,"column":77}},"12":{"start":{"line":23,"column":2},"end":{"line":30,"column":4}},"13":{"start":{"line":25,"column":4},"end":{"line":29,"column":39}},"14":{"start":{"line":27,"column":6},"end":{"line":27,"column":49}},"15":{"start":{"line":29,"column":9},"end":{"line":29,"column":39}}},"fnMap":{"0":{"name":"(anonymous_0)","decl":{"start":{"line":2,"column":28},"end":{"line":2,"column":30}},"loc":{"start":{"line":2,"column":33},"end":{"line":15,"column":1}}},"1":{"name":"(anonymous_1)","decl":{"start":{"line":10,"column":65},"end":{"line":10,"column":66}},"loc":{"start":{"line":10,"column":69},"end":{"line":14,"column":3}}},"2":{"name":"(anonymous_2)","decl":{"start":{"line":18,"column":30},"end":{"line":18,"column":31}},"loc":{"start":{"line":18,"column":45},"end":{"line":31,"column":1}}},"3":{"name":"(anonymous_3)","decl":{"start":{"line":20,"column":31},"end":{"line":20,"column":33}},"loc":{"start":{"line":20,"column":38},"end":{"line":20,"column":62}}},"4":{"name":"(anonymous_4)","decl":{"start":{"line":23,"column":33},"end":{"line":23,"column":35}},"loc":{"start":{"line":23,"column":39},"end":{"line":30,"column":3}}}},"branchMap":{"0":{"loc":{"start":{"line":4,"column":2},"end":{"line":9,"column":3}},"type":"if","locations":[{"start":{"line":4,"column":2},"end":{"line":9,"column":3}},{"start":{"line":4,"column":2},"end":{"line":9,"column":3}}]},"1":{"loc":{"start":{"line":5,"column":4},"end":{"line":5,"column":38}},"type":"binary-expr","locations":[{"start":{"line":5,"column":4},"end":{"line":5,"column":38}},{"start":{"line":6,"column":4},"end":{"line":6,"column":41}}]},"2":{"loc":{"start":{"line":13,"column":24},"end":{"line":13,"column":25}},"type":"cond-expr","locations":[{"start":{"line":13,"column":24},"end":{"line":13,"column":25}},{"start":{"line":13,"column":28},"end":{"line":13,"column":43}}]},"3":{"loc":{"start":{"line":20,"column":2},"end":{"line":20,"column":77}},"type":"if","locations":[{"start":{"line":20,"column":2},"end":{"line":20,"column":77}},{"start":{"line":20,"column":2},"end":{"line":20,"column":77}}]},"4":{"loc":{"start":{"line":25,"column":4},"end":{"line":29,"column":39}},"type":"if","locations":[{"start":{"line":25,"column":4},"end":{"line":29,"column":39}},{"start":{"line":25,"column":4},"end":{"line":29,"column":39}}]},"5":{"loc":{"start":{"line":25,"column":8},"end":{"line":25,"column":36}},"type":"binary-expr","locations":[{"start":{"line":25,"column":8},"end":{"line":25,"column":36}},{"start":{"line":25,"column":40},"end":{"line":25,"column":68}}]}},"s":{"0":2,"1":0,"2":0,"3":0,"4":0,"5":0,"6":0,"7":0,"8":2,"9":0,"10":0,"11":0,"12":0,"13":0,"14":0,"15":0},"f":{"0":0,"1":0,"2":0,"3":0,"4":0},"b":{"0":[0,0],"1":[0,0],"2":[0,0],"3":[0,0],"4":[0,0],"5":[0,0]}}
,"/Users/ericmorrison/Desktop/revature/homework/quiz/client/app/interceptors/auth.interceptor.ts": {"path":"/Users/ericmorrison/Desktop/revature/homework/quiz/client/app/interceptors/auth.interceptor.ts","statementMap":{"0":{"start":{"line":1,"column":0},"end":{"line":1,"column":24}},"1":{"start":{"line":2,"column":13},"end":{"line":2,"column":45}},"2":{"start":{"line":3,"column":0},"end":{"line":6,"column":2}},"3":{"start":{"line":4,"column":2},"end":{"line":4,"column":65}},"4":{"start":{"line":5,"column":2},"end":{"line":5,"column":15}}},"fnMap":{"0":{"name":"(anonymous_1)","decl":{"start":{"line":3,"column":41},"end":{"line":3,"column":46}},"loc":{"start":{"line":3,"column":50},"end":{"line":6,"column":1}}}},"branchMap":{},"s":{"0":18,"1":18,"2":18,"3":0,"4":0},"f":{"0":0},"b":{}}
,"/Users/ericmorrison/Desktop/revature/homework/quiz/client/app/tests/setupTests.ts": {"path":"/Users/ericmorrison/Desktop/revature/homework/quiz/client/app/tests/setupTests.ts","statementMap":{"0":{"start":{"line":1,"column":0},"end":{"line":1,"column":26}},"1":{"start":{"line":2,"column":0},"end":{"line":2,"column":44}},"2":{"start":{"line":4,"column":0},"end":{"line":6,"column":2}}},"fnMap":{},"branchMap":{},"s":{"0":27,"1":27,"2":27},"f":{},"b":{}}
,"/Users/ericmorrison/Desktop/revature/homework/quiz/client/public/icons/achievements-icon.svg": {"path":"/Users/ericmorrison/Desktop/revature/homework/quiz/client/public/icons/achievements-icon.svg","statementMap":{"0":{"start":{"line":2,"column":14},"end":{"line":2,"column":30}},"1":{"start":{"line":4,"column":2},"end":{"line":7,"column":4}},"2":{"start":{"line":9,"column":0},"end":{"line":9,"column":37}}},"fnMap":{"0":{"name":"SvgAchievementsIcon","decl":{"start":{"line":3,"column":9},"end":{"line":3,"column":28}},"loc":{"start":{"line":3,"column":36},"end":{"line":8,"column":1}},"line":3}},"branchMap":{},"s":{"0":1,"1":0,"2":1},"f":{"0":0},"b":{},"_coverageSchema":"332fd63041d2c1bcb487cc26dd0d5f7d97098a6c","hash":"786f0835b7fb439836d973bd8f07f1d6e3a866a0"}
,"/Users/ericmorrison/Desktop/revature/homework/quiz/client/public/icons/add-quiz-icon.svg": {"path":"/Users/ericmorrison/Desktop/revature/homework/quiz/client/public/icons/add-quiz-icon.svg","statementMap":{"0":{"start":{"line":2,"column":14},"end":{"line":2,"column":30}},"1":{"start":{"line":4,"column":2},"end":{"line":7,"column":4}},"2":{"start":{"line":9,"column":0},"end":{"line":9,"column":32}}},"fnMap":{"0":{"name":"SvgAddQuizIcon","decl":{"start":{"line":3,"column":9},"end":{"line":3,"column":23}},"loc":{"start":{"line":3,"column":31},"end":{"line":8,"column":1}},"line":3}},"branchMap":{},"s":{"0":1,"1":0,"2":1},"f":{"0":0},"b":{},"_coverageSchema":"332fd63041d2c1bcb487cc26dd0d5f7d97098a6c","hash":"493d8fb400783612deb32987f3ab01cecde946f1"}
,"/Users/ericmorrison/Desktop/revature/homework/quiz/client/public/icons/arrow-icon.svg": {"path":"/Users/ericmorrison/Desktop/revature/homework/quiz/client/public/icons/arrow-icon.svg","statementMap":{"0":{"start":{"line":2,"column":14},"end":{"line":2,"column":30}},"1":{"start":{"line":4,"column":2},"end":{"line":7,"column":4}},"2":{"start":{"line":9,"column":0},"end":{"line":9,"column":30}}},"fnMap":{"0":{"name":"SvgArrowIcon","decl":{"start":{"line":3,"column":9},"end":{"line":3,"column":21}},"loc":{"start":{"line":3,"column":29},"end":{"line":8,"column":1}},"line":3}},"branchMap":{},"s":{"0":1,"1":0,"2":1},"f":{"0":0},"b":{},"_coverageSchema":"332fd63041d2c1bcb487cc26dd0d5f7d97098a6c","hash":"d4c29cac875ed62e936dc588a0c4e2140daebdc4"}
,"/Users/ericmorrison/Desktop/revature/homework/quiz/client/public/icons/cart-icon.svg": {"path":"/Users/ericmorrison/Desktop/revature/homework/quiz/client/public/icons/cart-icon.svg","statementMap":{"0":{"start":{"line":2,"column":14},"end":{"line":2,"column":30}},"1":{"start":{"line":4,"column":2},"end":{"line":7,"column":4}},"2":{"start":{"line":9,"column":0},"end":{"line":9,"column":29}}},"fnMap":{"0":{"name":"SvgCartIcon","decl":{"start":{"line":3,"column":9},"end":{"line":3,"column":20}},"loc":{"start":{"line":3,"column":28},"end":{"line":8,"column":1}},"line":3}},"branchMap":{},"s":{"0":1,"1":0,"2":1},"f":{"0":0},"b":{},"_coverageSchema":"332fd63041d2c1bcb487cc26dd0d5f7d97098a6c","hash":"6e44420a3531674495ee2db91b62227b76771a4c"}
,"/Users/ericmorrison/Desktop/revature/homework/quiz/client/public/icons/coin-icon.svg": {"path":"/Users/ericmorrison/Desktop/revature/homework/quiz/client/public/icons/coin-icon.svg","statementMap":{"0":{"start":{"line":2,"column":14},"end":{"line":2,"column":30}},"1":{"start":{"line":4,"column":2},"end":{"line":7,"column":4}},"2":{"start":{"line":9,"column":0},"end":{"line":9,"column":29}}},"fnMap":{"0":{"name":"SvgCoinIcon","decl":{"start":{"line":3,"column":9},"end":{"line":3,"column":20}},"loc":{"start":{"line":3,"column":28},"end":{"line":8,"column":1}},"line":3}},"branchMap":{},"s":{"0":5,"1":0,"2":5},"f":{"0":0},"b":{},"_coverageSchema":"332fd63041d2c1bcb487cc26dd0d5f7d97098a6c","hash":"9e312480eee47c09d5fe1f0e65ae921e0afd9a8e"}
,"/Users/ericmorrison/Desktop/revature/homework/quiz/client/public/icons/double-icon.svg": {"path":"/Users/ericmorrison/Desktop/revature/homework/quiz/client/public/icons/double-icon.svg","statementMap":{"0":{"start":{"line":2,"column":14},"end":{"line":2,"column":30}},"1":{"start":{"line":4,"column":2},"end":{"line":7,"column":4}},"2":{"start":{"line":9,"column":0},"end":{"line":9,"column":31}}},"fnMap":{"0":{"name":"SvgDoubleIcon","decl":{"start":{"line":3,"column":9},"end":{"line":3,"column":22}},"loc":{"start":{"line":3,"column":30},"end":{"line":8,"column":1}},"line":3}},"branchMap":{},"s":{"0":3,"1":0,"2":3},"f":{"0":0},"b":{},"_coverageSchema":"332fd63041d2c1bcb487cc26dd0d5f7d97098a6c","hash":"b6ca38583feabd21e80586082b19812319aa1827"}
,"/Users/ericmorrison/Desktop/revature/homework/quiz/client/public/icons/forgive-icon.svg": {"path":"/Users/ericmorrison/Desktop/revature/homework/quiz/client/public/icons/forgive-icon.svg","statementMap":{"0":{"start":{"line":2,"column":14},"end":{"line":2,"column":30}},"1":{"start":{"line":4,"column":2},"end":{"line":7,"column":4}},"2":{"start":{"line":9,"column":0},"end":{"line":9,"column":32}}},"fnMap":{"0":{"name":"SvgForgiveIcon","decl":{"start":{"line":3,"column":9},"end":{"line":3,"column":23}},"loc":{"start":{"line":3,"column":31},"end":{"line":8,"column":1}},"line":3}},"branchMap":{},"s":{"0":3,"1":0,"2":3},"f":{"0":0},"b":{},"_coverageSchema":"332fd63041d2c1bcb487cc26dd0d5f7d97098a6c","hash":"64bd832063b90eb9970cbe31fe4b97dbc573681c"}
,"/Users/ericmorrison/Desktop/revature/homework/quiz/client/public/icons/menu-icon.svg": {"path":"/Users/ericmorrison/Desktop/revature/homework/quiz/client/public/icons/menu-icon.svg","statementMap":{"0":{"start":{"line":2,"column":14},"end":{"line":2,"column":30}},"1":{"start":{"line":4,"column":2},"end":{"line":7,"column":4}},"2":{"start":{"line":9,"column":0},"end":{"line":9,"column":29}}},"fnMap":{"0":{"name":"SvgMenuIcon","decl":{"start":{"line":3,"column":9},"end":{"line":3,"column":20}},"loc":{"start":{"line":3,"column":28},"end":{"line":8,"column":1}},"line":3}},"branchMap":{},"s":{"0":1,"1":0,"2":1},"f":{"0":0},"b":{},"_coverageSchema":"332fd63041d2c1bcb487cc26dd0d5f7d97098a6c","hash":"9268b750b9bb9915b13227d54f346232ce924f95"}
,"/Users/ericmorrison/Desktop/revature/homework/quiz/client/public/icons/mouse-icon.svg": {"path":"/Users/ericmorrison/Desktop/revature/homework/quiz/client/public/icons/mouse-icon.svg","statementMap":{"0":{"start":{"line":2,"column":14},"end":{"line":2,"column":30}},"1":{"start":{"line":4,"column":2},"end":{"line":7,"column":4}},"2":{"start":{"line":9,"column":0},"end":{"line":9,"column":30}}},"fnMap":{"0":{"name":"SvgMouseIcon","decl":{"start":{"line":3,"column":9},"end":{"line":3,"column":21}},"loc":{"start":{"line":3,"column":29},"end":{"line":8,"column":1}},"line":3}},"branchMap":{},"s":{"0":1,"1":0,"2":1},"f":{"0":0},"b":{},"_coverageSchema":"332fd63041d2c1bcb487cc26dd0d5f7d97098a6c","hash":"dfbe8dbd1f4228a66528a0a47f79e7335d6eb432"}
,"/Users/ericmorrison/Desktop/revature/homework/quiz/client/public/icons/parse-icon.svg": {"path":"/Users/ericmorrison/Desktop/revature/homework/quiz/client/public/icons/parse-icon.svg","statementMap":{"0":{"start":{"line":2,"column":14},"end":{"line":2,"column":30}},"1":{"start":{"line":4,"column":2},"end":{"line":7,"column":4}},"2":{"start":{"line":9,"column":0},"end":{"line":9,"column":30}}},"fnMap":{"0":{"name":"SvgParseIcon","decl":{"start":{"line":3,"column":9},"end":{"line":3,"column":21}},"loc":{"start":{"line":3,"column":29},"end":{"line":8,"column":1}},"line":3}},"branchMap":{},"s":{"0":3,"1":0,"2":3},"f":{"0":0},"b":{},"_coverageSchema":"332fd63041d2c1bcb487cc26dd0d5f7d97098a6c","hash":"339919f2d7d9bb0f3eae03d5a480b46433a31743"}
,"/Users/ericmorrison/Desktop/revature/homework/quiz/client/public/icons/settings-icon.svg": {"path":"/Users/ericmorrison/Desktop/revature/homework/quiz/client/public/icons/settings-icon.svg","statementMap":{"0":{"start":{"line":2,"column":14},"end":{"line":2,"column":30}},"1":{"start":{"line":4,"column":2},"end":{"line":7,"column":4}},"2":{"start":{"line":9,"column":0},"end":{"line":9,"column":33}}},"fnMap":{"0":{"name":"SvgSettingsIcon","decl":{"start":{"line":3,"column":9},"end":{"line":3,"column":24}},"loc":{"start":{"line":3,"column":32},"end":{"line":8,"column":1}},"line":3}},"branchMap":{},"s":{"0":1,"1":0,"2":1},"f":{"0":0},"b":{},"_coverageSchema":"332fd63041d2c1bcb487cc26dd0d5f7d97098a6c","hash":"4018fa34ecb88ba088693b0bcddb00253c393ba3"}
,"/Users/ericmorrison/Desktop/revature/homework/quiz/client/public/icons/view-quizzes-icon.svg": {"path":"/Users/ericmorrison/Desktop/revature/homework/quiz/client/public/icons/view-quizzes-icon.svg","statementMap":{"0":{"start":{"line":2,"column":14},"end":{"line":2,"column":30}},"1":{"start":{"line":4,"column":2},"end":{"line":7,"column":4}},"2":{"start":{"line":9,"column":0},"end":{"line":9,"column":36}}},"fnMap":{"0":{"name":"SvgViewQuizzesIcon","decl":{"start":{"line":3,"column":9},"end":{"line":3,"column":27}},"loc":{"start":{"line":3,"column":35},"end":{"line":8,"column":1}},"line":3}},"branchMap":{},"s":{"0":1,"1":0,"2":1},"f":{"0":0},"b":{},"_coverageSchema":"332fd63041d2c1bcb487cc26dd0d5f7d97098a6c","hash":"b5239cbd1ef075f3a7620706441c739422dbb4d6"}
}
