TN:
SF:C:\Users\Shawn\Documents\revature\final-project-ui\environment.ts
FNF:0
FNH:0
DA:1,5
DA:4,5
DA:13,5
LF:3
LH:3
BRDA:13,0,0,0
BRDA:13,0,1,5
BRF:2
BRH:1
end_of_record
TN:
SF:C:\Users\Shawn\Documents\revature\final-project-ui\client\app\path-list.ts
FN:98,(anonymous_0)
FN:99,(anonymous_1)
FN:101,(anonymous_2)
FN:102,(anonymous_3)
FN:104,(anonymous_4)
FN:107,(anonymous_5)
FN:109,(anonymous_6)
FN:112,(anonymous_7)
FN:114,(anonymous_8)
FN:117,(anonymous_9)
FN:119,(anonymous_10)
FN:122,(anonymous_11)
FN:126,(anonymous_12)
FN:126,(anonymous_13)
FN:128,(anonymous_14)
FN:129,(anonymous_15)
FN:131,(anonymous_16)
FN:132,(anonymous_17)
FN:134,(anonymous_18)
FN:135,(anonymous_19)
FN:137,(anonymous_20)
FN:138,(anonymous_21)
FN:140,(anonymous_22)
FN:141,(anonymous_23)
FN:143,(anonymous_24)
FN:144,(anonymous_25)
FN:146,(anonymous_26)
FN:149,(anonymous_27)
FN:151,(anonymous_28)
FN:154,(anonymous_29)
FN:156,(anonymous_30)
FN:157,(anonymous_31)
FN:159,(anonymous_32)
FN:165,(anonymous_33)
FN:167,(anonymous_34)
FN:170,(anonymous_35)
FN:174,(anonymous_36)
FN:177,(anonymous_37)
FN:179,(anonymous_38)
FN:180,(anonymous_39)
FN:182,(anonymous_40)
FN:185,(anonymous_41)
FN:187,(anonymous_42)
FN:188,(anonymous_43)
FN:190,(anonymous_44)
FN:193,(anonymous_45)
FN:195,(anonymous_46)
FN:196,(anonymous_47)
FN:205,(anonymous_48)
FN:206,(anonymous_49)
FN:208,(anonymous_50)
FN:209,(anonymous_51)
FNF:52
FNH:0
FNDA:0,(anonymous_0)
FNDA:0,(anonymous_1)
FNDA:0,(anonymous_2)
FNDA:0,(anonymous_3)
FNDA:0,(anonymous_4)
FNDA:0,(anonymous_5)
FNDA:0,(anonymous_6)
FNDA:0,(anonymous_7)
FNDA:0,(anonymous_8)
FNDA:0,(anonymous_9)
FNDA:0,(anonymous_10)
FNDA:0,(anonymous_11)
FNDA:0,(anonymous_12)
FNDA:0,(anonymous_13)
FNDA:0,(anonymous_14)
FNDA:0,(anonymous_15)
FNDA:0,(anonymous_16)
FNDA:0,(anonymous_17)
FNDA:0,(anonymous_18)
FNDA:0,(anonymous_19)
FNDA:0,(anonymous_20)
FNDA:0,(anonymous_21)
FNDA:0,(anonymous_22)
FNDA:0,(anonymous_23)
FNDA:0,(anonymous_24)
FNDA:0,(anonymous_25)
FNDA:0,(anonymous_26)
FNDA:0,(anonymous_27)
FNDA:0,(anonymous_28)
FNDA:0,(anonymous_29)
FNDA:0,(anonymous_30)
FNDA:0,(anonymous_31)
FNDA:0,(anonymous_32)
FNDA:0,(anonymous_33)
FNDA:0,(anonymous_34)
FNDA:0,(anonymous_35)
FNDA:0,(anonymous_36)
FNDA:0,(anonymous_37)
FNDA:0,(anonymous_38)
FNDA:0,(anonymous_39)
FNDA:0,(anonymous_40)
FNDA:0,(anonymous_41)
FNDA:0,(anonymous_42)
FNDA:0,(anonymous_43)
FNDA:0,(anonymous_44)
FNDA:0,(anonymous_45)
FNDA:0,(anonymous_46)
FNDA:0,(anonymous_47)
FNDA:0,(anonymous_48)
FNDA:0,(anonymous_49)
FNDA:0,(anonymous_50)
FNDA:0,(anonymous_51)
DA:2,16
DA:9,16
DA:12,16
DA:15,16
DA:18,16
DA:21,16
DA:24,16
DA:27,16
DA:30,16
DA:33,16
DA:36,16
DA:38,16
DA:41,16
DA:44,16
DA:47,16
DA:50,16
DA:53,16
DA:56,16
DA:59,16
DA:65,16
DA:68,16
DA:71,16
DA:74,16
DA:77,16
DA:80,16
DA:96,16
DA:99,0
DA:102,0
DA:105,0
DA:107,0
DA:110,0
DA:112,0
DA:115,0
DA:117,0
DA:120,0
DA:122,0
DA:126,0
DA:129,0
DA:132,0
DA:135,0
DA:138,0
DA:141,0
DA:144,0
DA:147,0
DA:149,0
DA:152,0
DA:154,0
DA:157,0
DA:160,0
DA:165,0
DA:168,0
DA:170,0
DA:175,0
DA:177,0
DA:180,0
DA:183,0
DA:185,0
DA:188,0
DA:191,0
DA:193,0
DA:196,0
DA:206,0
DA:209,0
LF:63
LH:26
BRF:0
BRH:0
end_of_record
TN:
SF:C:\Users\Shawn\Documents\revature\final-project-ui\client\app\actions\app.ts
FN:7,(anonymous_7)
FN:7,(anonymous_8)
FN:13,(anonymous_9)
FN:13,(anonymous_10)
FN:18,(anonymous_11)
FN:18,(anonymous_12)
FN:18,(anonymous_13)
FN:30,(anonymous_14)
FNF:8
FNH:0
FNDA:0,(anonymous_7)
FNDA:0,(anonymous_8)
FNDA:0,(anonymous_9)
FNDA:0,(anonymous_10)
FNDA:0,(anonymous_11)
FNDA:0,(anonymous_12)
FNDA:0,(anonymous_13)
FNDA:0,(anonymous_14)
DA:2,1
DA:7,1
DA:8,0
DA:13,1
DA:14,0
DA:18,1
DA:19,0
DA:20,0
DA:22,0
DA:27,0
DA:30,1
LF:11
LH:5
BRF:0
BRH:0
end_of_record
TN:
SF:C:\Users\Shawn\Documents\revature\final-project-ui\client\app\actions\auth.ts
FN:6,(anonymous_7)
FN:11,(anonymous_8)
FN:12,(anonymous_9)
FN:12,(anonymous_10)
FN:19,(anonymous_11)
FN:23,(anonymous_12)
FN:23,(anonymous_13)
FN:37,(anonymous_14)
FN:40,(anonymous_15)
FN:59,(anonymous_16)
FN:64,(anonymous_17)
FN:64,(anonymous_18)
FN:68,(anonymous_19)
FN:73,(anonymous_20)
FN:73,(anonymous_21)
FNF:15
FNH:0
FNDA:0,(anonymous_7)
FNDA:0,(anonymous_8)
FNDA:0,(anonymous_9)
FNDA:0,(anonymous_10)
FNDA:0,(anonymous_11)
FNDA:0,(anonymous_12)
FNDA:0,(anonymous_13)
FNDA:0,(anonymous_14)
FNDA:0,(anonymous_15)
FNDA:0,(anonymous_16)
FNDA:0,(anonymous_17)
FNDA:0,(anonymous_18)
FNDA:0,(anonymous_19)
FNDA:0,(anonymous_20)
FNDA:0,(anonymous_21)
DA:2,3
DA:3,3
DA:4,3
DA:6,3
DA:11,3
DA:12,0
DA:13,0
DA:15,0
DA:19,3
DA:23,3
DA:25,0
DA:29,0
DA:30,0
DA:31,0
DA:32,0
DA:36,0
DA:38,0
DA:41,0
DA:42,0
DA:47,0
DA:51,0
DA:54,0
DA:55,0
DA:59,3
DA:64,3
DA:65,0
DA:68,3
DA:73,3
DA:74,0
LF:29
LH:11
BRDA:32,0,0,0
BRDA:32,0,1,0
BRF:2
BRH:0
end_of_record
TN:
SF:C:\Users\Shawn\Documents\revature\final-project-ui\client\app\actions\create.ts
FN:5,(anonymous_7)
FN:10,(anonymous_8)
FN:10,(anonymous_9)
FN:13,(anonymous_10)
FN:14,(anonymous_11)
FN:17,(anonymous_12)
FN:22,(anonymous_13)
FN:22,(anonymous_14)
FN:29,(anonymous_15)
FN:30,(anonymous_16)
FN:30,(anonymous_17)
FN:52,(anonymous_18)
FN:57,(anonymous_19)
FN:57,(anonymous_20)
FN:57,(anonymous_21)
FN:60,(anonymous_22)
FN:61,(anonymous_23)
FN:64,(anonymous_24)
FN:74,(anonymous_25)
FNF:19
FNH:0
FNDA:0,(anonymous_7)
FNDA:0,(anonymous_8)
FNDA:0,(anonymous_9)
FNDA:0,(anonymous_10)
FNDA:0,(anonymous_11)
FNDA:0,(anonymous_12)
FNDA:0,(anonymous_13)
FNDA:0,(anonymous_14)
FNDA:0,(anonymous_15)
FNDA:0,(anonymous_16)
FNDA:0,(anonymous_17)
FNDA:0,(anonymous_18)
FNDA:0,(anonymous_19)
FNDA:0,(anonymous_20)
FNDA:0,(anonymous_21)
FNDA:0,(anonymous_22)
FNDA:0,(anonymous_23)
FNDA:0,(anonymous_24)
FNDA:0,(anonymous_25)
DA:2,5
DA:3,5
DA:5,5
DA:10,5
DA:11,0
DA:13,0
DA:14,0
DA:17,5
DA:22,5
DA:23,0
DA:29,5
DA:30,0
DA:31,0
DA:32,0
DA:33,0
DA:34,0
DA:52,5
DA:57,5
DA:58,0
DA:59,0
DA:60,0
DA:61,0
DA:63,0
DA:64,0
DA:65,0
DA:67,0
DA:68,0
DA:72,0
DA:73,0
DA:74,0
DA:75,0
DA:77,0
DA:78,0
DA:80,0
DA:82,0
DA:84,0
LF:36
LH:9
BRF:0
BRH:0
end_of_record
TN:
SF:C:\Users\Shawn\Documents\revature\final-project-ui\client\app\actions\modal.ts
FN:1,(anonymous_0)
FN:9,(anonymous_1)
FNF:2
FNH:0
FNDA:0,(anonymous_0)
FNDA:0,(anonymous_1)
DA:1,6
DA:9,6
LF:2
LH:2
BRF:0
BRH:0
end_of_record
TN:
SF:C:\Users\Shawn\Documents\revature\final-project-ui\client\app\actions\questions.ts
FN:22,(anonymous_1)
FN:33,(anonymous_2)
FN:33,(anonymous_3)
FN:37,(anonymous_4)
FN:56,(anonymous_5)
FN:61,(anonymous_6)
FN:61,(anonymous_7)
FN:64,(anonymous_8)
FNF:8
FNH:0
FNDA:0,(anonymous_1)
FNDA:0,(anonymous_2)
FNDA:0,(anonymous_3)
FNDA:0,(anonymous_4)
FNDA:0,(anonymous_5)
FNDA:0,(anonymous_6)
FNDA:0,(anonymous_7)
FNDA:0,(anonymous_8)
DA:3,1
DA:22,1
DA:33,1
DA:34,0
DA:35,0
DA:37,0
DA:39,0
DA:40,0
DA:44,0
DA:45,0
DA:50,0
DA:52,0
DA:56,1
DA:61,1
DA:62,0
DA:64,0
LF:16
LH:5
BRF:0
BRH:0
end_of_record
TN:
SF:C:\Users\Shawn\Documents\revature\final-project-ui\client\app\actions\quizzes.ts
FN:4,(anonymous_7)
FN:4,(anonymous_8)
FN:5,(anonymous_9)
FN:7,(anonymous_10)
FN:12,(anonymous_11)
FN:12,(anonymous_12)
FN:19,(anonymous_13)
FN:20,(anonymous_14)
FN:22,(anonymous_16)
FN:22,(anonymous_17)
FN:24,(anonymous_18)
FN:24,(anonymous_19)
FN:42,(anonymous_20)
FN:47,(anonymous_21)
FN:52,(anonymous_22)
FN:57,(anonymous_23)
FN:62,(anonymous_24)
FN:62,(anonymous_25)
FN:62,(anonymous_26)
FN:75,(anonymous_27)
FN:80,(anonymous_28)
FN:80,(anonymous_29)
FN:83,(anonymous_30)
FN:85,(anonymous_31)
FN:90,(anonymous_32)
FN:90,(anonymous_33)
FN:93,(anonymous_34)
FN:95,(anonymous_35)
FN:99,(anonymous_36)
FN:99,(anonymous_37)
FN:102,(anonymous_38)
FN:107,(anonymous_39)
FN:107,(anonymous_40)
FN:107,(anonymous_41)
FN:110,(anonymous_42)
FN:115,(anonymous_43)
FN:115,(anonymous_44)
FN:118,(anonymous_45)
FN:120,(anonymous_46)
FN:125,(anonymous_47)
FN:125,(anonymous_48)
FN:128,(anonymous_49)
FN:132,(anonymous_50)
FN:137,(anonymous_51)
FN:137,(anonymous_52)
FN:140,(anonymous_53)
FN:144,(anonymous_54)
FN:144,(anonymous_55)
FN:147,(anonymous_56)
FN:152,(anonymous_57)
FN:152,(anonymous_58)
FN:155,(anonymous_59)
FN:160,(anonymous_60)
FN:160,(anonymous_61)
FN:163,(anonymous_62)
FN:168,(anonymous_63)
FN:168,(anonymous_64)
FN:171,(anonymous_65)
FN:175,(anonymous_66)
FN:179,(anonymous_67)
FN:182,(anonymous_68)
FN:184,(anonymous_69)
FN:189,(anonymous_70)
FN:195,(anonymous_71)
FN:195,(anonymous_72)
FN:217,(anonymous_73)
FN:222,(anonymous_74)
FN:222,(anonymous_75)
FN:225,(anonymous_76)
FN:229,(anonymous_77)
FN:229,(anonymous_78)
FN:231,(anonymous_79)
FN:235,(anonymous_80)
FN:236,(anonymous_81)
FN:236,(anonymous_82)
FN:249,(anonymous_83)
FNF:76
FNH:0
FNDA:0,(anonymous_7)
FNDA:0,(anonymous_8)
FNDA:0,(anonymous_9)
FNDA:0,(anonymous_10)
FNDA:0,(anonymous_11)
FNDA:0,(anonymous_12)
FNDA:0,(anonymous_13)
FNDA:0,(anonymous_14)
FNDA:0,(anonymous_16)
FNDA:0,(anonymous_17)
FNDA:0,(anonymous_18)
FNDA:0,(anonymous_19)
FNDA:0,(anonymous_20)
FNDA:0,(anonymous_21)
FNDA:0,(anonymous_22)
FNDA:0,(anonymous_23)
FNDA:0,(anonymous_24)
FNDA:0,(anonymous_25)
FNDA:0,(anonymous_26)
FNDA:0,(anonymous_27)
FNDA:0,(anonymous_28)
FNDA:0,(anonymous_29)
FNDA:0,(anonymous_30)
FNDA:0,(anonymous_31)
FNDA:0,(anonymous_32)
FNDA:0,(anonymous_33)
FNDA:0,(anonymous_34)
FNDA:0,(anonymous_35)
FNDA:0,(anonymous_36)
FNDA:0,(anonymous_37)
FNDA:0,(anonymous_38)
FNDA:0,(anonymous_39)
FNDA:0,(anonymous_40)
FNDA:0,(anonymous_41)
FNDA:0,(anonymous_42)
FNDA:0,(anonymous_43)
FNDA:0,(anonymous_44)
FNDA:0,(anonymous_45)
FNDA:0,(anonymous_46)
FNDA:0,(anonymous_47)
FNDA:0,(anonymous_48)
FNDA:0,(anonymous_49)
FNDA:0,(anonymous_50)
FNDA:0,(anonymous_51)
FNDA:0,(anonymous_52)
FNDA:0,(anonymous_53)
FNDA:0,(anonymous_54)
FNDA:0,(anonymous_55)
FNDA:0,(anonymous_56)
FNDA:0,(anonymous_57)
FNDA:0,(anonymous_58)
FNDA:0,(anonymous_59)
FNDA:0,(anonymous_60)
FNDA:0,(anonymous_61)
FNDA:0,(anonymous_62)
FNDA:0,(anonymous_63)
FNDA:0,(anonymous_64)
FNDA:0,(anonymous_65)
FNDA:0,(anonymous_66)
FNDA:0,(anonymous_67)
FNDA:0,(anonymous_68)
FNDA:0,(anonymous_69)
FNDA:0,(anonymous_70)
FNDA:0,(anonymous_71)
FNDA:0,(anonymous_72)
FNDA:0,(anonymous_73)
FNDA:0,(anonymous_74)
FNDA:0,(anonymous_75)
FNDA:0,(anonymous_76)
FNDA:0,(anonymous_77)
FNDA:0,(anonymous_78)
FNDA:0,(anonymous_79)
FNDA:0,(anonymous_80)
FNDA:0,(anonymous_81)
FNDA:0,(anonymous_82)
FNDA:0,(anonymous_83)
DA:2,16
DA:4,16
DA:5,0
DA:7,16
DA:12,16
DA:13,0
DA:19,16
DA:20,0
DA:22,0
DA:23,0
DA:24,0
DA:25,0
DA:26,0
DA:29,0
DA:32,0
DA:33,0
DA:34,0
DA:35,0
DA:36,0
DA:37,0
DA:38,0
DA:42,16
DA:47,16
DA:52,16
DA:57,16
DA:62,16
DA:63,0
DA:64,0
DA:65,0
DA:71,0
DA:72,0
DA:75,16
DA:80,16
DA:81,0
DA:83,0
DA:85,16
DA:90,16
DA:91,0
DA:93,0
DA:95,16
DA:99,16
DA:100,0
DA:102,16
DA:107,16
DA:108,0
DA:110,16
DA:115,16
DA:116,0
DA:118,0
DA:120,16
DA:125,16
DA:126,0
DA:129,0
DA:132,16
DA:137,16
DA:138,0
DA:140,16
DA:144,16
DA:145,0
DA:147,16
DA:152,16
DA:153,0
DA:155,16
DA:160,16
DA:161,0
DA:163,16
DA:168,16
DA:169,0
DA:171,16
DA:175,16
DA:179,0
DA:180,0
DA:182,0
DA:184,16
DA:189,16
DA:195,0
DA:196,0
DA:202,0
DA:203,0
DA:217,16
DA:222,16
DA:223,0
DA:225,16
DA:229,16
DA:231,16
DA:235,16
DA:236,0
DA:237,0
DA:239,0
DA:240,0
DA:249,16
LF:91
LH:43
BRF:0
BRH:0
end_of_record
TN:
SF:C:\Users\Shawn\Documents\revature\final-project-ui\client\app\components\AchievementsPage.tsx
FN:4,(anonymous_1)
FN:6,(anonymous_2)
FNF:2
FNH:2
FNDA:1,(anonymous_1)
FNDA:1,(anonymous_2)
DA:1,1
DA:2,1
DA:4,1
DA:6,1
DA:7,1
DA:22,1
LF:6
LH:6
BRF:0
BRH:0
end_of_record
TN:
SF:C:\Users\Shawn\Documents\revature\final-project-ui\client\app\components\AddQuestion.tsx
FN:42,(anonymous_8)
FN:77,(anonymous_9)
FN:79,(anonymous_10)
FN:81,(anonymous_11)
FN:91,(anonymous_12)
FN:91,(anonymous_13)
FN:96,(anonymous_14)
FN:132,(anonymous_15)
FN:185,(anonymous_16)
FN:218,(anonymous_17)
FN:229,(anonymous_18)
FN:256,(anonymous_19)
FN:281,(anonymous_20)
FN:299,(anonymous_21)
FN:302,(anonymous_22)
FN:306,(anonymous_23)
FN:316,(anonymous_24)
FN:318,(anonymous_25)
FN:318,(anonymous_26)
FN:322,(anonymous_27)
FN:334,(anonymous_28)
FN:342,(anonymous_29)
FN:359,(anonymous_30)
FN:375,(anonymous_31)
FN:384,(anonymous_32)
FN:395,(anonymous_33)
FN:406,(anonymous_34)
FN:411,(anonymous_35)
FN:419,(anonymous_36)
FN:430,(anonymous_37)
FN:439,(anonymous_38)
FN:447,(anonymous_39)
FN:460,(anonymous_40)
FN:471,(anonymous_41)
FN:480,(anonymous_42)
FN:489,(anonymous_43)
FN:500,(anonymous_44)
FN:509,(anonymous_45)
FN:518,(anonymous_46)
FN:537,(anonymous_47)
FN:546,(anonymous_48)
FN:555,(anonymous_49)
FN:566,(anonymous_50)
FN:575,(anonymous_51)
FN:584,(anonymous_52)
FN:595,(anonymous_53)
FN:604,(anonymous_54)
FN:613,(anonymous_55)
FN:624,(anonymous_56)
FN:633,(anonymous_57)
FN:642,(anonymous_58)
FN:656,(anonymous_59)
FN:745,(anonymous_60)
FN:752,(anonymous_61)
FNF:54
FNH:3
FNDA:1,(anonymous_8)
FNDA:0,(anonymous_9)
FNDA:0,(anonymous_10)
FNDA:0,(anonymous_11)
FNDA:0,(anonymous_12)
FNDA:0,(anonymous_13)
FNDA:0,(anonymous_14)
FNDA:0,(anonymous_15)
FNDA:0,(anonymous_16)
FNDA:0,(anonymous_17)
FNDA:0,(anonymous_18)
FNDA:0,(anonymous_19)
FNDA:0,(anonymous_20)
FNDA:1,(anonymous_21)
FNDA:0,(anonymous_22)
FNDA:0,(anonymous_23)
FNDA:0,(anonymous_24)
FNDA:0,(anonymous_25)
FNDA:0,(anonymous_26)
FNDA:0,(anonymous_27)
FNDA:0,(anonymous_28)
FNDA:0,(anonymous_29)
FNDA:0,(anonymous_30)
FNDA:0,(anonymous_31)
FNDA:0,(anonymous_32)
FNDA:0,(anonymous_33)
FNDA:0,(anonymous_34)
FNDA:0,(anonymous_35)
FNDA:0,(anonymous_36)
FNDA:0,(anonymous_37)
FNDA:0,(anonymous_38)
FNDA:0,(anonymous_39)
FNDA:0,(anonymous_40)
FNDA:0,(anonymous_41)
FNDA:0,(anonymous_42)
FNDA:0,(anonymous_43)
FNDA:0,(anonymous_44)
FNDA:0,(anonymous_45)
FNDA:0,(anonymous_46)
FNDA:0,(anonymous_47)
FNDA:0,(anonymous_48)
FNDA:0,(anonymous_49)
FNDA:0,(anonymous_50)
FNDA:0,(anonymous_51)
FNDA:0,(anonymous_52)
FNDA:0,(anonymous_53)
FNDA:0,(anonymous_54)
FNDA:0,(anonymous_55)
FNDA:0,(anonymous_56)
FNDA:0,(anonymous_57)
FNDA:0,(anonymous_58)
FNDA:1,(anonymous_59)
FNDA:0,(anonymous_60)
FNDA:0,(anonymous_61)
DA:1,2
DA:2,2
DA:5,2
DA:6,2
DA:7,2
DA:11,2
DA:42,2
DA:43,1
DA:77,1
DA:79,1
DA:81,1
DA:82,0
DA:83,0
DA:91,1
DA:92,0
DA:93,0
DA:95,0
DA:97,0
DA:101,0
DA:102,0
DA:107,0
DA:111,0
DA:112,0
DA:113,0
DA:114,0
DA:115,0
DA:119,0
DA:120,0
DA:121,0
DA:124,0
DA:129,0
DA:132,1
DA:133,0
DA:134,0
DA:135,0
DA:154,0
DA:185,1
DA:190,0
DA:191,0
DA:192,0
DA:193,0
DA:218,1
DA:219,0
DA:220,0
DA:221,0
DA:229,1
DA:230,0
DA:231,0
DA:232,0
DA:234,0
DA:235,0
DA:236,0
DA:237,0
DA:240,0
DA:241,0
DA:242,0
DA:243,0
DA:244,0
DA:256,1
DA:261,0
DA:262,0
DA:270,0
DA:278,0
DA:281,1
DA:282,0
DA:283,0
DA:285,0
DA:286,0
DA:288,0
DA:289,0
DA:290,0
DA:292,0
DA:295,0
DA:296,0
DA:299,1
DA:300,1
DA:303,0
DA:306,0
DA:316,1
DA:317,0
DA:318,0
DA:319,0
DA:320,0
DA:322,0
DA:323,0
DA:324,0
DA:325,0
DA:334,0
DA:335,0
DA:337,0
DA:339,0
DA:342,1
DA:343,0
DA:344,0
DA:345,0
DA:349,0
DA:350,0
DA:359,1
DA:360,0
DA:361,0
DA:362,0
DA:366,0
DA:375,1
DA:376,0
DA:384,1
DA:385,0
DA:387,0
DA:396,0
DA:407,0
DA:412,0
DA:420,0
DA:431,0
DA:440,0
DA:448,0
DA:456,0
DA:460,1
DA:461,0
DA:463,0
DA:472,0
DA:481,0
DA:490,0
DA:501,0
DA:510,0
DA:519,0
DA:529,0
DA:538,0
DA:547,0
DA:556,0
DA:567,0
DA:576,0
DA:585,0
DA:596,0
DA:605,0
DA:614,0
DA:625,0
DA:634,0
DA:643,0
DA:656,1
DA:657,1
DA:658,1
DA:663,1
DA:745,2
DA:753,0
DA:757,2
LF:144
LH:32
BRDA:113,0,0,0
BRDA:113,0,1,0
BRDA:120,1,0,0
BRDA:120,1,1,0
BRDA:134,2,0,0
BRDA:134,2,1,0
BRDA:190,3,0,0
BRDA:190,3,1,0
BRDA:230,4,0,0
BRDA:230,4,1,0
BRDA:230,5,0,0
BRDA:230,5,1,0
BRDA:236,6,0,0
BRDA:236,6,1,0
BRDA:261,7,0,0
BRDA:261,7,1,0
BRDA:285,8,0,0
BRDA:285,8,1,0
BRDA:285,9,0,0
BRDA:285,9,1,0
BRDA:289,10,0,0
BRDA:289,10,1,0
BRDA:296,11,0,0
BRDA:296,11,1,0
BRDA:386,12,0,0
BRDA:386,12,1,0
BRDA:462,13,0,0
BRDA:462,13,1,0
BRDA:670,14,0,1
BRDA:670,14,1,1
BRDA:710,15,0,0
BRDA:710,15,1,1
BRDA:712,16,0,0
BRDA:712,16,1,1
BRDA:713,17,0,1
BRDA:713,17,1,0
BRDA:718,18,0,1
BRDA:718,18,1,0
BRDA:719,19,0,1
BRDA:719,19,1,0
BRDA:722,20,0,1
BRDA:722,20,1,0
BRDA:728,21,0,0
BRDA:728,21,1,1
BRDA:734,22,0,1
BRDA:734,22,1,0
BRDA:747,23,0,0
BRDA:747,23,1,0
BRDA:750,24,0,0
BRDA:750,24,1,0
BRDA:753,25,0,0
BRDA:753,25,1,0
BRF:52
BRH:10
end_of_record
TN:
SF:C:\Users\Shawn\Documents\revature\final-project-ui\client\app\components\CreateQuizPage.tsx
FN:15,(anonymous_7)
FN:27,(anonymous_8)
FN:50,(anonymous_9)
FN:72,(anonymous_10)
FN:72,(anonymous_11)
FN:95,(anonymous_12)
FN:117,(anonymous_13)
FN:128,(anonymous_14)
FN:164,(anonymous_15)
FNF:9
FNH:2
FNDA:1,(anonymous_7)
FNDA:0,(anonymous_8)
FNDA:0,(anonymous_9)
FNDA:0,(anonymous_10)
FNDA:0,(anonymous_11)
FNDA:1,(anonymous_12)
FNDA:0,(anonymous_13)
FNDA:0,(anonymous_14)
FNDA:0,(anonymous_15)
DA:1,1
DA:2,1
DA:5,1
DA:6,1
DA:15,1
DA:16,1
DA:27,1
DA:28,0
DA:30,0
DA:36,0
DA:38,0
DA:45,0
DA:50,1
DA:51,0
DA:53,0
DA:59,0
DA:62,0
DA:68,0
DA:72,1
DA:73,0
DA:74,0
DA:75,0
DA:78,0
DA:95,1
DA:98,1
DA:99,1
DA:118,0
DA:129,0
DA:164,1
DA:169,1
LF:30
LH:14
BRDA:29,0,0,0
BRDA:29,0,1,0
BRDA:29,0,2,0
BRDA:52,1,0,0
BRDA:52,1,1,0
BRDA:105,2,0,0
BRDA:105,2,1,1
BRDA:152,3,0,0
BRDA:152,3,1,1
BRF:9
BRH:2
end_of_record
TN:
SF:C:\Users\Shawn\Documents\revature\final-project-ui\client\app\components\DashboardPage.tsx
FN:29,(anonymous_2)
FN:37,(anonymous_3)
FN:39,(anonymous_4)
FN:41,(anonymous_5)
FN:43,(anonymous_6)
FN:45,(anonymous_7)
FN:52,(anonymous_8)
FN:81,(anonymous_9)
FN:129,(anonymous_10)
FN:169,(anonymous_11)
FNF:10
FNH:4
FNDA:1,(anonymous_2)
FNDA:0,(anonymous_3)
FNDA:0,(anonymous_4)
FNDA:0,(anonymous_5)
FNDA:0,(anonymous_6)
FNDA:0,(anonymous_7)
FNDA:1,(anonymous_8)
FNDA:2,(anonymous_9)
FNDA:1,(anonymous_10)
FNDA:0,(anonymous_11)
DA:1,1
DA:2,1
DA:5,1
DA:6,1
DA:12,1
DA:13,1
DA:14,1
DA:15,1
DA:16,1
DA:17,1
DA:28,1
DA:30,1
DA:33,1
DA:37,1
DA:39,1
DA:41,1
DA:43,1
DA:45,1
DA:46,0
DA:47,0
DA:48,0
DA:52,1
DA:53,1
DA:54,1
DA:55,1
DA:82,2
DA:130,1
DA:169,1
DA:177,1
LF:29
LH:26
BRDA:57,0,0,1
BRDA:57,0,1,0
BRDA:60,1,0,1
BRDA:60,1,1,1
BRDA:60,1,2,1
BRDA:72,2,0,0
BRDA:72,2,1,1
BRDA:84,3,0,0
BRDA:84,3,1,1
BRDA:90,4,0,0
BRDA:90,4,1,1
BRDA:128,5,0,1
BRDA:128,5,1,1
BRF:13
BRH:9
end_of_record
TN:
SF:C:\Users\Shawn\Documents\revature\final-project-ui\client\app\components\EditQuizPage.tsx
FN:41,(anonymous_8)
FN:66,(anonymous_9)
FN:68,(anonymous_10)
FN:70,(anonymous_11)
FN:70,(anonymous_12)
FN:75,(anonymous_13)
FN:86,(anonymous_14)
FN:91,(anonymous_15)
FN:117,(anonymous_16)
FN:128,(anonymous_17)
FN:136,(anonymous_18)
FN:153,(anonymous_19)
FN:172,(anonymous_20)
FN:184,(anonymous_21)
FN:207,(anonymous_22)
FN:209,(anonymous_23)
FN:219,(anonymous_24)
FN:221,(anonymous_25)
FN:221,(anonymous_26)
FN:225,(anonymous_27)
FN:238,(anonymous_28)
FN:247,(anonymous_29)
FN:287,(anonymous_30)
FN:308,(anonymous_31)
FN:327,(anonymous_32)
FN:373,(anonymous_33)
FN:397,(anonymous_34)
FN:407,(anonymous_35)
FN:420,(anonymous_36)
FN:436,(anonymous_37)
FN:450,(anonymous_38)
FN:495,(anonymous_39)
FN:500,(anonymous_40)
FNF:33
FNH:2
FNDA:1,(anonymous_8)
FNDA:0,(anonymous_9)
FNDA:0,(anonymous_10)
FNDA:0,(anonymous_11)
FNDA:0,(anonymous_12)
FNDA:0,(anonymous_13)
FNDA:0,(anonymous_14)
FNDA:0,(anonymous_15)
FNDA:0,(anonymous_16)
FNDA:0,(anonymous_17)
FNDA:0,(anonymous_18)
FNDA:0,(anonymous_19)
FNDA:0,(anonymous_20)
FNDA:0,(anonymous_21)
FNDA:0,(anonymous_22)
FNDA:0,(anonymous_23)
FNDA:0,(anonymous_24)
FNDA:0,(anonymous_25)
FNDA:0,(anonymous_26)
FNDA:0,(anonymous_27)
FNDA:0,(anonymous_28)
FNDA:1,(anonymous_29)
FNDA:0,(anonymous_30)
FNDA:0,(anonymous_31)
FNDA:0,(anonymous_32)
FNDA:0,(anonymous_33)
FNDA:0,(anonymous_34)
FNDA:0,(anonymous_35)
FNDA:0,(anonymous_36)
FNDA:0,(anonymous_37)
FNDA:0,(anonymous_38)
FNDA:0,(anonymous_39)
FNDA:0,(anonymous_40)
DA:1,1
DA:4,1
DA:6,1
DA:7,1
DA:8,1
DA:9,1
DA:10,1
DA:11,1
DA:12,1
DA:13,1
DA:26,1
DA:41,1
DA:42,1
DA:63,1
DA:64,1
DA:66,1
DA:68,1
DA:70,1
DA:71,0
DA:72,0
DA:75,1
DA:76,0
DA:77,0
DA:78,0
DA:86,1
DA:87,0
DA:88,0
DA:89,0
DA:90,0
DA:92,0
DA:96,0
DA:97,0
DA:102,0
DA:107,0
DA:108,0
DA:109,0
DA:113,0
DA:117,1
DA:118,0
DA:119,0
DA:120,0
DA:124,0
DA:128,1
DA:129,0
DA:130,0
DA:136,1
DA:137,0
DA:138,0
DA:139,0
DA:140,0
DA:144,0
DA:145,0
DA:146,0
DA:147,0
DA:150,0
DA:153,1
DA:154,0
DA:155,0
DA:156,0
DA:157,0
DA:158,0
DA:162,0
DA:163,0
DA:164,0
DA:165,0
DA:168,0
DA:172,1
DA:173,0
DA:175,0
DA:184,1
DA:185,0
DA:207,1
DA:209,1
DA:210,0
DA:211,0
DA:219,1
DA:220,0
DA:221,0
DA:222,0
DA:223,0
DA:225,0
DA:226,0
DA:227,0
DA:228,0
DA:238,0
DA:239,0
DA:241,0
DA:243,0
DA:247,1
DA:248,1
DA:250,1
DA:251,1
DA:252,1
DA:253,1
DA:256,1
DA:263,1
DA:264,1
DA:265,1
DA:288,0
DA:309,0
DA:310,0
DA:327,0
DA:373,0
DA:398,0
DA:408,0
DA:421,0
DA:437,0
DA:451,0
DA:495,1
DA:501,0
DA:507,1
LF:111
LH:41
BRDA:89,0,0,0
BRDA:89,0,1,0
BRDA:139,1,0,0
BRDA:139,1,1,0
BRDA:146,2,0,0
BRDA:146,2,1,0
BRDA:154,3,0,0
BRDA:154,3,1,0
BRDA:154,4,0,0
BRDA:154,4,1,0
BRDA:157,5,0,0
BRDA:157,5,1,0
BRDA:164,6,0,0
BRDA:164,6,1,0
BRDA:180,7,0,0
BRDA:180,7,1,0
BRDA:251,8,0,1
BRDA:251,8,1,0
BRDA:267,9,0,1
BRDA:267,9,1,1
BRDA:267,9,2,1
BRDA:270,10,0,1
BRDA:270,10,1,1
BRDA:270,10,2,0
BRDA:283,11,0,0
BRDA:283,11,1,0
BRDA:286,12,0,0
BRDA:286,12,1,0
BRDA:302,13,0,0
BRDA:302,13,1,0
BRDA:309,14,0,0
BRDA:309,14,1,0
BRDA:309,15,0,0
BRDA:309,15,1,0
BRDA:344,16,0,0
BRDA:344,16,1,0
BRDA:351,17,0,0
BRDA:351,17,1,0
BRDA:381,18,0,0
BRDA:381,18,1,0
BRDA:384,19,0,0
BRDA:384,19,1,0
BRDA:387,20,0,0
BRDA:387,20,1,0
BRDA:405,21,0,0
BRDA:405,21,1,0
BRDA:462,22,0,0
BRDA:462,22,1,0
BRDA:468,23,0,0
BRDA:468,23,1,0
BRDA:474,24,0,0
BRDA:474,24,1,0
BRDA:485,25,0,0
BRDA:485,25,1,0
BRDA:498,26,0,0
BRDA:498,26,1,0
BRDA:501,27,0,0
BRDA:501,27,1,0
BRF:58
BRH:6
end_of_record
TN:
SF:C:\Users\Shawn\Documents\revature\final-project-ui\client\app\components\Header.tsx
FN:32,(anonymous_8)
FN:40,(anonymous_9)
FN:45,(anonymous_10)
FN:50,(anonymous_11)
FN:53,(anonymous_12)
FN:62,(anonymous_13)
FN:64,(anonymous_14)
FN:66,(anonymous_15)
FN:66,(anonymous_16)
FN:79,(anonymous_17)
FN:87,(anonymous_18)
FN:148,(anonymous_19)
FN:159,(anonymous_20)
FNF:13
FNH:3
FNDA:1,(anonymous_8)
FNDA:0,(anonymous_9)
FNDA:1,(anonymous_10)
FNDA:0,(anonymous_11)
FNDA:0,(anonymous_12)
FNDA:0,(anonymous_13)
FNDA:0,(anonymous_14)
FNDA:0,(anonymous_15)
FNDA:0,(anonymous_16)
FNDA:0,(anonymous_17)
FNDA:1,(anonymous_18)
FNDA:0,(anonymous_19)
FNDA:0,(anonymous_20)
DA:1,1
DA:2,1
DA:3,1
DA:4,1
DA:10,1
DA:11,1
DA:13,1
DA:14,1
DA:15,1
DA:32,1
DA:33,1
DA:40,1
DA:41,0
DA:45,1
DA:46,1
DA:50,1
DA:51,0
DA:53,1
DA:55,0
DA:56,0
DA:62,1
DA:64,1
DA:66,1
DA:69,0
DA:70,0
DA:71,0
DA:79,1
DA:80,0
DA:81,0
DA:87,1
DA:88,1
DA:89,1
DA:91,1
DA:148,0
DA:159,1
DA:166,1
LF:36
LH:26
BRDA:55,0,0,0
BRDA:55,0,1,0
BRDA:55,1,0,0
BRDA:55,1,1,0
BRDA:112,2,0,1
BRDA:112,2,1,1
BRDA:115,3,0,1
BRDA:115,3,1,0
BRDA:138,4,0,1
BRDA:138,4,1,0
BRDA:150,5,0,1
BRDA:150,5,1,0
BRF:12
BRH:5
end_of_record
TN:
SF:C:\Users\Shawn\Documents\revature\final-project-ui\client\app\components\LoginPage.tsx
FN:29,(anonymous_1)
FN:39,(anonymous_2)
FN:46,(anonymous_3)
FN:51,(anonymous_4)
FN:60,(anonymous_5)
FN:68,(anonymous_6)
FN:87,(anonymous_7)
FN:95,(anonymous_8)
FN:139,(anonymous_9)
FN:149,(anonymous_10)
FN:154,(anonymous_11)
FN:179,(anonymous_12)
FNF:12
FNH:2
FNDA:1,(anonymous_1)
FNDA:0,(anonymous_2)
FNDA:0,(anonymous_3)
FNDA:0,(anonymous_4)
FNDA:0,(anonymous_5)
FNDA:0,(anonymous_6)
FNDA:0,(anonymous_7)
FNDA:0,(anonymous_8)
FNDA:0,(anonymous_9)
FNDA:0,(anonymous_10)
FNDA:0,(anonymous_11)
FNDA:1,(anonymous_12)
DA:1,1
DA:2,1
DA:3,1
DA:4,1
DA:6,1
DA:29,1
DA:30,1
DA:39,1
DA:40,0
DA:41,0
DA:46,1
DA:47,0
DA:51,1
DA:52,0
DA:53,0
DA:59,0
DA:60,0
DA:67,0
DA:68,0
DA:86,0
DA:87,0
DA:94,0
DA:95,0
DA:104,0
DA:105,0
DA:106,0
DA:109,0
DA:111,0
DA:117,0
DA:121,0
DA:126,0
DA:129,0
DA:135,0
DA:138,0
DA:140,0
DA:145,0
DA:149,0
DA:150,0
DA:151,0
DA:155,0
DA:156,0
DA:160,0
DA:168,0
DA:179,1
DA:180,1
DA:181,1
DA:245,1
LF:47
LH:14
BRDA:59,0,0,0
BRDA:59,0,1,0
BRDA:67,1,0,0
BRDA:67,1,1,0
BRDA:86,2,0,0
BRDA:86,2,1,0
BRDA:94,3,0,0
BRDA:94,3,1,0
BRDA:104,4,0,0
BRDA:104,4,1,0
BRDA:104,5,0,0
BRDA:104,5,1,0
BRDA:156,6,0,0
BRDA:156,6,1,0
BRDA:157,7,0,0
BRDA:157,7,1,0
BRDA:192,8,0,1
BRDA:192,8,1,0
BRDA:199,9,0,0
BRDA:199,9,1,1
BRDA:202,10,0,1
BRDA:202,10,1,0
BRDA:212,11,0,0
BRDA:212,11,1,1
BRDA:215,12,0,1
BRDA:215,12,1,0
BRF:26
BRH:5
end_of_record
TN:
SF:C:\Users\Shawn\Documents\revature\final-project-ui\client\app\components\LoginSetupPage.tsx
FN:11,(anonymous_2)
FN:19,(anonymous_3)
FN:59,(anonymous_4)
FN:73,(anonymous_5)
FN:74,(anonymous_6)
FN:89,(anonymous_7)
FN:103,(anonymous_8)
FN:107,(anonymous_9)
FN:113,(anonymous_10)
FN:12,(anonymous_11)
FNF:10
FNH:3
FNDA:1,(anonymous_2)
FNDA:0,(anonymous_3)
FNDA:0,(anonymous_4)
FNDA:0,(anonymous_5)
FNDA:0,(anonymous_6)
FNDA:0,(anonymous_7)
FNDA:0,(anonymous_8)
FNDA:0,(anonymous_9)
FNDA:1,(anonymous_10)
FNDA:1,(anonymous_11)
DA:1,1
DA:2,1
DA:3,1
DA:7,1
DA:8,1
DA:9,1
DA:11,1
DA:13,1
DA:19,1
DA:20,0
DA:23,0
DA:24,0
DA:25,0
DA:26,0
DA:27,0
DA:34,0
DA:52,0
DA:58,0
DA:60,0
DA:66,0
DA:73,0
DA:75,0
DA:76,0
DA:77,0
DA:78,0
DA:80,0
DA:85,0
DA:90,0
DA:91,0
DA:92,0
DA:93,0
DA:95,0
DA:101,0
DA:104,0
DA:108,0
DA:113,1
DA:114,1
DA:129,1
LF:38
LH:12
BRDA:26,0,0,0
BRDA:26,0,1,0
BRDA:35,1,0,0
BRDA:35,1,1,0
BRDA:97,2,0,0
BRDA:97,2,1,0
BRF:6
BRH:0
end_of_record
TN:
SF:C:\Users\Shawn\Documents\revature\final-project-ui\client\app\components\Modal.tsx
FN:7,(anonymous_1)
FN:9,(anonymous_2)
FN:16,(anonymous_3)
FN:24,(anonymous_4)
FN:31,(anonymous_5)
FN:37,(anonymous_6)
FN:42,(anonymous_7)
FNF:7
FNH:3
FNDA:1,(anonymous_1)
FNDA:0,(anonymous_2)
FNDA:1,(anonymous_3)
FNDA:0,(anonymous_4)
FNDA:0,(anonymous_5)
FNDA:0,(anonymous_6)
FNDA:1,(anonymous_7)
DA:1,2
DA:7,2
DA:9,1
DA:10,0
DA:11,0
DA:16,1
DA:17,1
DA:18,1
DA:24,1
DA:25,0
DA:26,0
DA:31,1
DA:32,0
DA:37,1
DA:38,0
DA:42,1
DA:43,1
DA:56,2
LF:18
LH:12
BRDA:10,0,0,0
BRDA:10,0,1,0
BRDA:10,1,0,0
BRDA:10,1,1,0
BRDA:17,2,0,1
BRDA:17,2,1,0
BRDA:25,3,0,0
BRDA:25,3,1,0
BRF:8
BRH:1
end_of_record
TN:
SF:C:\Users\Shawn\Documents\revature\final-project-ui\client\app\components\ModalContainer.tsx
FN:26,(anonymous_1)
FN:38,(anonymous_2)
FNF:2
FNH:1
FNDA:1,(anonymous_1)
FNDA:0,(anonymous_2)
DA:1,1
DA:2,1
DA:5,1
DA:6,1
DA:7,1
DA:8,1
DA:19,1
DA:26,1
DA:28,1
DA:29,1
DA:33,0
DA:35,0
DA:38,1
DA:42,1
LF:14
LH:12
BRDA:28,0,0,1
BRDA:28,0,1,0
BRF:2
BRH:1
end_of_record
TN:
SF:C:\Users\Shawn\Documents\revature\final-project-ui\client\app\components\MyQuizzesPage.tsx
FN:37,(anonymous_1)
FN:43,(anonymous_2)
FN:49,(anonymous_3)
FN:49,(anonymous_4)
FN:52,(anonymous_5)
FN:55,(anonymous_6)
FN:86,(anonymous_7)
FN:108,(anonymous_8)
FN:142,(anonymous_9)
FN:164,(anonymous_10)
FN:177,(anonymous_11)
FNF:11
FNH:2
FNDA:1,(anonymous_1)
FNDA:0,(anonymous_2)
FNDA:0,(anonymous_3)
FNDA:0,(anonymous_4)
FNDA:0,(anonymous_5)
FNDA:1,(anonymous_6)
FNDA:0,(anonymous_7)
FNDA:0,(anonymous_8)
FNDA:0,(anonymous_9)
FNDA:0,(anonymous_10)
FNDA:0,(anonymous_11)
DA:1,1
DA:4,1
DA:5,1
DA:6,1
DA:7,1
DA:8,1
DA:9,1
DA:21,1
DA:36,1
DA:38,1
DA:40,1
DA:41,1
DA:43,1
DA:44,0
DA:45,0
DA:46,0
DA:49,1
DA:50,0
DA:52,1
DA:55,1
DA:56,1
DA:57,1
DA:87,0
DA:88,0
DA:109,0
DA:143,0
DA:164,0
DA:177,1
DA:184,1
LF:29
LH:20
BRDA:59,0,0,1
BRDA:59,0,1,0
BRDA:71,1,0,1
BRDA:71,1,1,0
BRDA:84,2,0,1
BRDA:84,2,1,0
BRDA:84,2,2,0
BRDA:87,3,0,0
BRDA:87,3,1,0
BRDA:104,4,0,0
BRDA:104,4,1,0
BRDA:107,5,0,0
BRDA:107,5,1,0
BRDA:125,6,0,0
BRDA:125,6,1,0
BRDA:138,7,0,1
BRDA:138,7,1,0
BRDA:138,7,2,0
BRDA:138,7,3,0
BRDA:143,8,0,0
BRDA:143,8,1,0
BRDA:150,9,0,0
BRDA:150,9,1,0
BRDA:161,10,0,1
BRDA:161,10,1,0
BRDA:161,10,2,0
BRDA:161,10,3,0
BRDA:161,10,4,0
BRF:28
BRH:5
end_of_record
TN:
SF:C:\Users\Shawn\Documents\revature\final-project-ui\client\app\components\NotFoundPage.tsx
FN:3,(anonymous_1)
FNF:1
FNH:1
FNDA:1,(anonymous_1)
DA:1,1
DA:3,1
DA:5,1
LF:3
LH:3
BRF:0
BRH:0
end_of_record
TN:
SF:C:\Users\Shawn\Documents\revature\final-project-ui\client\app\components\ProfilePage.tsx
FN:14,(anonymous_2)
FN:19,(anonymous_3)
FN:67,(anonymous_4)
FNF:3
FNH:2
FNDA:1,(anonymous_2)
FNDA:1,(anonymous_3)
FNDA:0,(anonymous_4)
DA:1,1
DA:2,1
DA:3,1
DA:4,1
DA:14,1
DA:15,1
DA:19,1
DA:20,1
DA:21,1
DA:23,1
DA:67,1
DA:75,1
LF:12
LH:12
BRF:0
BRH:0
end_of_record
TN:
SF:C:\Users\Shawn\Documents\revature\final-project-ui\client\app\components\QuizAttemptReviewPage.tsx
FN:56,(anonymous_2)
FN:64,(anonymous_3)
FN:66,(anonymous_4)
FN:70,(anonymous_5)
FN:77,(anonymous_6)
FN:90,(anonymous_7)
FN:131,(anonymous_8)
FN:198,(anonymous_9)
FN:82,(anonymous_10)
FN:239,(anonymous_11)
FNF:10
FNH:2
FNDA:1,(anonymous_2)
FNDA:0,(anonymous_3)
FNDA:0,(anonymous_4)
FNDA:0,(anonymous_5)
FNDA:0,(anonymous_6)
FNDA:1,(anonymous_7)
FNDA:0,(anonymous_8)
FNDA:0,(anonymous_9)
FNDA:0,(anonymous_10)
FNDA:0,(anonymous_11)
DA:1,1
DA:4,1
DA:6,1
DA:7,1
DA:17,1
DA:18,1
DA:22,1
DA:23,1
DA:51,1
DA:55,1
DA:57,1
DA:60,1
DA:61,1
DA:62,1
DA:64,1
DA:66,1
DA:70,1
DA:71,0
DA:72,0
DA:77,1
DA:78,0
DA:79,0
DA:83,0
DA:84,0
DA:85,0
DA:90,1
DA:91,1
DA:92,1
DA:132,0
DA:199,0
DA:239,1
DA:251,1
LF:32
LH:23
BRDA:95,0,0,1
BRDA:95,0,1,0
BRDA:95,1,0,1
BRDA:95,1,1,1
BRDA:101,2,0,0
BRDA:101,2,1,0
BRDA:108,3,0,1
BRDA:108,3,1,0
BRDA:108,4,0,1
BRDA:108,4,1,0
BRDA:143,5,0,0
BRDA:143,5,1,0
BRDA:152,6,0,0
BRDA:152,6,1,0
BRDA:167,7,0,0
BRDA:167,7,1,0
BRDA:209,8,0,0
BRDA:209,8,1,0
BRDA:219,9,0,0
BRDA:219,9,1,0
BRDA:83,10,0,0
BRDA:83,10,1,0
BRF:22
BRH:5
end_of_record
TN:
SF:C:\Users\Shawn\Documents\revature\final-project-ui\client\app\components\QuizResultsPage.tsx
FN:22,(anonymous_2)
FN:26,(anonymous_3)
FN:39,(anonymous_4)
FN:48,(anonymous_5)
FN:56,(anonymous_6)
FN:98,(anonymous_7)
FNF:6
FNH:4
FNDA:1,(anonymous_2)
FNDA:1,(anonymous_3)
FNDA:1,(anonymous_4)
FNDA:0,(anonymous_5)
FNDA:1,(anonymous_6)
FNDA:0,(anonymous_7)
DA:1,1
DA:4,1
DA:5,1
DA:6,1
DA:14,1
DA:15,1
DA:22,1
DA:23,1
DA:24,1
DA:26,1
DA:27,1
DA:28,1
DA:29,1
DA:30,1
DA:31,0
DA:32,1
DA:33,0
DA:34,1
DA:35,1
DA:36,1
DA:39,1
DA:40,1
DA:41,1
DA:42,1
DA:43,1
DA:44,1
DA:48,1
DA:49,0
DA:50,0
DA:51,0
DA:56,1
DA:57,1
DA:58,1
DA:98,1
DA:104,1
LF:35
LH:30
BRDA:28,0,0,0
BRDA:28,0,1,1
BRDA:29,1,0,0
BRDA:29,1,1,1
BRDA:29,2,0,1
BRDA:29,2,1,0
BRDA:30,3,0,0
BRDA:30,3,1,1
BRDA:30,4,0,1
BRDA:30,4,1,0
BRDA:32,5,0,0
BRDA:32,5,1,1
BRDA:32,6,0,1
BRDA:32,6,1,0
BRDA:34,7,0,0
BRDA:34,7,1,1
BRDA:34,8,0,1
BRDA:34,8,1,0
BRDA:35,9,0,0
BRDA:35,9,1,1
BRDA:35,10,0,1
BRDA:35,10,1,0
BRDA:36,11,0,0
BRDA:36,11,1,1
BRDA:41,12,0,0
BRDA:41,12,1,1
BRDA:42,13,0,0
BRDA:42,13,1,1
BRDA:42,14,0,1
BRDA:42,14,1,0
BRDA:43,15,0,0
BRDA:43,15,1,1
BRDA:43,16,0,1
BRDA:43,16,1,0
BRDA:44,17,0,0
BRDA:44,17,1,1
BRDA:49,18,0,0
BRDA:49,18,1,0
BRDA:60,19,0,1
BRDA:60,19,1,0
BRDA:69,20,0,1
BRDA:69,20,1,1
BRF:42
BRH:21
end_of_record
TN:
SF:C:\Users\Shawn\Documents\revature\final-project-ui\client\app\components\ResetPasswordPage.tsx
FN:8,(anonymous_1)
FN:13,(anonymous_2)
FN:20,(anonymous_3)
FN:29,(anonymous_4)
FNF:4
FNH:2
FNDA:1,(anonymous_1)
FNDA:0,(anonymous_2)
FNDA:0,(anonymous_3)
FNDA:1,(anonymous_4)
DA:1,1
DA:2,1
DA:8,1
DA:9,1
DA:13,1
DA:15,0
DA:20,1
DA:21,0
DA:22,0
DA:29,1
DA:30,1
DA:31,1
DA:46,1
LF:13
LH:10
BRF:0
BRH:0
end_of_record
TN:
SF:C:\Users\Shawn\Documents\revature\final-project-ui\client\app\components\SearchResults.tsx
FN:18,(anonymous_8)
FN:24,(anonymous_9)
FN:24,(anonymous_10)
FN:31,(anonymous_11)
FN:35,(anonymous_12)
FN:37,(anonymous_13)
FN:45,(anonymous_14)
FN:49,(anonymous_15)
FN:53,(anonymous_16)
FN:59,(anonymous_17)
FN:75,(anonymous_18)
FN:97,(anonymous_19)
FNF:12
FNH:2
FNDA:1,(anonymous_8)
FNDA:0,(anonymous_9)
FNDA:0,(anonymous_10)
FNDA:0,(anonymous_11)
FNDA:0,(anonymous_12)
FNDA:0,(anonymous_13)
FNDA:0,(anonymous_14)
FNDA:0,(anonymous_15)
FNDA:0,(anonymous_16)
FNDA:1,(anonymous_17)
FNDA:0,(anonymous_18)
FNDA:0,(anonymous_19)
DA:1,2
DA:2,2
DA:3,2
DA:4,2
DA:5,2
DA:18,2
DA:19,1
DA:24,1
DA:25,0
DA:27,0
DA:28,0
DA:29,0
DA:31,0
DA:32,0
DA:36,0
DA:37,0
DA:43,0
DA:45,0
DA:49,1
DA:50,0
DA:51,0
DA:52,0
DA:53,0
DA:55,0
DA:59,1
DA:60,1
DA:61,1
DA:62,1
DA:76,0
DA:97,2
DA:104,2
LF:31
LH:15
BRDA:27,0,0,0
BRDA:27,0,1,0
BRDA:36,1,0,0
BRDA:36,1,1,0
BRDA:55,2,0,0
BRDA:55,2,1,0
BRDA:63,3,0,1
BRDA:63,3,1,0
BRDA:68,4,0,1
BRDA:68,4,1,0
BRDA:73,5,0,1
BRDA:73,5,1,0
BRDA:73,5,2,0
BRF:13
BRH:3
end_of_record
TN:
SF:C:\Users\Shawn\Documents\revature\final-project-ui\client\app\components\SettingsPage.tsx
FN:66,(anonymous_8)
FN:73,(anonymous_9)
FN:91,(anonymous_10)
FN:105,(anonymous_11)
FN:107,(anonymous_12)
FN:165,(anonymous_13)
FN:173,(anonymous_14)
FN:174,(anonymous_15)
FN:174,(anonymous_16)
FN:198,(anonymous_17)
FN:204,(anonymous_18)
FN:219,(anonymous_19)
FN:226,(anonymous_20)
FN:238,(anonymous_21)
FN:248,(anonymous_22)
FN:281,(anonymous_23)
FN:297,(anonymous_24)
FN:312,(anonymous_25)
FN:324,(anonymous_26)
FN:389,(anonymous_27)
FNF:20
FNH:3
FNDA:1,(anonymous_8)
FNDA:0,(anonymous_9)
FNDA:1,(anonymous_10)
FNDA:0,(anonymous_11)
FNDA:0,(anonymous_12)
FNDA:0,(anonymous_13)
FNDA:0,(anonymous_14)
FNDA:0,(anonymous_15)
FNDA:0,(anonymous_16)
FNDA:0,(anonymous_17)
FNDA:0,(anonymous_18)
FNDA:0,(anonymous_19)
FNDA:0,(anonymous_20)
FNDA:0,(anonymous_21)
FNDA:1,(anonymous_22)
FNDA:0,(anonymous_23)
FNDA:0,(anonymous_24)
FNDA:0,(anonymous_25)
FNDA:0,(anonymous_26)
FNDA:0,(anonymous_27)
DA:1,1
DA:2,1
DA:3,1
DA:4,1
DA:5,1
DA:9,1
DA:24,1
DA:25,1
DA:30,1
DA:31,1
DA:32,1
DA:37,1
DA:39,1
DA:41,1
DA:42,1
DA:43,1
DA:46,1
DA:47,1
DA:50,1
DA:51,1
DA:55,1
DA:62,1
DA:64,1
DA:66,1
DA:67,1
DA:68,1
DA:69,1
DA:70,0
DA:72,0
DA:73,0
DA:74,0
DA:75,0
DA:76,0
DA:78,0
DA:79,0
DA:85,0
DA:90,1
DA:92,1
DA:94,1
DA:103,1
DA:105,1
DA:107,1
DA:108,0
DA:109,0
DA:165,1
DA:169,0
DA:170,0
DA:171,0
DA:173,1
DA:174,1
DA:175,0
DA:176,0
DA:177,0
DA:178,0
DA:179,0
DA:186,0
DA:188,0
DA:190,0
DA:192,0
DA:193,0
DA:198,0
DA:199,0
DA:201,0
DA:204,1
DA:206,0
DA:209,0
DA:213,0
DA:219,1
DA:220,0
DA:226,1
DA:227,0
DA:228,0
DA:229,0
DA:238,1
DA:239,0
DA:240,0
DA:241,0
DA:248,1
DA:249,1
DA:250,1
DA:251,1
DA:252,1
DA:281,0
DA:297,0
DA:313,0
DA:325,0
DA:389,1
DA:395,1
LF:88
LH:47
BRDA:24,0,0,1
BRDA:24,0,1,0
BRDA:33,1,0,1
BRDA:33,1,1,0
BRDA:41,2,0,1
BRDA:41,2,1,0
BRDA:44,3,0,1
BRDA:44,3,1,0
BRDA:48,4,0,1
BRDA:48,4,1,0
BRDA:52,5,0,1
BRDA:52,5,1,0
BRDA:67,6,0,1
BRDA:67,6,1,0
BRDA:74,7,0,0
BRDA:74,7,1,0
BRDA:257,8,0,1
BRDA:257,8,1,0
BRDA:263,9,0,0
BRDA:263,9,1,1
BRDA:269,10,0,0
BRDA:269,10,1,1
BRDA:275,11,0,1
BRDA:275,11,1,1
BRDA:342,12,0,1
BRDA:342,12,1,0
BRDA:365,13,0,1
BRDA:365,13,1,0
BRF:28
BRH:14
end_of_record
TN:
SF:C:\Users\Shawn\Documents\revature\final-project-ui\client\app\components\SidebarContent.tsx
FN:31,(anonymous_2)
FN:38,(anonymous_3)
FN:43,(anonymous_4)
FN:50,(anonymous_5)
FN:65,(anonymous_6)
FN:70,(anonymous_7)
FN:77,(anonymous_8)
FN:119,(anonymous_9)
FN:174,(anonymous_10)
FNF:9
FNH:2
FNDA:1,(anonymous_2)
FNDA:0,(anonymous_3)
FNDA:0,(anonymous_4)
FNDA:0,(anonymous_5)
FNDA:0,(anonymous_6)
FNDA:0,(anonymous_7)
FNDA:1,(anonymous_8)
FNDA:0,(anonymous_9)
FNDA:0,(anonymous_10)
DA:1,1
DA:2,1
DA:3,1
DA:4,1
DA:5,1
DA:6,1
DA:7,1
DA:8,1
DA:9,1
DA:10,1
DA:11,1
DA:13,1
DA:14,1
DA:15,1
DA:31,1
DA:32,1
DA:38,1
DA:39,0
DA:40,0
DA:43,1
DA:44,0
DA:45,0
DA:50,1
DA:51,0
DA:52,0
DA:53,0
DA:54,0
DA:55,0
DA:60,0
DA:65,1
DA:66,0
DA:70,1
DA:71,0
DA:73,0
DA:77,1
DA:78,1
DA:79,1
DA:80,1
DA:120,0
DA:174,1
DA:180,1
LF:41
LH:27
BRDA:73,0,0,0
BRDA:73,0,1,0
BRDA:83,1,0,1
BRDA:83,1,1,1
BRDA:111,2,0,1
BRDA:111,2,1,0
BRDA:118,3,0,0
BRDA:118,3,1,0
BRDA:177,4,0,0
BRDA:177,4,1,0
BRF:10
BRH:3
end_of_record
TN:
SF:C:\Users\Shawn\Documents\revature\final-project-ui\client\app\components\SignInRedirectPage.tsx
FN:9,(anonymous_1)
FN:11,(anonymous_2)
FN:35,(anonymous_3)
FNF:3
FNH:3
FNDA:1,(anonymous_1)
FNDA:1,(anonymous_2)
FNDA:1,(anonymous_3)
DA:1,1
DA:2,1
DA:6,1
DA:7,1
DA:9,1
DA:11,1
DA:20,1
DA:31,1
DA:35,1
DA:36,1
DA:40,1
LF:11
LH:11
BRDA:21,0,0,0
BRDA:21,0,1,1
BRF:2
BRH:1
end_of_record
TN:
SF:C:\Users\Shawn\Documents\revature\final-project-ui\client\app\components\SignupPage.tsx
FN:29,(anonymous_1)
FN:46,(anonymous_2)
FN:57,(anonymous_3)
FN:108,(anonymous_4)
FN:135,(anonymous_5)
FN:147,(anonymous_6)
FN:150,(anonymous_7)
FN:157,(anonymous_8)
FN:165,(anonymous_9)
FNF:9
FNH:2
FNDA:1,(anonymous_1)
FNDA:0,(anonymous_2)
FNDA:0,(anonymous_3)
FNDA:0,(anonymous_4)
FNDA:0,(anonymous_5)
FNDA:0,(anonymous_6)
FNDA:0,(anonymous_7)
FNDA:0,(anonymous_8)
FNDA:1,(anonymous_9)
DA:1,1
DA:2,1
DA:4,1
DA:6,1
DA:8,1
DA:29,1
DA:30,1
DA:46,1
DA:47,0
DA:48,0
DA:57,1
DA:58,0
DA:59,0
DA:62,0
DA:64,0
DA:75,0
DA:81,0
DA:83,0
DA:85,0
DA:89,0
DA:93,0
DA:94,0
DA:98,0
DA:101,0
DA:105,0
DA:106,0
DA:108,0
DA:109,0
DA:110,0
DA:116,0
DA:120,0
DA:124,0
DA:127,0
DA:128,0
DA:132,0
DA:134,0
DA:136,0
DA:138,0
DA:140,0
DA:145,0
DA:148,0
DA:151,0
DA:158,0
DA:165,1
DA:166,1
DA:167,1
DA:228,1
LF:47
LH:13
BRDA:109,0,0,0
BRDA:109,0,1,0
BRDA:219,1,0,1
BRDA:219,1,1,0
BRDA:220,2,0,1
BRDA:220,2,1,0
BRF:6
BRH:2
end_of_record
TN:
SF:C:\Users\Shawn\Documents\revature\final-project-ui\client\app\components\SplashPage.tsx
FN:43,(anonymous_2)
FN:51,(anonymous_3)
FN:53,(anonymous_4)
FN:56,(anonymous_5)
FN:62,(anonymous_6)
FN:68,(anonymous_7)
FN:74,(anonymous_8)
FNF:7
FNH:4
FNDA:1,(anonymous_2)
FNDA:1,(anonymous_3)
FNDA:0,(anonymous_4)
FNDA:0,(anonymous_5)
FNDA:0,(anonymous_6)
FNDA:1,(anonymous_7)
FNDA:2,(anonymous_8)
DA:1,1
DA:2,1
DA:3,1
DA:4,1
DA:6,1
DA:43,1
DA:44,1
DA:51,1
DA:53,1
DA:54,0
DA:56,0
DA:61,0
DA:62,0
DA:68,1
DA:69,1
DA:74,1
DA:75,2
DA:76,2
DA:123,1
LF:19
LH:15
BRDA:57,0,0,0
BRDA:57,0,1,0
BRDA:58,1,0,0
BRDA:58,1,1,0
BRDA:61,2,0,0
BRDA:61,2,1,0
BRDA:63,3,0,0
BRDA:63,3,1,0
BRF:8
BRH:0
end_of_record
TN:
SF:C:\Users\Shawn\Documents\revature\final-project-ui\client\app\components\StorePage.tsx
FN:8,(anonymous_2)
FN:10,(anonymous_3)
FNF:2
FNH:2
FNDA:2,(anonymous_2)
FNDA:2,(anonymous_3)
DA:1,2
DA:2,2
DA:3,2
DA:4,2
DA:5,2
DA:6,2
DA:8,2
DA:10,2
DA:11,2
DA:81,2
LF:10
LH:10
BRF:0
BRH:0
end_of_record
TN:
SF:C:\Users\Shawn\Documents\revature\final-project-ui\client\app\components\TakeQuizPage.tsx
FN:55,(anonymous_2)
FN:65,(anonymous_3)
FN:66,(anonymous_4)
FN:70,(anonymous_5)
FN:72,(anonymous_6)
FN:72,(anonymous_7)
FN:79,(anonymous_8)
FN:79,(anonymous_9)
FN:103,(anonymous_10)
FN:103,(anonymous_11)
FN:129,(anonymous_12)
FN:137,(anonymous_13)
FN:162,(anonymous_14)
FN:234,(anonymous_15)
FN:260,(anonymous_16)
FN:260,(anonymous_17)
FN:281,(anonymous_18)
FN:332,(anonymous_19)
FN:396,(anonymous_20)
FNF:19
FNH:2
FNDA:1,(anonymous_2)
FNDA:0,(anonymous_3)
FNDA:0,(anonymous_4)
FNDA:0,(anonymous_5)
FNDA:0,(anonymous_6)
FNDA:0,(anonymous_7)
FNDA:0,(anonymous_8)
FNDA:0,(anonymous_9)
FNDA:0,(anonymous_10)
FNDA:0,(anonymous_11)
FNDA:0,(anonymous_12)
FNDA:0,(anonymous_13)
FNDA:0,(anonymous_14)
FNDA:0,(anonymous_15)
FNDA:0,(anonymous_16)
FNDA:0,(anonymous_17)
FNDA:1,(anonymous_18)
FNDA:0,(anonymous_19)
FNDA:0,(anonymous_20)
DA:1,1
DA:4,1
DA:5,1
DA:8,1
DA:17,1
DA:18,1
DA:22,1
DA:23,1
DA:24,1
DA:54,1
DA:56,1
DA:58,1
DA:62,1
DA:63,1
DA:65,1
DA:66,0
DA:70,1
DA:72,1
DA:73,0
DA:74,0
DA:79,1
DA:80,0
DA:81,0
DA:85,0
DA:89,0
DA:90,0
DA:91,0
DA:94,0
DA:95,0
DA:98,0
DA:103,1
DA:104,0
DA:105,0
DA:106,0
DA:110,0
DA:114,0
DA:115,0
DA:116,0
DA:119,0
DA:120,0
DA:123,0
DA:129,1
DA:133,0
DA:135,0
DA:136,0
DA:138,0
DA:139,0
DA:140,0
DA:141,0
DA:142,0
DA:146,0
DA:147,0
DA:148,0
DA:149,0
DA:153,0
DA:159,0
DA:161,0
DA:163,0
DA:164,0
DA:165,0
DA:166,0
DA:167,0
DA:171,0
DA:172,0
DA:177,0
DA:179,0
DA:180,0
DA:181,0
DA:186,0
DA:193,0
DA:194,0
DA:195,0
DA:196,0
DA:197,0
DA:198,0
DA:204,0
DA:207,0
DA:208,0
DA:209,0
DA:210,0
DA:217,0
DA:218,0
DA:219,0
DA:221,0
DA:222,0
DA:223,0
DA:229,0
DA:232,0
DA:233,0
DA:235,0
DA:236,0
DA:237,0
DA:238,0
DA:239,0
DA:243,0
DA:244,0
DA:245,0
DA:246,0
DA:250,0
DA:256,0
DA:260,1
DA:261,0
DA:262,0
DA:266,0
DA:270,0
DA:271,0
DA:274,0
DA:277,0
DA:281,1
DA:282,1
DA:283,1
DA:333,0
DA:396,1
DA:408,1
LF:114
LH:26
BRDA:81,0,0,0
BRDA:81,0,1,0
BRDA:82,1,0,0
BRDA:82,1,1,0
BRDA:85,2,0,0
BRDA:85,2,1,0
BRDA:86,3,0,0
BRDA:86,3,1,0
BRDA:91,4,0,0
BRDA:91,4,1,0
BRDA:106,5,0,0
BRDA:106,5,1,0
BRDA:107,6,0,0
BRDA:107,6,1,0
BRDA:110,7,0,0
BRDA:110,7,1,0
BRDA:111,8,0,0
BRDA:111,8,1,0
BRDA:116,9,0,0
BRDA:116,9,1,0
BRDA:134,10,0,0
BRDA:134,10,1,0
BRDA:134,10,2,0
BRDA:136,11,0,0
BRDA:136,11,1,0
BRDA:138,12,0,0
BRDA:138,12,1,0
BRDA:161,13,0,0
BRDA:161,13,1,0
BRDA:163,14,0,0
BRDA:163,14,1,0
BRDA:186,15,0,0
BRDA:186,15,1,0
BRDA:187,16,0,0
BRDA:187,16,1,0
BRDA:187,16,2,0
BRDA:194,17,0,0
BRDA:194,17,1,0
BRDA:219,18,0,0
BRDA:219,18,1,0
BRDA:226,19,0,0
BRDA:226,19,1,0
BRDA:233,20,0,0
BRDA:233,20,1,0
BRDA:235,21,0,0
BRDA:235,21,1,0
BRDA:262,22,0,0
BRDA:262,22,1,0
BRDA:263,23,0,0
BRDA:263,23,1,0
BRDA:266,24,0,0
BRDA:266,24,1,0
BRDA:267,25,0,0
BRDA:267,25,1,0
BRDA:271,26,0,0
BRDA:271,26,1,0
BRDA:285,27,0,1
BRDA:285,27,1,1
BRDA:288,28,0,1
BRDA:288,28,1,0
BRDA:307,29,0,0
BRDA:307,29,1,0
BRDA:348,30,0,0
BRDA:348,30,1,0
BRDA:364,31,0,0
BRDA:364,31,1,0
BRDA:373,32,0,0
BRDA:373,32,1,0
BRDA:399,33,0,0
BRDA:399,33,1,0
BRF:70
BRH:3
end_of_record
TN:
SF:C:\Users\Shawn\Documents\revature\final-project-ui\client\app\components\modals\DeleteQuizModal.tsx
FN:16,(anonymous_2)
FN:17,(anonymous_3)
FN:19,(anonymous_4)
FN:19,(anonymous_5)
FN:27,(anonymous_6)
FN:58,(anonymous_7)
FNF:6
FNH:0
FNDA:0,(anonymous_2)
FNDA:0,(anonymous_3)
FNDA:0,(anonymous_4)
FNDA:0,(anonymous_5)
FNDA:0,(anonymous_6)
FNDA:0,(anonymous_7)
DA:1,1
DA:2,1
DA:3,1
DA:4,1
DA:5,1
DA:6,1
DA:7,1
DA:16,1
DA:17,0
DA:19,0
DA:20,0
DA:21,0
DA:22,0
DA:23,0
DA:27,0
DA:28,0
DA:29,0
DA:30,0
DA:58,1
DA:63,1
LF:20
LH:10
BRF:0
BRH:0
end_of_record
TN:
SF:C:\Users\Shawn\Documents\revature\final-project-ui\client\app\components\modals\ReportQuestionModal.tsx
FN:16,(anonymous_2)
FN:17,(anonymous_3)
FN:23,(anonymous_4)
FN:26,(anonymous_5)
FN:31,(anonymous_6)
FN:42,(anonymous_7)
FN:90,(anonymous_8)
FNF:7
FNH:0
FNDA:0,(anonymous_2)
FNDA:0,(anonymous_3)
FNDA:0,(anonymous_4)
FNDA:0,(anonymous_5)
FNDA:0,(anonymous_6)
FNDA:0,(anonymous_7)
FNDA:0,(anonymous_8)
DA:1,1
DA:2,1
DA:4,1
DA:5,1
DA:6,1
DA:7,1
DA:16,1
DA:17,0
DA:19,0
DA:23,0
DA:24,0
DA:25,0
DA:26,0
DA:31,0
DA:32,0
DA:38,0
DA:42,0
DA:43,0
DA:90,1
DA:95,1
LF:20
LH:9
BRDA:32,0,0,0
BRDA:32,0,1,0
BRF:2
BRH:0
end_of_record
TN:
SF:C:\Users\Shawn\Documents\revature\final-project-ui\client\app\components\modals\ReportQuizModal.tsx
FN:14,(anonymous_2)
FN:15,(anonymous_3)
FN:21,(anonymous_4)
FN:24,(anonymous_5)
FN:32,(anonymous_6)
FN:43,(anonymous_7)
FN:92,(anonymous_8)
FNF:7
FNH:0
FNDA:0,(anonymous_2)
FNDA:0,(anonymous_3)
FNDA:0,(anonymous_4)
FNDA:0,(anonymous_5)
FNDA:0,(anonymous_6)
FNDA:0,(anonymous_7)
FNDA:0,(anonymous_8)
DA:1,1
DA:2,1
DA:4,1
DA:5,1
DA:6,1
DA:7,1
DA:14,1
DA:15,0
DA:17,0
DA:21,0
DA:22,0
DA:23,0
DA:24,0
DA:29,0
DA:30,0
DA:32,0
DA:33,0
DA:39,0
DA:43,0
DA:44,0
DA:92,1
DA:96,1
LF:22
LH:9
BRDA:33,0,0,0
BRDA:33,0,1,0
BRF:2
BRH:0
end_of_record
TN:
SF:C:\Users\Shawn\Documents\revature\final-project-ui\client\app\components\modals\SubmitQuizModal.tsx
FN:26,(anonymous_2)
FN:33,(anonymous_3)
FN:35,(anonymous_4)
FN:53,(anonymous_5)
FN:54,(anonymous_6)
FN:64,(anonymous_7)
FN:65,(anonymous_8)
FN:81,(anonymous_9)
FN:115,(anonymous_10)
FNF:9
FNH:0
FNDA:0,(anonymous_2)
FNDA:0,(anonymous_3)
FNDA:0,(anonymous_4)
FNDA:0,(anonymous_5)
FNDA:0,(anonymous_6)
FNDA:0,(anonymous_7)
FNDA:0,(anonymous_8)
FNDA:0,(anonymous_9)
FNDA:0,(anonymous_10)
DA:1,1
DA:2,1
DA:3,1
DA:4,1
DA:5,1
DA:6,1
DA:7,1
DA:25,1
DA:27,0
DA:30,0
DA:31,0
DA:33,0
DA:35,0
DA:36,0
DA:37,0
DA:38,0
DA:53,0
DA:54,0
DA:55,0
DA:61,0
DA:64,0
DA:65,0
DA:66,0
DA:67,0
DA:71,0
DA:74,0
DA:76,0
DA:77,0
DA:81,0
DA:82,0
DA:115,1
DA:125,1
LF:32
LH:10
BRDA:91,0,0,0
BRDA:91,0,1,0
BRDA:102,1,0,0
BRDA:102,1,1,0
BRDA:120,2,0,0
BRDA:120,2,1,0
BRF:6
BRH:0
end_of_record
TN:
SF:C:\Users\Shawn\Documents\revature\final-project-ui\client\app\constants\modaltypes.ts
FNF:0
FNH:0
DA:1,4
DA:2,4
DA:3,4
DA:4,4
LF:4
LH:4
BRF:0
BRH:0
end_of_record
TN:
SF:C:\Users\Shawn\Documents\revature\final-project-ui\client\app\helpers\helpers.ts
FN:2,(anonymous_0)
FN:10,(anonymous_1)
FN:18,(anonymous_2)
FN:20,(anonymous_3)
FN:23,(anonymous_4)
FNF:5
FNH:0
FNDA:0,(anonymous_0)
FNDA:0,(anonymous_1)
FNDA:0,(anonymous_2)
FNDA:0,(anonymous_3)
FNDA:0,(anonymous_4)
DA:2,2
DA:3,0
DA:4,0
DA:8,0
DA:10,0
DA:11,0
DA:12,0
DA:13,0
DA:18,2
DA:20,0
DA:23,0
DA:25,0
DA:27,0
DA:29,0
LF:14
LH:2
BRDA:4,0,0,0
BRDA:4,0,1,0
BRDA:5,1,0,0
BRDA:5,1,1,0
BRDA:13,2,0,0
BRDA:13,2,1,0
BRDA:20,3,0,0
BRDA:20,3,1,0
BRDA:25,4,0,0
BRDA:25,4,1,0
BRDA:25,5,0,0
BRDA:25,5,1,0
BRF:12
BRH:0
end_of_record
TN:
SF:C:\Users\Shawn\Documents\revature\final-project-ui\client\app\interceptors\auth.interceptor.ts
FN:3,(anonymous_1)
FNF:1
FNH:0
FNDA:0,(anonymous_1)
DA:1,16
DA:2,16
DA:3,16
DA:4,0
DA:5,0
LF:5
LH:3
BRF:0
BRH:0
end_of_record
TN:
SF:C:\Users\Shawn\Documents\revature\final-project-ui\client\app\tests\setupTests.ts
FNF:0
FNH:0
DA:1,25
DA:2,25
DA:4,25
LF:3
LH:3
BRF:0
BRH:0
end_of_record
TN:
SF:C:\Users\Shawn\Documents\revature\final-project-ui\client\public\icons\achievements-icon.svg
FN:3,SvgAchievementsIcon
FNF:1
FNH:0
FNDA:0,SvgAchievementsIcon
DA:2,1
DA:4,0
DA:9,1
LF:3
LH:2
BRF:0
BRH:0
end_of_record
TN:
SF:C:\Users\Shawn\Documents\revature\final-project-ui\client\public\icons\add-quiz-icon.svg
FN:3,SvgAddQuizIcon
FNF:1
FNH:0
FNDA:0,SvgAddQuizIcon
DA:2,1
DA:4,0
DA:9,1
LF:3
LH:2
BRF:0
BRH:0
end_of_record
TN:
SF:C:\Users\Shawn\Documents\revature\final-project-ui\client\public\icons\arrow-icon.svg
FN:3,SvgArrowIcon
FNF:1
FNH:0
FNDA:0,SvgArrowIcon
DA:2,1
DA:4,0
DA:9,1
LF:3
LH:2
BRF:0
BRH:0
end_of_record
TN:
SF:C:\Users\Shawn\Documents\revature\final-project-ui\client\public\icons\cart-icon.svg
FN:3,SvgCartIcon
FNF:1
FNH:0
FNDA:0,SvgCartIcon
DA:2,1
DA:4,0
DA:9,1
LF:3
LH:2
BRF:0
BRH:0
end_of_record
TN:
SF:C:\Users\Shawn\Documents\revature\final-project-ui\client\public\icons\coin-icon.svg
FN:3,SvgCoinIcon
FNF:1
FNH:0
FNDA:0,SvgCoinIcon
DA:2,5
DA:4,0
DA:9,5
LF:3
LH:2
BRF:0
BRH:0
end_of_record
TN:
SF:C:\Users\Shawn\Documents\revature\final-project-ui\client\public\icons\double-icon.svg
FN:3,SvgDoubleIcon
FNF:1
FNH:0
FNDA:0,SvgDoubleIcon
DA:2,3
DA:4,0
DA:9,3
LF:3
LH:2
BRF:0
BRH:0
end_of_record
TN:
SF:C:\Users\Shawn\Documents\revature\final-project-ui\client\public\icons\forgive-icon.svg
FN:3,SvgForgiveIcon
FNF:1
FNH:0
FNDA:0,SvgForgiveIcon
DA:2,3
DA:4,0
DA:9,3
LF:3
LH:2
BRF:0
BRH:0
end_of_record
TN:
SF:C:\Users\Shawn\Documents\revature\final-project-ui\client\public\icons\menu-icon.svg
FN:3,SvgMenuIcon
FNF:1
FNH:0
FNDA:0,SvgMenuIcon
DA:2,1
DA:4,0
DA:9,1
LF:3
LH:2
BRF:0
BRH:0
end_of_record
TN:
SF:C:\Users\Shawn\Documents\revature\final-project-ui\client\public\icons\mouse-icon.svg
FN:3,SvgMouseIcon
FNF:1
FNH:0
FNDA:0,SvgMouseIcon
DA:2,1
DA:4,0
DA:9,1
LF:3
LH:2
BRF:0
BRH:0
end_of_record
TN:
SF:C:\Users\Shawn\Documents\revature\final-project-ui\client\public\icons\parse-icon.svg
FN:3,SvgParseIcon
FNF:1
FNH:0
FNDA:0,SvgParseIcon
DA:2,3
DA:4,0
DA:9,3
LF:3
LH:2
BRF:0
BRH:0
end_of_record
TN:
SF:C:\Users\Shawn\Documents\revature\final-project-ui\client\public\icons\settings-icon.svg
FN:3,SvgSettingsIcon
FNF:1
FNH:0
FNDA:0,SvgSettingsIcon
DA:2,1
DA:4,0
DA:9,1
LF:3
LH:2
BRF:0
BRH:0
end_of_record
TN:
SF:C:\Users\Shawn\Documents\revature\final-project-ui\client\public\icons\view-quizzes-icon.svg
FN:3,SvgViewQuizzesIcon
FNF:1
FNH:0
FNDA:0,SvgViewQuizzesIcon
DA:2,1
DA:4,0
DA:9,1
LF:3
LH:2
BRF:0
BRH:0
end_of_record
